TN:
SF:src\app.module.ts
FNF:0
FNH:0
DA:1,0
DA:2,0
DA:3,0
DA:4,0
DA:5,0
DA:6,0
DA:7,0
DA:8,0
DA:9,0
DA:10,0
DA:11,0
DA:12,0
DA:13,0
DA:14,0
DA:15,0
DA:16,0
DA:28,0
DA:29,0
DA:30,0
DA:31,0
DA:32,0
DA:33,0
DA:42,0
DA:43,0
DA:45,0
DA:47,0
DA:48,0
DA:49,0
DA:50,0
DA:52,0
DA:55,0
DA:73,0
DA:76,0
DA:77,0
DA:80,0
DA:83,0
DA:84,0
DA:87,0
DA:90,0
DA:93,0
DA:102,0
DA:108,0
DA:114,0
DA:118,0
DA:122,0
DA:123,0
DA:234,0
LF:47
LH:0
BRDA:138,0,0,0
BRDA:138,0,1,0
BRDA:139,1,0,0
BRDA:139,1,1,0
BRDA:140,2,0,0
BRDA:140,2,1,0
BRDA:141,3,0,0
BRDA:141,3,1,0
BRDA:142,4,0,0
BRDA:142,4,1,0
BRDA:155,5,0,0
BRDA:155,5,1,0
BRDA:156,6,0,0
BRDA:156,6,1,0
BRDA:171,7,0,0
BRDA:171,7,1,0
BRDA:172,8,0,0
BRDA:172,8,1,0
BRDA:175,9,0,0
BRDA:175,9,1,0
BRDA:176,10,0,0
BRDA:176,10,1,0
BRDA:180,11,0,0
BRDA:180,11,1,0
BRF:24
BRH:0
end_of_record
TN:
SF:src\data-source.ts
FNF:0
FNH:0
DA:1,0
DA:2,0
DA:3,0
DA:6,0
DA:16,0
LF:5
LH:0
BRDA:18,0,0,0
BRDA:18,0,1,0
BRDA:19,1,0,0
BRDA:19,1,1,0
BRDA:20,2,0,0
BRDA:20,2,1,0
BRDA:21,3,0,0
BRDA:21,3,1,0
BRDA:22,4,0,0
BRDA:22,4,1,0
BRF:10
BRH:0
end_of_record
TN:
SF:src\main.ts
FN:19,validateEnvironment
FN:24,(anonymous_1)
FN:39,bootstrap
FN:96,(anonymous_3)
FN:125,(anonymous_4)
FN:163,(anonymous_5)
FNF:6
FNH:0
FNDA:0,validateEnvironment
FNDA:0,(anonymous_1)
FNDA:0,bootstrap
FNDA:0,(anonymous_3)
FNDA:0,(anonymous_4)
FNDA:0,(anonymous_5)
DA:1,0
DA:2,0
DA:3,0
DA:4,0
DA:5,0
DA:6,0
DA:7,0
DA:8,0
DA:9,0
DA:10,0
DA:11,0
DA:12,0
DA:13,0
DA:16,0
DA:20,0
DA:21,0
DA:22,0
DA:24,0
DA:25,0
DA:26,0
DA:30,0
DA:31,0
DA:32,0
DA:33,0
DA:36,0
DA:40,0
DA:41,0
DA:43,0
DA:44,0
DA:47,0
DA:52,0
DA:57,0
DA:58,0
DA:61,0
DA:68,0
DA:86,0
DA:87,0
DA:96,0
DA:97,0
DA:98,0
DA:103,0
DA:107,0
DA:113,0
DA:120,0
DA:122,0
DA:125,0
DA:126,0
DA:127,0
DA:132,0
DA:136,0
DA:162,0
DA:165,0
DA:166,0
DA:169,0
DA:177,0
DA:191,0
DA:192,0
DA:195,0
DA:198,0
DA:199,0
DA:200,0
DA:202,0
DA:203,0
DA:204,0
DA:205,0
DA:208,0
LF:66
LH:0
BRDA:25,0,0,0
BRDA:30,1,0,0
BRDA:57,2,0,0
BRDA:97,3,0,0
BRDA:126,4,0,0
BRDA:139,5,0,0
BRDA:139,5,1,0
BRDA:151,6,0,0
BRDA:151,6,1,0
BRDA:165,7,0,0
BRF:10
BRH:0
end_of_record
TN:
SF:src\seed.ts
FN:8,bootstrap
FNF:1
FNH:0
FNDA:0,bootstrap
DA:1,0
DA:2,0
DA:3,0
DA:5,0
DA:6,0
DA:9,0
DA:10,0
DA:11,0
DA:13,0
DA:16,0
DA:17,0
DA:19,0
DA:20,0
DA:21,0
DA:31,0
DA:34,0
DA:36,0
DA:38,0
DA:41,0
DA:44,0
LF:20
LH:0
BRDA:19,0,0,0
BRDA:19,0,1,0
BRF:2
BRH:0
end_of_record
TN:
SF:src\sync-db.ts
FN:3,syncDb
FNF:1
FNH:0
FNDA:0,syncDb
DA:1,0
DA:4,0
DA:5,0
DA:6,0
DA:9,0
DA:10,0
DA:12,0
DA:14,0
DA:15,0
DA:19,0
LF:10
LH:0
BRF:0
BRH:0
end_of_record
TN:
SF:src\migrations\1732883100000-AddNotificationCenterEnhancements.ts
FN:10,(anonymous_0)
FN:13,(anonymous_1)
FN:150,(anonymous_2)
FNF:3
FNH:0
FNDA:0,(anonymous_0)
FNDA:0,(anonymous_1)
FNDA:0,(anonymous_2)
DA:10,0
DA:11,0
DA:15,0
DA:24,0
DA:34,0
DA:44,0
DA:48,0
DA:53,0
DA:63,0
DA:72,0
DA:81,0
DA:91,0
DA:99,0
DA:105,0
DA:106,0
DA:114,0
DA:122,0
DA:130,0
DA:138,0
DA:146,0
DA:152,0
DA:153,0
DA:156,0
DA:157,0
DA:158,0
DA:159,0
DA:162,0
DA:163,0
LF:28
LH:0
BRDA:105,0,0,0
BRDA:105,0,1,0
BRDA:105,1,0,0
BRDA:105,1,1,0
BRDA:105,2,0,0
BRDA:105,2,1,0
BRF:6
BRH:0
end_of_record
TN:
SF:src\migrations\1732900000000-AddPerformanceIndexes.ts
FN:3,(anonymous_0)
FN:6,(anonymous_1)
FN:85,(anonymous_2)
FNF:3
FNH:0
FNDA:0,(anonymous_0)
FNDA:0,(anonymous_1)
FNDA:0,(anonymous_2)
DA:3,0
DA:4,0
DA:8,0
DA:12,0
DA:16,0
DA:20,0
DA:24,0
DA:28,0
DA:33,0
DA:37,0
DA:41,0
DA:46,0
DA:50,0
DA:55,0
DA:60,0
DA:72,0
DA:82,0
DA:87,0
DA:88,0
DA:89,0
DA:90,0
DA:91,0
DA:92,0
DA:93,0
DA:94,0
DA:95,0
DA:98,0
DA:99,0
DA:102,0
DA:105,0
DA:106,0
DA:107,0
DA:110,0
DA:111,0
DA:113,0
LF:35
LH:0
BRF:0
BRH:0
end_of_record
TN:
SF:src\migrations\1732924800000-AddTelegramSessionV7Fields.ts
FN:7,(anonymous_0)
FN:10,(anonymous_1)
FN:71,(anonymous_2)
FNF:3
FNH:0
FNDA:0,(anonymous_0)
FNDA:0,(anonymous_1)
FNDA:0,(anonymous_2)
DA:7,0
DA:8,0
DA:12,0
DA:17,0
DA:22,0
DA:27,0
DA:32,0
DA:37,0
DA:44,0
DA:52,0
DA:60,0
DA:65,0
DA:73,0
DA:74,0
DA:75,0
DA:76,0
DA:79,0
DA:80,0
DA:81,0
DA:82,0
DA:83,0
DA:84,0
LF:22
LH:0
BRF:0
BRH:0
end_of_record
TN:
SF:src\migrations\1732934400000-AddSlaEnhancementFields.ts
FN:3,(anonymous_0)
FN:6,(anonymous_1)
FN:62,(anonymous_2)
FNF:3
FNH:0
FNDA:0,(anonymous_0)
FNDA:0,(anonymous_1)
FNDA:0,(anonymous_2)
DA:1,0
DA:3,0
DA:4,0
DA:8,0
DA:15,0
DA:22,0
DA:29,0
DA:36,0
DA:43,0
DA:50,0
DA:57,0
DA:58,0
DA:59,0
DA:64,0
DA:65,0
DA:66,0
DA:69,0
DA:70,0
DA:71,0
DA:72,0
DA:73,0
DA:74,0
DA:75,0
LF:23
LH:0
BRF:0
BRH:0
end_of_record
TN:
SF:src\migrations\1733500000000-AddMissingIndexes.ts
FN:13,(anonymous_0)
FN:16,(anonymous_1)
FN:39,(anonymous_2)
FNF:3
FNH:0
FNDA:0,(anonymous_0)
FNDA:0,(anonymous_1)
FNDA:0,(anonymous_2)
DA:13,0
DA:14,0
DA:18,0
DA:19,0
DA:22,0
DA:23,0
DA:26,0
DA:27,0
DA:30,0
DA:31,0
DA:32,0
DA:35,0
DA:36,0
DA:40,0
DA:41,0
DA:42,0
DA:43,0
DA:44,0
DA:45,0
DA:46,0
DA:47,0
DA:48,0
DA:49,0
DA:50,0
LF:24
LH:0
BRF:0
BRH:0
end_of_record
TN:
SF:src\migrations\1733750000000-AddFullTextSearchIndex.ts
FN:12,(anonymous_0)
FN:15,(anonymous_1)
FN:46,(anonymous_2)
FNF:3
FNH:0
FNDA:0,(anonymous_0)
FNDA:0,(anonymous_1)
FNDA:0,(anonymous_2)
DA:12,0
DA:13,0
DA:18,0
DA:26,0
DA:32,0
DA:39,0
DA:47,0
DA:48,0
DA:49,0
DA:50,0
LF:10
LH:0
BRF:0
BRH:0
end_of_record
TN:
SF:src\migrations\1733760000000-AddKnowledgeBaseSearchIndex.ts
FN:11,(anonymous_0)
FN:14,(anonymous_1)
FN:44,(anonymous_2)
FNF:3
FNH:0
FNDA:0,(anonymous_0)
FNDA:0,(anonymous_1)
FNDA:0,(anonymous_2)
DA:11,0
DA:12,0
DA:17,0
DA:25,0
DA:31,0
DA:37,0
DA:45,0
DA:46,0
DA:47,0
DA:48,0
LF:10
LH:0
BRF:0
BRH:0
end_of_record
TN:
SF:src\migrations\1734768000000-AddMissingIndexes.ts
FN:12,(anonymous_0)
FN:15,(anonymous_1)
FN:64,(anonymous_2)
FNF:3
FNH:0
FNDA:0,(anonymous_0)
FNDA:0,(anonymous_1)
FNDA:0,(anonymous_2)
DA:12,0
DA:13,0
DA:17,0
DA:23,0
DA:29,0
DA:40,0
DA:51,0
DA:61,0
DA:65,0
DA:66,0
DA:67,0
DA:68,0
DA:69,0
DA:71,0
LF:14
LH:0
BRF:0
BRH:0
end_of_record
TN:
SF:src\migrations\1736162964000-UpdateSystemPresets.ts
FN:3,(anonymous_0)
FN:6,(anonymous_1)
FN:47,(anonymous_2)
FNF:3
FNH:0
FNDA:0,(anonymous_0)
FNDA:0,(anonymous_1)
FNDA:0,(anonymous_2)
DA:3,0
DA:4,0
DA:8,0
DA:17,0
DA:26,0
DA:35,0
DA:44,0
DA:49,0
DA:57,0
LF:9
LH:0
BRF:0
BRH:0
end_of_record
TN:
SF:src\migrations\1764945852953-Migration.ts
FN:3,(anonymous_0)
FN:6,(anonymous_1)
FN:26,(anonymous_2)
FNF:3
FNH:0
FNDA:0,(anonymous_0)
FNDA:0,(anonymous_1)
FNDA:0,(anonymous_2)
DA:3,0
DA:4,0
DA:9,0
DA:16,0
DA:17,0
DA:20,0
DA:23,0
DA:27,0
DA:28,0
LF:9
LH:0
BRDA:16,0,0,0
BRDA:16,0,1,0
BRF:2
BRH:0
end_of_record
TN:
SF:src\migrations\1765041800000-AddHardwareInstallation.ts
FN:3,(anonymous_0)
FN:6,(anonymous_1)
FN:24,(anonymous_2)
FNF:3
FNH:0
FNDA:0,(anonymous_0)
FNDA:0,(anonymous_1)
FNDA:0,(anonymous_2)
DA:3,0
DA:4,0
DA:8,0
DA:9,0
DA:10,0
DA:11,0
DA:12,0
DA:13,0
DA:14,0
DA:17,0
DA:18,0
DA:21,0
DA:26,0
DA:27,0
DA:28,0
DA:29,0
DA:30,0
DA:31,0
DA:32,0
LF:19
LH:0
BRF:0
BRH:0
end_of_record
TN:
SF:src\migrations\1775230430429-Migration.ts
FN:3,(anonymous_0)
FN:6,(anonymous_1)
FN:13,(anonymous_2)
FNF:3
FNH:0
FNDA:0,(anonymous_0)
FNDA:0,(anonymous_1)
FNDA:0,(anonymous_2)
DA:3,0
DA:4,0
DA:7,0
DA:8,0
DA:9,0
DA:10,0
DA:14,0
DA:15,0
DA:16,0
DA:17,0
LF:10
LH:0
BRF:0
BRH:0
end_of_record
TN:
SF:src\migrations\1776000000000-CreateHardwareRequestFoundation.ts
FN:4,(anonymous_0)
FN:9,(anonymous_1)
FN:108,(anonymous_2)
FNF:3
FNH:0
FNDA:0,(anonymous_0)
FNDA:0,(anonymous_1)
FNDA:0,(anonymous_2)
DA:4,0
DA:7,0
DA:10,0
DA:12,0
DA:16,0
DA:21,0
DA:29,0
DA:46,0
DA:75,0
DA:92,0
DA:109,0
DA:110,0
DA:111,0
DA:112,0
DA:113,0
DA:114,0
DA:115,0
LF:17
LH:0
BRF:0
BRH:0
end_of_record
TN:
SF:src\migrations\1776000100000-AddHardwareRequestComments.ts
FN:3,(anonymous_0)
FN:6,(anonymous_1)
FN:22,(anonymous_2)
FNF:3
FNH:0
FNDA:0,(anonymous_0)
FNDA:0,(anonymous_1)
FNDA:0,(anonymous_2)
DA:3,0
DA:4,0
DA:7,0
DA:23,0
LF:4
LH:0
BRF:0
BRH:0
end_of_record
TN:
SF:src\migrations\1776000200000-PortInstallationSchedule.ts
FN:3,(anonymous_0)
FN:6,(anonymous_1)
FN:14,(anonymous_2)
FN:28,(anonymous_3)
FN:98,(anonymous_4)
FNF:5
FNH:0
FNDA:0,(anonymous_0)
FNDA:0,(anonymous_1)
FNDA:0,(anonymous_2)
FNDA:0,(anonymous_3)
FNDA:0,(anonymous_4)
DA:3,0
DA:4,0
DA:7,0
DA:9,0
DA:10,0
DA:14,0
DA:17,0
DA:18,0
DA:22,0
DA:28,0
DA:29,0
DA:33,0
DA:34,0
DA:35,0
DA:36,0
DA:37,0
DA:38,0
DA:41,0
DA:49,0
DA:54,0
DA:59,0
DA:64,0
DA:68,0
DA:88,0
DA:92,0
DA:99,0
DA:100,0
DA:101,0
DA:105,0
LF:29
LH:0
BRDA:9,0,0,0
BRDA:9,0,1,0
BRDA:17,1,0,0
BRDA:17,2,0,0
BRDA:17,2,1,0
BRDA:28,3,0,0
BRDA:29,4,0,0
BRF:7
BRH:0
end_of_record
TN:
SF:src\migrations\1776000200500-AddHardwareAssets.ts
FN:3,(anonymous_0)
FN:6,(anonymous_1)
FN:23,(anonymous_2)
FNF:3
FNH:0
FNDA:0,(anonymous_0)
FNDA:0,(anonymous_1)
FNDA:0,(anonymous_2)
DA:3,0
DA:4,0
DA:7,0
DA:19,0
DA:20,0
DA:24,0
LF:6
LH:0
BRF:0
BRH:0
end_of_record
TN:
SF:src\migrations\1776000201000-InstallSchedulePartialUnique.ts
FN:3,(anonymous_0)
FN:6,(anonymous_1)
FN:14,(anonymous_2)
FNF:3
FNH:0
FNDA:0,(anonymous_0)
FNDA:0,(anonymous_1)
FNDA:0,(anonymous_2)
DA:3,0
DA:4,0
DA:7,0
DA:8,0
DA:15,0
DA:16,0
LF:6
LH:0
BRF:0
BRH:0
end_of_record
TN:
SF:src\migrations\1776000299000-PreflightIctBudgetCheck.ts
FN:3,(anonymous_0)
FN:6,(anonymous_1)
FN:60,(anonymous_2)
FNF:3
FNH:0
FNDA:0,(anonymous_0)
FNDA:0,(anonymous_1)
FNDA:0,(anonymous_2)
DA:3,0
DA:4,0
DA:7,0
DA:8,0
DA:9,0
DA:10,0
DA:13,0
DA:14,0
DA:16,0
DA:19,0
DA:20,0
DA:23,0
DA:24,0
DA:29,0
DA:34,0
DA:43,0
DA:45,0
DA:49,0
DA:52,0
DA:53,0
DA:57,0
DA:61,0
LF:22
LH:0
BRDA:8,0,0,0
BRDA:19,1,0,0
BRDA:23,2,0,0
BRDA:52,3,0,0
BRF:4
BRH:0
end_of_record
TN:
SF:src\migrations\1776000300000-MigrateIctBudgetData.ts
FN:3,(anonymous_0)
FN:6,(anonymous_1)
FN:84,(anonymous_2)
FNF:3
FNH:0
FNDA:0,(anonymous_0)
FNDA:0,(anonymous_1)
FNDA:0,(anonymous_2)
DA:3,0
DA:4,0
DA:7,0
DA:8,0
DA:10,0
DA:11,0
DA:12,0
DA:18,0
DA:19,0
DA:20,0
DA:21,0
DA:24,0
DA:25,0
DA:26,0
DA:29,0
DA:51,0
DA:54,0
DA:56,0
DA:57,0
DA:58,0
DA:74,0
DA:75,0
DA:76,0
DA:79,0
DA:80,0
LF:25
LH:0
BRDA:8,0,0,0
BRDA:11,1,0,0
BRDA:19,2,0,0
BRDA:57,3,0,0
BRDA:74,4,0,0
BRDA:79,5,0,0
BRF:6
BRH:0
end_of_record
TN:
SF:src\migrations\1776000300500-DropIctBudget.ts
FN:3,(anonymous_0)
FN:6,(anonymous_1)
FN:11,(anonymous_2)
FNF:3
FNH:0
FNDA:0,(anonymous_0)
FNDA:0,(anonymous_1)
FNDA:0,(anonymous_2)
DA:3,0
DA:4,0
DA:7,0
DA:8,0
LF:4
LH:0
BRF:0
BRH:0
end_of_record
TN:
SF:src\migrations\1776000301000-CleanupTicketingSchedule.ts
FN:3,(anonymous_0)
FN:6,(anonymous_1)
FN:17,(anonymous_2)
FNF:3
FNH:0
FNDA:0,(anonymous_0)
FNDA:0,(anonymous_1)
FNDA:0,(anonymous_2)
DA:3,0
DA:4,0
DA:8,0
DA:12,0
DA:13,0
LF:5
LH:0
BRDA:12,0,0,0
BRF:1
BRH:0
end_of_record
TN:
SF:src\migrations\1776000302000-SeedHardwareCatalog.ts
FN:3,(anonymous_0)
FN:6,(anonymous_1)
FN:32,(anonymous_2)
FNF:3
FNH:0
FNDA:0,(anonymous_0)
FNDA:0,(anonymous_1)
FNDA:0,(anonymous_2)
DA:3,0
DA:4,0
DA:7,0
DA:20,0
DA:21,0
DA:22,0
DA:28,0
DA:33,0
LF:8
LH:0
BRF:0
BRH:0
end_of_record
TN:
SF:src\modules\access-request\access-request.controller.ts
FN:31,(anonymous_4)
FN:35,(anonymous_5)
FN:44,(anonymous_6)
FN:53,(anonymous_7)
FN:59,(anonymous_8)
FN:65,(anonymous_9)
FN:71,(anonymous_10)
FN:87,(anonymous_11)
FN:98,(anonymous_12)
FN:109,(anonymous_13)
FN:120,(anonymous_14)
FN:154,(anonymous_15)
FN:164,(anonymous_16)
FN:175,(anonymous_17)
FN:81,(anonymous_18)
FN:82,(anonymous_19)
FN:139,(anonymous_20)
FN:145,(anonymous_21)
FNF:18
FNH:0
FNDA:0,(anonymous_4)
FNDA:0,(anonymous_5)
FNDA:0,(anonymous_6)
FNDA:0,(anonymous_7)
FNDA:0,(anonymous_8)
FNDA:0,(anonymous_9)
FNDA:0,(anonymous_10)
FNDA:0,(anonymous_11)
FNDA:0,(anonymous_12)
FNDA:0,(anonymous_13)
FNDA:0,(anonymous_14)
FNDA:0,(anonymous_15)
FNDA:0,(anonymous_16)
FNDA:0,(anonymous_17)
FNDA:0,(anonymous_18)
FNDA:0,(anonymous_19)
FNDA:0,(anonymous_20)
FNDA:0,(anonymous_21)
DA:1,0
DA:15,0
DA:16,0
DA:17,0
DA:18,0
DA:19,0
DA:20,0
DA:21,0
DA:22,0
DA:23,0
DA:24,0
DA:30,0
DA:31,0
DA:35,0
DA:36,0
DA:44,0
DA:48,0
DA:53,0
DA:54,0
DA:59,0
DA:60,0
DA:65,0
DA:66,0
DA:71,0
DA:72,0
DA:82,0
DA:83,0
DA:87,0
DA:91,0
DA:92,0
DA:98,0
DA:103,0
DA:109,0
DA:114,0
DA:120,0
DA:125,0
DA:140,0
DA:141,0
DA:142,0
DA:147,0
DA:148,0
DA:150,0
DA:154,0
DA:158,0
DA:159,0
DA:164,0
DA:169,0
DA:175,0
DA:180,0
LF:49
LH:0
BRDA:147,0,0,0
BRDA:147,0,1,0
BRF:2
BRH:0
end_of_record
TN:
SF:src\modules\access-request\access-request.module.ts
FNF:0
FNH:0
DA:1,0
DA:2,0
DA:3,0
DA:4,0
DA:5,0
DA:6,0
DA:7,0
DA:8,0
DA:9,0
DA:10,0
DA:22,0
LF:11
LH:0
BRF:0
BRH:0
end_of_record
TN:
SF:src\modules\access-request\access-request.service.ts
FN:15,(anonymous_4)
FN:28,(anonymous_5)
FN:69,(anonymous_6)
FN:87,(anonymous_7)
FN:94,(anonymous_8)
FN:105,(anonymous_9)
FN:112,(anonymous_10)
FN:125,(anonymous_11)
FN:142,(anonymous_12)
FN:157,(anonymous_13)
FN:181,(anonymous_14)
FN:199,(anonymous_15)
FN:209,(anonymous_16)
FN:223,(anonymous_17)
FNF:14
FNH:0
FNDA:0,(anonymous_4)
FNDA:0,(anonymous_5)
FNDA:0,(anonymous_6)
FNDA:0,(anonymous_7)
FNDA:0,(anonymous_8)
FNDA:0,(anonymous_9)
FNDA:0,(anonymous_10)
FNDA:0,(anonymous_11)
FNDA:0,(anonymous_12)
FNDA:0,(anonymous_13)
FNDA:0,(anonymous_14)
FNDA:0,(anonymous_15)
FNDA:0,(anonymous_16)
FNDA:0,(anonymous_17)
DA:1,0
DA:2,0
DA:3,0
DA:4,0
DA:5,0
DA:6,0
DA:7,0
DA:9,0
DA:10,0
DA:11,0
DA:14,0
DA:16,0
DA:18,0
DA:20,0
DA:22,0
DA:24,0
DA:25,0
DA:29,0
DA:30,0
DA:32,0
DA:33,0
DA:36,0
DA:47,0
DA:50,0
DA:62,0
DA:64,0
DA:66,0
DA:70,0
DA:76,0
DA:77,0
DA:80,0
DA:81,0
DA:84,0
DA:88,0
DA:95,0
DA:99,0
DA:100,0
DA:102,0
DA:106,0
DA:113,0
DA:115,0
DA:116,0
DA:119,0
DA:120,0
DA:122,0
DA:126,0
DA:128,0
DA:129,0
DA:132,0
DA:133,0
DA:134,0
DA:137,0
DA:139,0
DA:143,0
DA:145,0
DA:146,0
DA:149,0
DA:150,0
DA:151,0
DA:152,0
DA:154,0
DA:158,0
DA:160,0
DA:161,0
DA:164,0
DA:165,0
DA:166,0
DA:169,0
DA:174,0
DA:176,0
DA:178,0
DA:182,0
DA:184,0
DA:185,0
DA:186,0
DA:187,0
DA:190,0
DA:192,0
DA:200,0
DA:201,0
DA:202,0
DA:205,0
DA:206,0
DA:210,0
DA:211,0
DA:212,0
DA:215,0
DA:234,0
DA:235,0
DA:236,0
DA:239,0
DA:241,0
DA:242,0
DA:243,0
DA:244,0
DA:245,0
DA:247,0
DA:249,0
DA:265,0
LF:99
LH:0
BRDA:30,0,0,0
BRDA:33,1,0,0
BRDA:37,2,0,0
BRDA:37,2,1,0
BRDA:38,3,0,0
BRDA:38,3,1,0
BRDA:56,4,0,0
BRDA:56,4,1,0
BRDA:57,5,0,0
BRDA:57,5,1,0
BRDA:69,6,0,0
BRDA:76,7,0,0
BRDA:80,8,0,0
BRDA:99,9,0,0
BRDA:115,10,0,0
BRDA:128,11,0,0
BRDA:145,12,0,0
BRDA:160,13,0,0
BRDA:201,14,0,0
BRDA:211,15,0,0
BRDA:235,16,0,0
BRDA:241,17,0,0
BRDA:242,18,0,0
BRDA:243,19,0,0
BRDA:244,20,0,0
BRDA:245,21,0,0
BRF:26
BRH:0
end_of_record
TN:
SF:src\modules\access-request\dto\access-request.dto.ts
FNF:0
FNH:0
DA:1,0
DA:3,0
DA:5,0
DA:9,0
DA:12,0
DA:16,0
DA:20,0
DA:24,0
DA:29,0
DA:33,0
DA:36,0
DA:38,0
DA:41,0
DA:43,0
DA:46,0
DA:48,0
LF:16
LH:0
BRF:0
BRH:0
end_of_record
TN:
SF:src\modules\access-request\dto\index.ts
FNF:0
FNH:0
DA:1,0
LF:1
LH:0
BRF:0
BRH:0
end_of_record
TN:
SF:src\modules\access-request\entities\access-request.entity.ts
FN:14,(anonymous_2)
FN:31,(anonymous_3)
FN:38,(anonymous_4)
FN:75,(anonymous_5)
FNF:4
FNH:0
FNDA:0,(anonymous_2)
FNDA:0,(anonymous_3)
FNDA:0,(anonymous_4)
FNDA:0,(anonymous_5)
DA:1,0
DA:10,0
DA:11,0
DA:12,0
DA:14,0
DA:15,0
DA:16,0
DA:17,0
DA:18,0
DA:19,0
DA:20,0
DA:24,0
DA:26,0
DA:29,0
DA:31,0
DA:33,0
DA:36,0
DA:38,0
DA:40,0
DA:44,0
DA:47,0
DA:50,0
DA:53,0
DA:56,0
DA:60,0
DA:63,0
DA:66,0
DA:69,0
DA:73,0
DA:75,0
DA:77,0
DA:80,0
DA:83,0
DA:87,0
DA:90,0
DA:97,0
DA:100,0
DA:103,0
LF:38
LH:0
BRDA:14,0,0,0
BRDA:14,0,1,0
BRF:2
BRH:0
end_of_record
TN:
SF:src\modules\access-request\entities\access-type.entity.ts
FN:41,(anonymous_2)
FNF:1
FNH:0
FNDA:0,(anonymous_2)
DA:1,0
DA:10,0
DA:13,0
DA:15,0
DA:18,0
DA:21,0
DA:24,0
DA:27,0
DA:30,0
DA:33,0
DA:36,0
DA:39,0
DA:41,0
DA:43,0
DA:46,0
DA:49,0
DA:52,0
LF:17
LH:0
BRF:0
BRH:0
end_of_record
TN:
SF:src\modules\audit\audit.controller.ts
FN:16,(anonymous_4)
FN:30,(anonymous_5)
FN:57,(anonymous_6)
FN:70,(anonymous_7)
FN:98,(anonymous_8)
FN:122,(anonymous_9)
FN:129,(anonymous_10)
FN:140,(anonymous_11)
FNF:8
FNH:0
FNDA:0,(anonymous_4)
FNDA:0,(anonymous_5)
FNDA:0,(anonymous_6)
FNDA:0,(anonymous_7)
FNDA:0,(anonymous_8)
FNDA:0,(anonymous_9)
FNDA:0,(anonymous_10)
FNDA:0,(anonymous_11)
DA:1,0
DA:2,0
DA:4,0
DA:5,0
DA:6,0
DA:7,0
DA:8,0
DA:9,0
DA:15,0
DA:16,0
DA:30,0
DA:41,0
DA:57,0
DA:58,0
DA:70,0
DA:78,0
DA:86,0
DA:87,0
DA:98,0
DA:106,0
DA:114,0
DA:115,0
DA:116,0
DA:122,0
DA:123,0
DA:129,0
DA:133,0
DA:140,0
DA:141,0
LF:29
LH:0
BRDA:46,0,0,0
BRDA:46,0,1,0
BRDA:47,1,0,0
BRDA:47,1,1,0
BRDA:49,2,0,0
BRDA:49,2,1,0
BRDA:50,3,0,0
BRDA:50,3,1,0
BRDA:82,4,0,0
BRDA:82,4,1,0
BRDA:83,5,0,0
BRDA:83,5,1,0
BRDA:110,6,0,0
BRDA:110,6,1,0
BRDA:111,7,0,0
BRDA:111,7,1,0
BRDA:141,8,0,0
BRDA:141,8,1,0
BRF:18
BRH:0
end_of_record
TN:
SF:src\modules\audit\audit.module.ts
FNF:0
FNH:0
DA:1,0
DA:2,0
DA:3,0
DA:4,0
DA:5,0
DA:14,0
LF:6
LH:0
BRF:0
BRH:0
end_of_record
TN:
SF:src\modules\audit\audit.service.ts
FN:43,(anonymous_5)
FN:51,(anonymous_6)
FN:75,(anonymous_7)
FN:76,(anonymous_8)
FN:88,(anonymous_9)
FN:158,(anonymous_10)
FN:203,(anonymous_11)
FN:220,(anonymous_12)
FN:226,(anonymous_13)
FN:239,(anonymous_14)
FN:239,(anonymous_15)
FN:251,(anonymous_16)
FN:265,(anonymous_17)
FN:286,(anonymous_18)
FN:296,(anonymous_19)
FN:320,(anonymous_20)
FN:321,(anonymous_21)
FN:324,(anonymous_22)
FN:332,(anonymous_23)
FN:340,(anonymous_24)
FNF:20
FNH:0
FNDA:0,(anonymous_5)
FNDA:0,(anonymous_6)
FNDA:0,(anonymous_7)
FNDA:0,(anonymous_8)
FNDA:0,(anonymous_9)
FNDA:0,(anonymous_10)
FNDA:0,(anonymous_11)
FNDA:0,(anonymous_12)
FNDA:0,(anonymous_13)
FNDA:0,(anonymous_14)
FNDA:0,(anonymous_15)
FNDA:0,(anonymous_16)
FNDA:0,(anonymous_17)
FNDA:0,(anonymous_18)
FNDA:0,(anonymous_19)
FNDA:0,(anonymous_20)
FNDA:0,(anonymous_21)
FNDA:0,(anonymous_22)
FNDA:0,(anonymous_23)
FNDA:0,(anonymous_24)
DA:1,0
DA:2,0
DA:3,0
DA:4,0
DA:6,0
DA:40,0
DA:41,0
DA:45,0
DA:52,0
DA:54,0
DA:66,0
DA:67,0
DA:68,0
DA:76,0
DA:77,0
DA:78,0
DA:80,0
DA:99,0
DA:101,0
DA:106,0
DA:107,0
DA:110,0
DA:111,0
DA:114,0
DA:115,0
DA:118,0
DA:119,0
DA:122,0
DA:123,0
DA:126,0
DA:127,0
DA:131,0
DA:132,0
DA:138,0
DA:139,0
DA:140,0
DA:142,0
DA:144,0
DA:159,0
DA:160,0
DA:161,0
DA:164,0
DA:167,0
DA:175,0
DA:184,0
DA:192,0
DA:193,0
DA:203,0
DA:208,0
DA:222,0
DA:223,0
DA:225,0
DA:226,0
DA:237,0
DA:239,0
DA:242,0
DA:253,0
DA:254,0
DA:256,0
DA:257,0
DA:258,0
DA:260,0
DA:263,0
DA:264,0
DA:265,0
DA:266,0
DA:267,0
DA:268,0
DA:272,0
DA:273,0
DA:286,0
DA:287,0
DA:290,0
DA:297,0
DA:298,0
DA:299,0
DA:301,0
DA:310,0
DA:311,0
DA:312,0
DA:313,0
DA:314,0
DA:316,0
DA:319,0
DA:320,0
DA:321,0
DA:325,0
DA:333,0
DA:341,0
DA:342,0
DA:343,0
DA:345,0
LF:92
LH:0
BRDA:62,0,0,0
BRDA:62,0,1,0
BRDA:63,1,0,0
BRDA:63,1,1,0
BRDA:63,2,0,0
BRDA:63,2,1,0
BRDA:63,3,0,0
BRDA:63,3,1,0
BRDA:88,4,0,0
BRDA:97,5,0,0
BRDA:98,6,0,0
BRDA:106,7,0,0
BRDA:110,8,0,0
BRDA:114,9,0,0
BRDA:118,10,0,0
BRDA:122,11,0,0
BRDA:126,12,0,0
BRDA:131,13,0,0
BRDA:220,14,0,0
BRDA:228,15,0,0
BRDA:228,15,1,0
BRDA:228,16,0,0
BRDA:228,16,1,0
BRDA:228,17,0,0
BRDA:228,17,1,0
BRDA:229,18,0,0
BRDA:229,18,1,0
BRDA:229,19,0,0
BRDA:229,19,1,0
BRDA:229,20,0,0
BRDA:229,20,1,0
BRDA:232,21,0,0
BRDA:232,21,1,0
BRDA:233,22,0,0
BRDA:233,22,1,0
BRDA:234,23,0,0
BRDA:234,23,1,0
BRDA:251,24,0,0
BRDA:275,25,0,0
BRDA:275,25,1,0
BRDA:275,26,0,0
BRDA:275,26,1,0
BRDA:275,27,0,0
BRDA:275,27,1,0
BRDA:276,28,0,0
BRDA:276,28,1,0
BRDA:276,29,0,0
BRDA:276,29,1,0
BRDA:276,30,0,0
BRDA:276,30,1,0
BRDA:279,31,0,0
BRDA:279,31,1,0
BRDA:280,32,0,0
BRDA:280,32,1,0
BRDA:281,33,0,0
BRDA:281,33,1,0
BRDA:313,34,0,0
BRDA:332,35,0,0
BRDA:342,36,0,0
BRDA:345,37,0,0
BRDA:345,37,1,0
BRDA:345,37,2,0
BRDA:345,38,0,0
BRDA:345,38,1,0
BRDA:345,39,0,0
BRDA:345,39,1,0
BRF:66
BRH:0
end_of_record
TN:
SF:src\modules\audit\index.ts
FNF:0
FNH:0
DA:1,0
DA:2,0
DA:3,0
LF:3
LH:0
BRF:0
BRH:0
end_of_record
TN:
SF:src\modules\audit\entities\audit-log.entity.ts
FN:12,(anonymous_2)
FN:149,(anonymous_3)
FN:167,(anonymous_4)
FNF:3
FNH:0
FNDA:0,(anonymous_2)
FNDA:0,(anonymous_3)
FNDA:0,(anonymous_4)
DA:1,0
DA:10,0
DA:12,0
DA:14,0
DA:15,0
DA:16,0
DA:17,0
DA:18,0
DA:21,0
DA:22,0
DA:23,0
DA:24,0
DA:25,0
DA:26,0
DA:29,0
DA:30,0
DA:31,0
DA:32,0
DA:33,0
DA:34,0
DA:35,0
DA:36,0
DA:37,0
DA:38,0
DA:41,0
DA:42,0
DA:43,0
DA:44,0
DA:47,0
DA:48,0
DA:51,0
DA:52,0
DA:53,0
DA:56,0
DA:57,0
DA:58,0
DA:61,0
DA:62,0
DA:65,0
DA:66,0
DA:69,0
DA:70,0
DA:71,0
DA:72,0
DA:75,0
DA:76,0
DA:77,0
DA:78,0
DA:81,0
DA:82,0
DA:83,0
DA:86,0
DA:87,0
DA:88,0
DA:91,0
DA:92,0
DA:95,0
DA:96,0
DA:97,0
DA:100,0
DA:103,0
DA:104,0
DA:105,0
DA:106,0
DA:109,0
DA:110,0
DA:111,0
DA:114,0
DA:115,0
DA:118,0
DA:119,0
DA:120,0
DA:123,0
DA:124,0
DA:125,0
DA:126,0
DA:129,0
DA:130,0
DA:131,0
DA:132,0
DA:133,0
DA:134,0
DA:135,0
DA:136,0
DA:139,0
DA:142,0
DA:143,0
DA:146,0
DA:149,0
DA:150,0
DA:151,0
DA:152,0
DA:153,0
DA:160,0
DA:162,0
DA:165,0
DA:167,0
DA:169,0
DA:172,0
DA:175,0
DA:178,0
DA:181,0
DA:184,0
DA:187,0
DA:190,0
DA:197,0
DA:200,0
DA:203,0
LF:108
LH:0
BRDA:12,0,0,0
BRDA:12,0,1,0
BRDA:149,1,0,0
BRDA:149,1,1,0
BRF:4
BRH:0
end_of_record
TN:
SF:src\modules\auth\auth.module.ts
FN:36,(anonymous_1)
FNF:1
FNH:0
FNDA:0,(anonymous_1)
DA:1,0
DA:2,0
DA:3,0
DA:4,0
DA:5,0
DA:6,0
DA:7,0
DA:8,0
DA:9,0
DA:10,0
DA:13,0
DA:14,0
DA:16,0
DA:17,0
DA:18,0
DA:19,0
DA:22,0
DA:23,0
DA:24,0
DA:25,0
DA:37,0
DA:38,0
DA:39,0
DA:41,0
DA:55,0
LF:25
LH:0
BRDA:16,0,0,0
BRDA:22,1,0,0
BRDA:38,2,0,0
BRF:3
BRH:0
end_of_record
TN:
SF:src\modules\auth\application\auth.service.ts
FN:21,(anonymous_3)
FN:27,(anonymous_4)
FN:58,(anonymous_5)
FN:126,(anonymous_6)
FN:140,(anonymous_7)
FN:144,(anonymous_8)
FN:177,(anonymous_9)
FN:192,(anonymous_10)
FN:206,(anonymous_11)
FNF:9
FNH:0
FNDA:0,(anonymous_3)
FNDA:0,(anonymous_4)
FNDA:0,(anonymous_5)
FNDA:0,(anonymous_6)
FNDA:0,(anonymous_7)
FNDA:0,(anonymous_8)
FNDA:0,(anonymous_9)
FNDA:0,(anonymous_10)
FNDA:0,(anonymous_11)
DA:1,0
DA:2,0
DA:5,0
DA:6,0
DA:7,0
DA:8,0
DA:10,0
DA:20,0
DA:22,0
DA:23,0
DA:24,0
DA:28,0
DA:29,0
DA:30,0
DA:33,0
DA:34,0
DA:35,0
DA:38,0
DA:39,0
DA:42,0
DA:51,0
DA:59,0
DA:62,0
DA:64,0
DA:73,0
DA:80,0
DA:82,0
DA:92,0
DA:99,0
DA:100,0
DA:102,0
DA:112,0
DA:119,0
DA:120,0
DA:127,0
DA:128,0
DA:129,0
DA:130,0
DA:132,0
DA:141,0
DA:145,0
DA:146,0
DA:147,0
DA:148,0
DA:151,0
DA:153,0
DA:154,0
DA:156,0
DA:159,0
DA:169,0
DA:178,0
DA:179,0
DA:180,0
DA:182,0
DA:183,0
DA:186,0
DA:188,0
DA:193,0
DA:194,0
DA:195,0
DA:207,0
LF:61
LH:0
BRDA:29,0,0,0
BRDA:33,1,0,0
BRDA:33,1,1,0
BRDA:34,2,0,0
BRDA:62,3,0,0
BRDA:80,4,0,0
BRDA:80,5,0,0
BRDA:80,5,1,0
BRDA:99,6,0,0
BRDA:99,6,1,0
BRDA:100,7,0,0
BRDA:128,8,0,0
BRDA:128,9,0,0
BRDA:128,9,1,0
BRDA:128,10,0,0
BRDA:128,10,1,0
BRDA:180,11,0,0
BRDA:183,12,0,0
BRDA:193,13,0,0
BRDA:193,14,0,0
BRDA:193,14,1,0
BRDA:209,15,0,0
BRDA:209,15,1,0
BRF:23
BRH:0
end_of_record
TN:
SF:src\modules\auth\domain\user.entity.ts
FN:1,(anonymous_0)
FN:15,(anonymous_1)
FNF:2
FNH:0
FNDA:0,(anonymous_0)
FNDA:0,(anonymous_1)
DA:1,0
DA:2,0
DA:3,0
DA:6,0
DA:16,0
LF:5
LH:0
BRDA:1,0,0,0
BRDA:1,0,1,0
BRF:2
BRH:0
end_of_record
TN:
SF:src\modules\auth\infrastructure\guards\jwt-auth.guard.ts
FN:10,(anonymous_2)
FN:14,(anonymous_3)
FN:25,(anonymous_4)
FNF:3
FNH:0
FNDA:0,(anonymous_2)
FNDA:0,(anonymous_3)
FNDA:0,(anonymous_4)
DA:1,1
DA:2,1
DA:3,1
DA:4,1
DA:7,1
DA:8,0
DA:10,0
DA:11,0
DA:15,0
DA:19,0
DA:20,0
DA:22,0
DA:26,0
DA:28,0
DA:29,0
DA:31,0
LF:16
LH:5
BRDA:19,0,0,0
BRDA:26,1,0,0
BRDA:26,2,0,0
BRDA:26,2,1,0
BRDA:28,3,0,0
BRDA:28,3,1,0
BRDA:28,4,0,0
BRDA:28,4,1,0
BRDA:28,5,0,0
BRDA:28,5,1,0
BRDA:28,6,0,0
BRDA:28,6,1,0
BRDA:29,7,0,0
BRDA:29,7,1,0
BRF:14
BRH:0
end_of_record
TN:
SF:src\modules\auth\infrastructure\guards\local-auth.guard.ts
FNF:0
FNH:0
DA:1,0
DA:2,0
DA:5,0
LF:3
LH:0
BRF:0
BRH:0
end_of_record
TN:
SF:src\modules\auth\infrastructure\strategies\jwt.strategy.ts
FN:10,(anonymous_2)
FN:33,(anonymous_3)
FN:47,(anonymous_4)
FNF:3
FNH:0
FNDA:0,(anonymous_2)
FNDA:0,(anonymous_3)
FNDA:0,(anonymous_4)
DA:1,0
DA:2,0
DA:3,0
DA:10,0
DA:11,0
DA:14,0
DA:15,0
DA:19,0
DA:20,0
DA:21,0
DA:22,0
DA:26,0
DA:30,0
DA:31,0
DA:35,0
DA:36,0
DA:37,0
DA:40,0
DA:48,0
DA:49,0
DA:53,0
DA:54,0
DA:57,0
LF:23
LH:0
BRDA:14,0,0,0
BRDA:14,1,0,0
BRDA:14,1,1,0
BRDA:19,2,0,0
BRDA:19,3,0,0
BRDA:19,3,1,0
BRDA:21,4,0,0
BRDA:21,5,0,0
BRDA:21,5,1,0
BRDA:36,6,0,0
BRDA:48,7,0,0
BRDA:48,8,0,0
BRDA:48,8,1,0
BRDA:53,9,0,0
BRF:14
BRH:0
end_of_record
TN:
SF:src\modules\auth\infrastructure\strategies\local.strategy.ts
FN:8,(anonymous_2)
FN:22,(anonymous_3)
FN:28,(anonymous_4)
FNF:3
FNH:0
FNDA:0,(anonymous_2)
FNDA:0,(anonymous_3)
FNDA:0,(anonymous_4)
DA:1,0
DA:2,0
DA:3,0
DA:4,0
DA:9,0
DA:21,0
DA:22,0
DA:23,0
DA:29,0
DA:31,0
DA:32,0
DA:34,0
DA:39,0
DA:44,0
DA:49,0
DA:53,0
LF:16
LH:0
BRDA:31,0,0,0
BRDA:32,1,0,0
BRDA:32,1,1,0
BRDA:32,1,2,0
BRDA:32,1,3,0
BRF:5
BRH:0
end_of_record
TN:
SF:src\modules\auth\presentation\auth.controller.ts
FN:24,(anonymous_4)
FN:31,(anonymous_5)
FN:67,(anonymous_6)
FN:91,(anonymous_7)
FN:120,(anonymous_8)
FN:128,(anonymous_9)
FN:140,(anonymous_10)
FN:148,(anonymous_11)
FNF:8
FNH:0
FNDA:0,(anonymous_4)
FNDA:0,(anonymous_5)
FNDA:0,(anonymous_6)
FNDA:0,(anonymous_7)
FNDA:0,(anonymous_8)
FNDA:0,(anonymous_9)
FNDA:0,(anonymous_10)
FNDA:0,(anonymous_11)
DA:1,0
DA:3,0
DA:4,0
DA:5,0
DA:6,0
DA:7,0
DA:8,0
DA:9,0
DA:10,0
DA:13,0
DA:14,0
DA:23,0
DA:24,0
DA:31,0
DA:32,0
DA:35,0
DA:36,0
DA:39,0
DA:45,0
DA:52,0
DA:55,0
DA:67,0
DA:68,0
DA:71,0
DA:77,0
DA:84,0
DA:91,0
DA:92,0
DA:93,0
DA:94,0
DA:97,0
DA:99,0
DA:100,0
DA:105,0
DA:110,0
DA:120,0
DA:121,0
DA:122,0
DA:128,0
DA:129,0
DA:140,0
DA:141,0
DA:149,0
DA:150,0
DA:151,0
DA:154,0
DA:155,0
DA:157,0
DA:158,0
DA:159,0
DA:160,0
DA:161,0
DA:162,0
LF:53
LH:0
BRDA:92,0,0,0
BRDA:92,0,1,0
BRDA:92,1,0,0
BRDA:92,1,1,0
BRDA:93,2,0,0
BRDA:150,3,0,0
BRDA:157,4,0,0
BRDA:157,4,1,0
BRDA:157,4,2,0
BRDA:157,4,3,0
BRDA:157,4,4,0
BRF:11
BRH:0
end_of_record
TN:
SF:src\modules\auth\presentation\dto\change-password.dto.ts
FNF:0
FNH:0
DA:1,0
DA:2,0
DA:4,0
DA:7,0
DA:12,0
LF:5
LH:0
BRF:0
BRH:0
end_of_record
TN:
SF:src\modules\auth\presentation\dto\register.dto.ts
FNF:0
FNH:0
DA:1,0
DA:2,0
DA:4,0
DA:7,0
DA:12,0
DA:16,0
DA:20,0
LF:7
LH:0
BRF:0
BRH:0
end_of_record
TN:
SF:src\modules\automation\automation.module.ts
FNF:0
FNH:0
DA:1,0
DA:2,0
DA:3,0
DA:6,0
DA:7,0
DA:8,0
DA:9,0
DA:10,0
DA:13,0
DA:14,0
DA:15,0
DA:16,0
DA:19,0
DA:22,0
DA:23,0
DA:56,0
LF:16
LH:0
BRF:0
BRH:0
end_of_record
TN:
SF:src\modules\automation\controllers\workflow-rule.controller.ts
FN:35,(anonymous_4)
FN:45,(anonymous_5)
FN:54,(anonymous_6)
FN:63,(anonymous_7)
FN:72,(anonymous_8)
FN:81,(anonymous_9)
FN:90,(anonymous_10)
FN:102,(anonymous_11)
FN:111,(anonymous_12)
FN:120,(anonymous_13)
FN:129,(anonymous_14)
FN:139,(anonymous_15)
FN:148,(anonymous_16)
FN:158,(anonymous_17)
FNF:14
FNH:0
FNDA:0,(anonymous_4)
FNDA:0,(anonymous_5)
FNDA:0,(anonymous_6)
FNDA:0,(anonymous_7)
FNDA:0,(anonymous_8)
FNDA:0,(anonymous_9)
FNDA:0,(anonymous_10)
FNDA:0,(anonymous_11)
FNDA:0,(anonymous_12)
FNDA:0,(anonymous_13)
FNDA:0,(anonymous_14)
FNDA:0,(anonymous_15)
FNDA:0,(anonymous_16)
FNDA:0,(anonymous_17)
DA:1,0
DA:14,0
DA:15,0
DA:16,0
DA:17,0
DA:18,0
DA:19,0
DA:20,0
DA:34,0
DA:36,0
DA:37,0
DA:45,0
DA:46,0
DA:54,0
DA:55,0
DA:63,0
DA:64,0
DA:72,0
DA:73,0
DA:81,0
DA:82,0
DA:90,0
DA:94,0
DA:102,0
DA:103,0
DA:111,0
DA:112,0
DA:120,0
DA:121,0
DA:129,0
DA:130,0
DA:131,0
DA:139,0
DA:140,0
DA:148,0
DA:149,0
DA:150,0
DA:158,0
DA:159,0
LF:39
LH:0
BRDA:64,0,0,0
BRDA:64,0,1,0
BRDA:94,1,0,0
BRDA:94,1,1,0
BRDA:121,2,0,0
BRDA:121,2,1,0
BRDA:121,3,0,0
BRDA:121,3,1,0
BRDA:121,4,0,0
BRDA:121,4,1,0
BRDA:121,5,0,0
BRDA:121,5,1,0
BRDA:121,6,0,0
BRDA:121,6,1,0
BRDA:130,7,0,0
BRDA:130,7,1,0
BRDA:130,8,0,0
BRDA:130,8,1,0
BRDA:130,9,0,0
BRDA:130,9,1,0
BRDA:130,10,0,0
BRDA:130,10,1,0
BRDA:130,11,0,0
BRDA:130,11,1,0
BRDA:140,12,0,0
BRDA:140,12,1,0
BRDA:140,13,0,0
BRDA:140,13,1,0
BRDA:140,14,0,0
BRDA:140,14,1,0
BRDA:140,15,0,0
BRDA:140,15,1,0
BRDA:140,16,0,0
BRDA:140,16,1,0
BRF:34
BRH:0
end_of_record
TN:
SF:src\modules\automation\dto\workflow-rule.dto.ts
FNF:0
FNH:0
DA:1,0
DA:8,0
DA:10,0
DA:14,0
DA:18,0
DA:22,0
DA:25,0
DA:29,0
DA:33,0
DA:36,0
DA:40,0
DA:46,0
DA:49,0
DA:53,0
DA:57,0
DA:61,0
DA:65,0
DA:69,0
DA:73,0
DA:77,0
DA:81,0
DA:87,0
DA:90,0
DA:96,0
DA:98,0
DA:104,0
DA:106,0
DA:112,0
DA:133,0
LF:29
LH:0
BRF:0
BRH:0
end_of_record
TN:
SF:src\modules\automation\entities\workflow-execution.entity.ts
FN:22,(anonymous_2)
FNF:1
FNH:0
FNDA:0,(anonymous_2)
DA:1,0
DA:10,0
DA:11,0
DA:18,0
DA:20,0
DA:22,0
DA:24,0
DA:28,0
DA:31,0
DA:35,0
DA:38,0
DA:41,0
DA:44,0
DA:47,0
DA:55,0
DA:58,0
DA:61,0
DA:65,0
LF:18
LH:0
BRF:0
BRH:0
end_of_record
TN:
SF:src\modules\automation\entities\workflow-rule.entity.ts
FN:58,(anonymous_2)
FNF:1
FNH:0
FNDA:0,(anonymous_2)
DA:1,0
DA:11,0
DA:21,0
DA:23,0
DA:26,0
DA:29,0
DA:32,0
DA:35,0
DA:38,0
DA:41,0
DA:44,0
DA:47,0
DA:50,0
DA:53,0
DA:56,0
DA:58,0
DA:60,0
DA:63,0
DA:66,0
DA:69,0
DA:73,0
LF:21
LH:0
BRF:0
BRH:0
end_of_record
TN:
SF:src\modules\automation\listeners\ticket-workflow.listener.ts
FN:14,(anonymous_2)
FN:20,(anonymous_3)
FN:31,(anonymous_4)
FN:77,(anonymous_5)
FN:96,(anonymous_6)
FN:105,(anonymous_7)
FN:114,(anonymous_8)
FNF:7
FNH:0
FNDA:0,(anonymous_2)
FNDA:0,(anonymous_3)
FNDA:0,(anonymous_4)
FNDA:0,(anonymous_5)
FNDA:0,(anonymous_6)
FNDA:0,(anonymous_7)
FNDA:0,(anonymous_8)
DA:1,0
DA:2,0
DA:3,0
DA:4,0
DA:11,0
DA:12,0
DA:14,0
DA:20,0
DA:21,0
DA:22,0
DA:31,0
DA:40,0
DA:43,0
DA:44,0
DA:51,0
DA:52,0
DA:59,0
DA:60,0
DA:68,0
DA:77,0
DA:84,0
DA:86,0
DA:87,0
DA:96,0
DA:97,0
DA:98,0
DA:105,0
DA:106,0
DA:107,0
DA:114,0
DA:115,0
DA:116,0
LF:32
LH:0
BRDA:43,0,0,0
BRDA:43,1,0,0
BRDA:43,1,1,0
BRDA:43,2,0,0
BRDA:43,2,1,0
BRDA:51,3,0,0
BRDA:51,4,0,0
BRDA:51,4,1,0
BRDA:51,5,0,0
BRDA:51,5,1,0
BRDA:59,6,0,0
BRDA:59,7,0,0
BRDA:59,7,1,0
BRDA:59,8,0,0
BRDA:59,8,1,0
BRDA:84,9,0,0
BRF:16
BRH:0
end_of_record
TN:
SF:src\modules\automation\services\action-executor.service.ts
FN:22,(anonymous_4)
FN:35,(anonymous_5)
FN:94,(anonymous_6)
FN:99,(anonymous_7)
FN:120,(anonymous_8)
FN:129,(anonymous_9)
FN:138,(anonymous_10)
FN:174,(anonymous_11)
FN:178,(anonymous_12)
FN:198,(anonymous_13)
FN:230,(anonymous_14)
FN:248,(anonymous_15)
FN:265,(anonymous_16)
FN:268,(anonymous_17)
FN:311,(anonymous_18)
FN:352,(anonymous_19)
FN:371,(anonymous_20)
FN:374,(anonymous_21)
FNF:18
FNH:0
FNDA:0,(anonymous_4)
FNDA:0,(anonymous_5)
FNDA:0,(anonymous_6)
FNDA:0,(anonymous_7)
FNDA:0,(anonymous_8)
FNDA:0,(anonymous_9)
FNDA:0,(anonymous_10)
FNDA:0,(anonymous_11)
FNDA:0,(anonymous_12)
FNDA:0,(anonymous_13)
FNDA:0,(anonymous_14)
FNDA:0,(anonymous_15)
FNDA:0,(anonymous_16)
FNDA:0,(anonymous_17)
FNDA:0,(anonymous_18)
FNDA:0,(anonymous_19)
FNDA:0,(anonymous_20)
FNDA:0,(anonymous_21)
DA:1,0
DA:2,0
DA:3,0
DA:4,0
DA:5,0
DA:6,0
DA:7,0
DA:8,0
DA:9,0
DA:16,0
DA:17,0
DA:20,0
DA:24,0
DA:26,0
DA:28,0
DA:29,0
DA:40,0
DA:41,0
DA:45,0
DA:47,0
DA:48,0
DA:51,0
DA:52,0
DA:55,0
DA:56,0
DA:59,0
DA:60,0
DA:63,0
DA:64,0
DA:67,0
DA:68,0
DA:71,0
DA:72,0
DA:76,0
DA:77,0
DA:78,0
DA:81,0
DA:84,0
DA:86,0
DA:87,0
DA:99,0
DA:100,0
DA:102,0
DA:103,0
DA:104,0
DA:113,0
DA:121,0
DA:122,0
DA:124,0
DA:126,0
DA:130,0
DA:131,0
DA:133,0
DA:135,0
DA:145,0
DA:147,0
DA:148,0
DA:151,0
DA:152,0
DA:155,0
DA:156,0
DA:159,0
DA:162,0
DA:163,0
DA:166,0
DA:167,0
DA:169,0
DA:171,0
DA:177,0
DA:178,0
DA:180,0
DA:183,0
DA:185,0
DA:186,0
DA:187,0
DA:191,0
DA:192,0
DA:193,0
DA:195,0
DA:200,0
DA:209,0
DA:210,0
DA:213,0
DA:215,0
DA:216,0
DA:220,0
DA:225,0
DA:227,0
DA:232,0
DA:234,0
DA:241,0
DA:243,0
DA:245,0
DA:249,0
DA:250,0
DA:253,0
DA:254,0
DA:263,0
DA:265,0
DA:269,0
DA:271,0
DA:273,0
DA:274,0
DA:275,0
DA:277,0
DA:280,0
DA:281,0
DA:282,0
DA:284,0
DA:287,0
DA:288,0
DA:289,0
DA:291,0
DA:294,0
DA:297,0
DA:298,0
DA:301,0
DA:304,0
DA:305,0
DA:308,0
DA:312,0
DA:313,0
DA:316,0
DA:330,0
DA:331,0
DA:340,0
DA:342,0
DA:348,0
DA:354,0
DA:355,0
DA:357,0
DA:365,0
DA:372,0
DA:374,0
DA:375,0
DA:376,0
DA:377,0
DA:379,0
LF:138
LH:0
BRDA:45,0,0,0
BRDA:45,0,1,0
BRDA:45,0,2,0
BRDA:45,0,3,0
BRDA:45,0,4,0
BRDA:45,0,5,0
BRDA:45,0,6,0
BRDA:45,0,7,0
BRDA:45,0,8,0
BRDA:99,1,0,0
BRDA:99,1,1,0
BRDA:99,2,0,0
BRDA:99,2,1,0
BRDA:145,3,0,0
BRDA:145,3,1,0
BRDA:145,3,2,0
BRDA:145,3,3,0
BRDA:162,4,0,0
BRDA:177,5,0,0
BRDA:177,5,1,0
BRDA:177,6,0,0
BRDA:177,6,1,0
BRDA:183,7,0,0
BRDA:186,8,0,0
BRDA:191,9,0,0
BRDA:191,9,1,0
BRDA:209,10,0,0
BRDA:209,11,0,0
BRDA:209,11,1,0
BRDA:215,12,0,0
BRDA:225,13,0,0
BRDA:250,14,0,0
BRDA:250,14,1,0
BRDA:256,15,0,0
BRDA:256,15,1,0
BRDA:271,16,0,0
BRDA:271,16,1,0
BRDA:271,16,2,0
BRDA:271,16,3,0
BRDA:271,16,4,0
BRDA:273,17,0,0
BRDA:275,18,0,0
BRDA:280,19,0,0
BRDA:282,20,0,0
BRDA:287,21,0,0
BRDA:289,22,0,0
BRDA:312,23,0,0
BRDA:316,24,0,0
BRDA:316,24,1,0
BRDA:332,25,0,0
BRDA:332,25,1,0
BRDA:354,26,0,0
BRDA:354,26,1,0
BRDA:355,27,0,0
BRDA:355,27,1,0
BRDA:372,28,0,0
BRDA:375,29,0,0
BRDA:377,30,0,0
BRDA:377,30,1,0
BRF:59
BRH:0
end_of_record
TN:
SF:src\modules\automation\services\condition-evaluator.service.ts
FN:10,(anonymous_1)
FN:16,(anonymous_2)
FN:26,(anonymous_3)
FN:28,(anonymous_4)
FN:35,(anonymous_5)
FN:55,(anonymous_6)
FN:73,(anonymous_7)
FN:119,(anonymous_8)
FN:125,(anonymous_9)
FNF:9
FNH:0
FNDA:0,(anonymous_1)
FNDA:0,(anonymous_2)
FNDA:0,(anonymous_3)
FNDA:0,(anonymous_4)
FNDA:0,(anonymous_5)
FNDA:0,(anonymous_6)
FNDA:0,(anonymous_7)
FNDA:0,(anonymous_8)
FNDA:0,(anonymous_9)
DA:1,0
DA:3,0
DA:10,0
DA:11,0
DA:21,0
DA:22,0
DA:25,0
DA:26,0
DA:28,0
DA:36,0
DA:37,0
DA:38,0
DA:40,0
DA:45,0
DA:47,0
DA:48,0
DA:57,0
DA:58,0
DA:60,0
DA:61,0
DA:62,0
DA:64,0
DA:67,0
DA:75,0
DA:76,0
DA:77,0
DA:78,0
DA:79,0
DA:83,0
DA:84,0
DA:86,0
DA:88,0
DA:91,0
DA:94,0
DA:97,0
DA:100,0
DA:103,0
DA:106,0
DA:109,0
DA:112,0
DA:115,0
DA:118,0
DA:119,0
DA:120,0
DA:124,0
DA:125,0
DA:126,0
DA:130,0
DA:134,0
DA:138,0
DA:139,0
DA:140,0
DA:142,0
DA:143,0
DA:147,0
DA:148,0
LF:56
LH:0
BRDA:19,0,0,0
BRDA:21,1,0,0
BRDA:21,2,0,0
BRDA:21,2,1,0
BRDA:25,3,0,0
BRDA:25,3,1,0
BRDA:61,4,0,0
BRDA:61,5,0,0
BRDA:61,5,1,0
BRDA:75,6,0,0
BRDA:75,7,0,0
BRDA:75,7,1,0
BRDA:76,8,0,0
BRDA:77,9,0,0
BRDA:78,10,0,0
BRDA:78,11,0,0
BRDA:78,11,1,0
BRDA:83,12,0,0
BRDA:83,12,1,0
BRDA:84,13,0,0
BRDA:84,13,1,0
BRDA:86,14,0,0
BRDA:86,14,1,0
BRDA:86,14,2,0
BRDA:86,14,3,0
BRDA:86,14,4,0
BRDA:86,14,5,0
BRDA:86,14,6,0
BRDA:86,14,7,0
BRDA:86,14,8,0
BRDA:86,14,9,0
BRDA:86,14,10,0
BRDA:86,14,11,0
BRDA:86,14,12,0
BRDA:86,14,13,0
BRDA:86,14,14,0
BRDA:86,14,15,0
BRDA:118,15,0,0
BRDA:118,15,1,0
BRDA:120,16,0,0
BRDA:120,16,1,0
BRDA:124,17,0,0
BRDA:124,17,1,0
BRDA:126,18,0,0
BRDA:126,18,1,0
BRDA:130,19,0,0
BRDA:130,19,1,0
BRDA:130,19,2,0
BRDA:130,19,3,0
BRDA:130,19,4,0
BRDA:134,20,0,0
BRDA:134,20,1,0
BRDA:134,20,2,0
BRDA:134,20,3,0
BRDA:135,21,0,0
BRDA:135,21,1,0
BRF:56
BRH:0
end_of_record
TN:
SF:src\modules\automation\services\workflow-engine.service.ts
FN:22,(anonymous_4)
FN:36,(anonymous_5)
FN:100,(anonymous_6)
FN:145,(anonymous_7)
FN:154,(anonymous_8)
FN:164,(anonymous_9)
FN:170,(anonymous_10)
FN:193,(anonymous_11)
FN:207,(anonymous_12)
FN:219,(anonymous_13)
FNF:10
FNH:0
FNDA:0,(anonymous_4)
FNDA:0,(anonymous_5)
FNDA:0,(anonymous_6)
FNDA:0,(anonymous_7)
FNDA:0,(anonymous_8)
FNDA:0,(anonymous_9)
FNDA:0,(anonymous_10)
FNDA:0,(anonymous_11)
FNDA:0,(anonymous_12)
FNDA:0,(anonymous_13)
DA:1,0
DA:2,0
DA:3,0
DA:4,0
DA:5,0
DA:6,0
DA:8,0
DA:9,0
DA:16,0
DA:17,0
DA:20,0
DA:24,0
DA:26,0
DA:28,0
DA:29,0
DA:30,0
DA:42,0
DA:43,0
DA:44,0
DA:45,0
DA:48,0
DA:49,0
DA:51,0
DA:53,0
DA:58,0
DA:59,0
DA:60,0
DA:64,0
DA:66,0
DA:68,0
DA:69,0
DA:72,0
DA:74,0
DA:80,0
DA:81,0
DA:84,0
DA:90,0
DA:99,0
DA:100,0
DA:104,0
DA:114,0
DA:116,0
DA:119,0
DA:120,0
DA:121,0
DA:124,0
DA:127,0
DA:142,0
DA:145,0
DA:146,0
DA:155,0
DA:164,0
DA:177,0
DA:198,0
DA:199,0
DA:201,0
DA:205,0
DA:207,0
DA:212,0
DA:218,0
DA:219,0
DA:222,0
LF:62
LH:0
BRDA:43,0,0,0
BRDA:58,1,0,0
BRDA:80,2,0,0
BRDA:80,2,1,0
BRDA:114,3,0,0
BRDA:114,3,1,0
BRDA:114,4,0,0
BRDA:114,4,1,0
BRDA:119,5,0,0
BRDA:119,6,0,0
BRDA:119,6,1,0
BRDA:137,7,0,0
BRDA:137,7,1,0
BRDA:137,8,0,0
BRDA:137,8,1,0
BRDA:199,9,0,0
BRDA:205,10,0,0
BRDA:218,11,0,0
BRDA:218,11,1,0
BRF:19
BRH:0
end_of_record
TN:
SF:src\modules\automation\services\workflow-rule.service.ts
FN:19,(anonymous_4)
FN:30,(anonymous_5)
FN:43,(anonymous_6)
FN:53,(anonymous_7)
FN:69,(anonymous_8)
FN:95,(anonymous_9)
FN:125,(anonymous_10)
FN:141,(anonymous_11)
FN:172,(anonymous_12)
FN:182,(anonymous_13)
FN:193,(anonymous_14)
FN:203,(anonymous_15)
FN:213,(anonymous_16)
FN:220,(anonymous_17)
FN:221,(anonymous_18)
FN:243,(anonymous_19)
FN:255,(anonymous_20)
FNF:17
FNH:0
FNDA:0,(anonymous_4)
FNDA:0,(anonymous_5)
FNDA:0,(anonymous_6)
FNDA:0,(anonymous_7)
FNDA:0,(anonymous_8)
FNDA:0,(anonymous_9)
FNDA:0,(anonymous_10)
FNDA:0,(anonymous_11)
FNDA:0,(anonymous_12)
FNDA:0,(anonymous_13)
FNDA:0,(anonymous_14)
FNDA:0,(anonymous_15)
FNDA:0,(anonymous_16)
FNDA:0,(anonymous_17)
FNDA:0,(anonymous_18)
FNDA:0,(anonymous_19)
FNDA:0,(anonymous_20)
DA:1,0
DA:2,0
DA:3,0
DA:4,0
DA:5,0
DA:7,0
DA:8,0
DA:9,0
DA:16,0
DA:17,0
DA:20,0
DA:22,0
DA:24,0
DA:31,0
DA:37,0
DA:44,0
DA:54,0
DA:59,0
DA:60,0
DA:63,0
DA:71,0
DA:73,0
DA:86,0
DA:87,0
DA:89,0
DA:96,0
DA:100,0
DA:101,0
DA:104,0
DA:116,0
DA:117,0
DA:119,0
DA:126,0
DA:130,0
DA:131,0
DA:134,0
DA:135,0
DA:142,0
DA:146,0
DA:147,0
DA:150,0
DA:151,0
DA:153,0
DA:155,0
DA:156,0
DA:166,0
DA:173,0
DA:174,0
DA:176,0
DA:183,0
DA:194,0
DA:204,0
DA:214,0
DA:221,0
DA:222,0
DA:223,0
DA:226,0
DA:237,0
DA:244,0
DA:249,0
DA:256,0
LF:61
LH:0
BRDA:59,0,0,0
BRDA:71,1,0,0
BRDA:71,1,1,0
BRDA:71,2,0,0
BRDA:71,2,1,0
BRDA:76,3,0,0
BRDA:76,3,1,0
BRDA:76,4,0,0
BRDA:76,4,1,0
BRDA:79,5,0,0
BRDA:79,5,1,0
BRDA:80,6,0,0
BRDA:80,6,1,0
BRDA:82,7,0,0
BRDA:82,7,1,0
BRDA:82,8,0,0
BRDA:82,8,1,0
BRDA:100,9,0,0
BRDA:105,10,0,0
BRDA:105,10,1,0
BRDA:105,11,0,0
BRDA:105,11,1,0
BRDA:106,12,0,0
BRDA:106,12,1,0
BRDA:106,13,0,0
BRDA:106,13,1,0
BRDA:107,14,0,0
BRDA:107,14,1,0
BRDA:107,15,0,0
BRDA:107,15,1,0
BRDA:108,16,0,0
BRDA:108,16,1,0
BRDA:108,17,0,0
BRDA:108,17,1,0
BRDA:109,18,0,0
BRDA:109,18,1,0
BRDA:109,19,0,0
BRDA:109,19,1,0
BRDA:110,20,0,0
BRDA:110,20,1,0
BRDA:110,21,0,0
BRDA:110,21,1,0
BRDA:111,22,0,0
BRDA:111,22,1,0
BRDA:111,23,0,0
BRDA:111,23,1,0
BRDA:112,24,0,0
BRDA:112,24,1,0
BRDA:112,25,0,0
BRDA:112,25,1,0
BRDA:113,26,0,0
BRDA:113,26,1,0
BRDA:113,27,0,0
BRDA:113,27,1,0
BRDA:130,28,0,0
BRDA:146,29,0,0
BRDA:155,30,0,0
BRDA:161,31,0,0
BRDA:161,31,1,0
BRDA:182,32,0,0
BRDA:193,33,0,0
BRDA:222,34,0,0
BRDA:249,35,0,0
BRDA:249,35,1,0
BRDA:249,36,0,0
BRDA:249,36,1,0
BRDA:249,37,0,0
BRDA:249,37,1,0
BRDA:269,38,0,0
BRDA:269,38,1,0
BRF:70
BRH:0
end_of_record
TN:
SF:src\modules\automation\types\workflow.types.ts
FN:10,(anonymous_0)
FN:39,(anonymous_1)
FN:57,(anonymous_2)
FN:89,(anonymous_3)
FN:100,(anonymous_4)
FN:106,(anonymous_5)
FNF:6
FNH:0
FNDA:0,(anonymous_0)
FNDA:0,(anonymous_1)
FNDA:0,(anonymous_2)
FNDA:0,(anonymous_3)
FNDA:0,(anonymous_4)
FNDA:0,(anonymous_5)
DA:10,0
DA:11,0
DA:12,0
DA:13,0
DA:14,0
DA:15,0
DA:16,0
DA:17,0
DA:18,0
DA:19,0
DA:39,0
DA:40,0
DA:41,0
DA:42,0
DA:43,0
DA:44,0
DA:45,0
DA:46,0
DA:47,0
DA:48,0
DA:49,0
DA:50,0
DA:51,0
DA:52,0
DA:53,0
DA:54,0
DA:57,0
DA:58,0
DA:59,0
DA:60,0
DA:61,0
DA:62,0
DA:63,0
DA:64,0
DA:65,0
DA:66,0
DA:67,0
DA:68,0
DA:69,0
DA:89,0
DA:90,0
DA:91,0
DA:92,0
DA:93,0
DA:94,0
DA:95,0
DA:96,0
DA:97,0
DA:100,0
DA:101,0
DA:102,0
DA:103,0
DA:106,0
DA:107,0
DA:108,0
DA:109,0
DA:110,0
DA:111,0
DA:208,0
LF:59
LH:0
BRDA:10,0,0,0
BRDA:10,0,1,0
BRDA:39,1,0,0
BRDA:39,1,1,0
BRDA:57,2,0,0
BRDA:57,2,1,0
BRDA:89,3,0,0
BRDA:89,3,1,0
BRDA:100,4,0,0
BRDA:100,4,1,0
BRDA:106,5,0,0
BRDA:106,5,1,0
BRF:12
BRH:0
end_of_record
TN:
SF:src\modules\eform-request\eform-credential.service.ts
FN:5,(anonymous_1)
FN:8,(anonymous_2)
FN:13,(anonymous_3)
FN:22,(anonymous_4)
FNF:4
FNH:0
FNDA:0,(anonymous_1)
FNDA:0,(anonymous_2)
FNDA:0,(anonymous_3)
FNDA:0,(anonymous_4)
DA:1,0
DA:2,0
DA:5,0
DA:6,0
DA:9,0
DA:10,0
DA:14,0
DA:15,0
DA:16,0
DA:17,0
DA:18,0
DA:19,0
DA:23,0
DA:28,0
DA:29,0
DA:30,0
DA:31,0
LF:17
LH:0
BRDA:9,0,0,0
BRDA:9,0,1,0
BRF:2
BRH:0
end_of_record
TN:
SF:src\modules\eform-request\eform-pdf.service.ts
FN:7,(anonymous_1)
FN:8,(anonymous_2)
FN:14,(anonymous_3)
FN:102,(anonymous_4)
FNF:4
FNH:0
FNDA:0,(anonymous_1)
FNDA:0,(anonymous_2)
FNDA:0,(anonymous_3)
FNDA:0,(anonymous_4)
DA:1,0
DA:2,0
DA:6,0
DA:8,0
DA:9,0
DA:10,0
DA:11,0
DA:13,0
DA:14,0
DA:15,0
DA:19,0
DA:23,0
DA:24,0
DA:25,0
DA:28,0
DA:29,0
DA:30,0
DA:31,0
DA:33,0
DA:34,0
DA:35,0
DA:38,0
DA:39,0
DA:40,0
DA:42,0
DA:43,0
DA:44,0
DA:46,0
DA:47,0
DA:49,0
DA:50,0
DA:51,0
DA:54,0
DA:55,0
DA:56,0
DA:58,0
DA:59,0
DA:60,0
DA:61,0
DA:63,0
DA:64,0
DA:65,0
DA:66,0
DA:68,0
DA:69,0
DA:70,0
DA:71,0
DA:75,0
DA:76,0
DA:77,0
DA:78,0
DA:81,0
DA:82,0
DA:83,0
DA:84,0
DA:87,0
DA:88,0
DA:89,0
DA:92,0
DA:95,0
DA:96,0
DA:98,0
DA:99,0
DA:101,0
DA:102,0
DA:103,0
DA:104,0
DA:105,0
DA:108,0
DA:110,0
DA:111,0
DA:112,0
DA:113,0
DA:114,0
DA:116,0
DA:120,0
DA:121,0
DA:123,0
DA:128,0
DA:130,0
DA:132,0
LF:81
LH:0
BRDA:19,0,0,0
BRDA:19,0,1,0
BRDA:20,1,0,0
BRDA:20,1,1,0
BRDA:47,2,0,0
BRDA:47,2,1,0
BRDA:50,3,0,0
BRDA:50,3,1,0
BRDA:63,4,0,0
BRDA:65,5,0,0
BRDA:65,5,1,0
BRDA:68,6,0,0
BRDA:68,7,0,0
BRDA:68,7,1,0
BRDA:75,8,0,0
BRDA:75,9,0,0
BRDA:75,9,1,0
BRDA:81,10,0,0
BRDA:81,11,0,0
BRDA:81,11,1,0
BRDA:87,12,0,0
BRDA:87,13,0,0
BRDA:87,13,1,0
BRDA:87,14,0,0
BRDA:87,14,1,0
BRDA:101,15,0,0
BRDA:103,16,0,0
BRDA:103,17,0,0
BRDA:103,17,1,0
BRDA:110,18,0,0
BRDA:110,19,0,0
BRDA:110,19,1,0
BRF:32
BRH:0
end_of_record
TN:
SF:src\modules\eform-request\eform-request.controller.ts
FN:13,(anonymous_4)
FN:17,(anonymous_5)
FN:23,(anonymous_6)
FN:29,(anonymous_7)
FN:35,(anonymous_8)
FN:41,(anonymous_9)
FN:47,(anonymous_10)
FN:53,(anonymous_11)
FN:59,(anonymous_12)
FN:71,(anonymous_13)
FN:77,(anonymous_14)
FN:83,(anonymous_15)
FN:89,(anonymous_16)
FN:95,(anonymous_17)
FNF:14
FNH:0
FNDA:0,(anonymous_4)
FNDA:0,(anonymous_5)
FNDA:0,(anonymous_6)
FNDA:0,(anonymous_7)
FNDA:0,(anonymous_8)
FNDA:0,(anonymous_9)
FNDA:0,(anonymous_10)
FNDA:0,(anonymous_11)
FNDA:0,(anonymous_12)
FNDA:0,(anonymous_13)
FNDA:0,(anonymous_14)
FNDA:0,(anonymous_15)
FNDA:0,(anonymous_16)
FNDA:0,(anonymous_17)
DA:1,0
DA:2,0
DA:4,0
DA:5,0
DA:6,0
DA:12,0
DA:13,0
DA:17,0
DA:18,0
DA:23,0
DA:24,0
DA:29,0
DA:30,0
DA:35,0
DA:36,0
DA:41,0
DA:42,0
DA:47,0
DA:48,0
DA:53,0
DA:54,0
DA:59,0
DA:60,0
DA:61,0
DA:66,0
DA:71,0
DA:72,0
DA:77,0
DA:78,0
DA:83,0
DA:84,0
DA:89,0
DA:90,0
DA:95,0
DA:96,0
LF:35
LH:0
BRF:0
BRH:0
end_of_record
TN:
SF:src\modules\eform-request\eform-request.module.ts
FNF:0
FNH:0
DA:1,0
DA:2,0
DA:3,0
DA:4,0
DA:5,0
DA:6,0
DA:7,0
DA:8,0
DA:9,0
DA:10,0
DA:11,0
DA:34,0
LF:12
LH:0
BRF:0
BRH:0
end_of_record
TN:
SF:src\modules\eform-request\eform-request.service.ts
FN:15,(anonymous_4)
FN:31,(anonymous_5)
FN:39,(anonymous_6)
FN:43,(anonymous_7)
FN:80,(anonymous_8)
FN:120,(anonymous_9)
FN:127,(anonymous_10)
FN:134,(anonymous_11)
FN:140,(anonymous_12)
FN:149,(anonymous_13)
FN:181,(anonymous_14)
FN:218,(anonymous_15)
FN:236,(anonymous_16)
FN:258,(anonymous_17)
FNF:14
FNH:0
FNDA:0,(anonymous_4)
FNDA:0,(anonymous_5)
FNDA:0,(anonymous_6)
FNDA:0,(anonymous_7)
FNDA:0,(anonymous_8)
FNDA:0,(anonymous_9)
FNDA:0,(anonymous_10)
FNDA:0,(anonymous_11)
FNDA:0,(anonymous_12)
FNDA:0,(anonymous_13)
FNDA:0,(anonymous_14)
FNDA:0,(anonymous_15)
FNDA:0,(anonymous_16)
FNDA:0,(anonymous_17)
DA:1,0
DA:2,0
DA:3,0
DA:4,0
DA:5,0
DA:6,0
DA:8,0
DA:9,0
DA:10,0
DA:11,0
DA:14,0
DA:16,0
DA:18,0
DA:20,0
DA:22,0
DA:24,0
DA:25,0
DA:26,0
DA:27,0
DA:28,0
DA:32,0
DA:40,0
DA:44,0
DA:54,0
DA:57,0
DA:66,0
DA:75,0
DA:77,0
DA:81,0
DA:82,0
DA:83,0
DA:84,0
DA:87,0
DA:96,0
DA:102,0
DA:103,0
DA:104,0
DA:106,0
DA:115,0
DA:117,0
DA:121,0
DA:128,0
DA:135,0
DA:141,0
DA:145,0
DA:146,0
DA:150,0
DA:151,0
DA:152,0
DA:153,0
DA:156,0
DA:165,0
DA:171,0
DA:172,0
DA:173,0
DA:176,0
DA:178,0
DA:182,0
DA:183,0
DA:184,0
DA:187,0
DA:190,0
DA:200,0
DA:201,0
DA:204,0
DA:210,0
DA:213,0
DA:215,0
DA:219,0
DA:220,0
DA:221,0
DA:223,0
DA:224,0
DA:226,0
DA:232,0
DA:233,0
DA:237,0
DA:238,0
DA:240,0
DA:241,0
DA:242,0
DA:244,0
DA:246,0
DA:255,0
DA:259,0
DA:263,0
DA:264,0
LF:87
LH:0
BRDA:82,0,0,0
BRDA:83,1,0,0
BRDA:84,2,0,0
BRDA:103,3,0,0
BRDA:103,3,1,0
BRDA:145,4,0,0
BRDA:151,5,0,0
BRDA:152,6,0,0
BRDA:153,7,0,0
BRDA:183,8,0,0
BRDA:184,9,0,0
BRDA:220,10,0,0
BRDA:221,11,0,0
BRDA:224,12,0,0
BRDA:238,13,0,0
BRDA:263,14,0,0
BRF:16
BRH:0
end_of_record
TN:
SF:src\modules\eform-request\dto\approve-manager1.dto.ts
FNF:0
FNH:0
DA:1,0
DA:3,0
DA:6,0
DA:10,0
LF:4
LH:0
BRF:0
BRH:0
end_of_record
TN:
SF:src\modules\eform-request\dto\create-eform-request.dto.ts
FNF:0
FNH:0
DA:1,0
DA:2,0
DA:4,0
DA:7,0
DA:11,0
DA:15,0
DA:19,0
DA:23,0
DA:27,0
DA:31,0
LF:10
LH:0
BRF:0
BRH:0
end_of_record
TN:
SF:src\modules\eform-request\dto\index.ts
FNF:0
FNH:0
DA:1,0
DA:2,0
LF:2
LH:0
BRF:0
BRH:0
end_of_record
TN:
SF:src\modules\eform-request\entities\eform-approval.entity.ts
FN:13,(anonymous_2)
FN:13,(anonymous_3)
FN:20,(anonymous_4)
FNF:3
FNH:0
FNDA:0,(anonymous_2)
FNDA:0,(anonymous_3)
FNDA:0,(anonymous_4)
DA:1,0
DA:2,0
DA:3,0
DA:6,0
DA:8,0
DA:11,0
DA:13,0
DA:15,0
DA:18,0
DA:20,0
DA:22,0
DA:25,0
DA:28,0
DA:31,0
DA:34,0
DA:37,0
LF:16
LH:0
BRF:0
BRH:0
end_of_record
TN:
SF:src\modules\eform-request\entities\eform-credential.entity.ts
FN:13,(anonymous_2)
FN:32,(anonymous_3)
FNF:2
FNH:0
FNDA:0,(anonymous_2)
FNDA:0,(anonymous_3)
DA:1,0
DA:2,0
DA:3,0
DA:6,0
DA:8,0
DA:11,0
DA:13,0
DA:15,0
DA:18,0
DA:21,0
DA:24,0
DA:27,0
DA:30,0
DA:32,0
DA:34,0
DA:37,0
DA:40,0
DA:43,0
LF:18
LH:0
BRF:0
BRH:0
end_of_record
TN:
SF:src\modules\eform-request\entities\eform-request.entity.ts
FN:6,(anonymous_2)
FN:12,(anonymous_3)
FN:35,(anonymous_4)
FN:69,(anonymous_5)
FN:85,(anonymous_6)
FN:85,(anonymous_7)
FN:88,(anonymous_8)
FN:88,(anonymous_9)
FNF:8
FNH:0
FNDA:0,(anonymous_2)
FNDA:0,(anonymous_3)
FNDA:0,(anonymous_4)
FNDA:0,(anonymous_5)
FNDA:0,(anonymous_6)
FNDA:0,(anonymous_7)
FNDA:0,(anonymous_8)
FNDA:0,(anonymous_9)
DA:1,0
DA:2,0
DA:3,0
DA:4,0
DA:6,0
DA:7,0
DA:8,0
DA:9,0
DA:12,0
DA:13,0
DA:14,0
DA:15,0
DA:16,0
DA:17,0
DA:18,0
DA:22,0
DA:24,0
DA:27,0
DA:30,0
DA:33,0
DA:35,0
DA:37,0
DA:40,0
DA:43,0
DA:46,0
DA:49,0
DA:52,0
DA:55,0
DA:58,0
DA:61,0
DA:64,0
DA:67,0
DA:69,0
DA:71,0
DA:74,0
DA:77,0
DA:80,0
DA:83,0
DA:85,0
DA:86,0
DA:88,0
DA:89,0
LF:42
LH:0
BRDA:6,0,0,0
BRDA:6,0,1,0
BRDA:12,1,0,0
BRDA:12,1,1,0
BRF:4
BRH:0
end_of_record
TN:
SF:src\modules\eform-request\entities\eform-signature.entity.ts
FN:13,(anonymous_2)
FN:13,(anonymous_3)
FN:20,(anonymous_4)
FNF:3
FNH:0
FNDA:0,(anonymous_2)
FNDA:0,(anonymous_3)
FNDA:0,(anonymous_4)
DA:1,0
DA:2,0
DA:3,0
DA:6,0
DA:8,0
DA:11,0
DA:13,0
DA:15,0
DA:18,0
DA:20,0
DA:22,0
DA:25,0
DA:28,0
DA:31,0
DA:34,0
LF:15
LH:0
BRF:0
BRH:0
end_of_record
TN:
SF:src\modules\eform-request\entities\index.ts
FNF:0
FNH:0
DA:1,0
DA:2,0
DA:3,0
DA:4,0
LF:4
LH:0
BRF:0
BRH:0
end_of_record
TN:
SF:src\modules\eform-request\listeners\eform-notification.listener.ts
FN:11,(anonymous_2)
FN:14,(anonymous_3)
FN:29,(anonymous_4)
FN:44,(anonymous_5)
FN:60,(anonymous_6)
FN:75,(anonymous_7)
FNF:6
FNH:0
FNDA:0,(anonymous_2)
FNDA:0,(anonymous_3)
FNDA:0,(anonymous_4)
FNDA:0,(anonymous_5)
FNDA:0,(anonymous_6)
FNDA:0,(anonymous_7)
DA:1,0
DA:2,0
DA:3,0
DA:4,0
DA:8,0
DA:9,0
DA:11,0
DA:14,0
DA:15,0
DA:16,0
DA:24,0
DA:29,0
DA:30,0
DA:31,0
DA:39,0
DA:44,0
DA:45,0
DA:48,0
DA:55,0
DA:60,0
DA:61,0
DA:62,0
DA:70,0
DA:75,0
DA:76,0
DA:77,0
DA:85,0
LF:27
LH:0
BRF:0
BRH:0
end_of_record
TN:
SF:src\modules\google-sync\google-sync.controller.ts
FN:34,(anonymous_4)
FN:45,(anonymous_5)
FN:54,(anonymous_6)
FN:61,(anonymous_7)
FN:68,(anonymous_8)
FN:75,(anonymous_9)
FN:86,(anonymous_10)
FN:97,(anonymous_11)
FN:104,(anonymous_12)
FN:111,(anonymous_13)
FN:118,(anonymous_14)
FN:128,(anonymous_15)
FN:138,(anonymous_16)
FN:149,(anonymous_17)
FN:157,(anonymous_18)
FN:171,(anonymous_19)
FN:183,(anonymous_20)
FN:195,(anonymous_21)
FN:203,(anonymous_22)
FNF:19
FNH:0
FNDA:0,(anonymous_4)
FNDA:0,(anonymous_5)
FNDA:0,(anonymous_6)
FNDA:0,(anonymous_7)
FNDA:0,(anonymous_8)
FNDA:0,(anonymous_9)
FNDA:0,(anonymous_10)
FNDA:0,(anonymous_11)
FNDA:0,(anonymous_12)
FNDA:0,(anonymous_13)
FNDA:0,(anonymous_14)
FNDA:0,(anonymous_15)
FNDA:0,(anonymous_16)
FNDA:0,(anonymous_17)
FNDA:0,(anonymous_18)
FNDA:0,(anonymous_19)
FNDA:0,(anonymous_20)
FNDA:0,(anonymous_21)
FNDA:0,(anonymous_22)
DA:1,0
DA:14,0
DA:15,0
DA:16,0
DA:17,0
DA:18,0
DA:19,0
DA:20,0
DA:21,0
DA:22,0
DA:33,0
DA:35,0
DA:36,0
DA:37,0
DA:45,0
DA:46,0
DA:54,0
DA:55,0
DA:61,0
DA:62,0
DA:68,0
DA:69,0
DA:75,0
DA:80,0
DA:86,0
DA:87,0
DA:88,0
DA:97,0
DA:98,0
DA:104,0
DA:105,0
DA:111,0
DA:112,0
DA:118,0
DA:122,0
DA:128,0
DA:129,0
DA:130,0
DA:138,0
DA:142,0
DA:143,0
DA:149,0
DA:150,0
DA:151,0
DA:157,0
DA:161,0
DA:162,0
DA:163,0
DA:165,0
DA:171,0
DA:172,0
DA:173,0
DA:183,0
DA:187,0
DA:195,0
DA:196,0
DA:203,0
DA:208,0
DA:213,0
LF:59
LH:0
BRDA:80,0,0,0
BRDA:80,0,1,0
BRDA:80,1,0,0
BRDA:80,1,1,0
BRDA:80,2,0,0
BRDA:80,2,1,0
BRDA:80,3,0,0
BRDA:80,3,1,0
BRDA:80,4,0,0
BRDA:80,4,1,0
BRDA:142,5,0,0
BRDA:142,5,1,0
BRDA:142,6,0,0
BRDA:142,6,1,0
BRDA:142,7,0,0
BRDA:142,7,1,0
BRDA:142,8,0,0
BRDA:142,8,1,0
BRDA:142,9,0,0
BRDA:142,9,1,0
BRDA:150,10,0,0
BRDA:150,10,1,0
BRDA:150,11,0,0
BRDA:150,11,1,0
BRDA:150,12,0,0
BRDA:150,12,1,0
BRDA:150,13,0,0
BRDA:150,13,1,0
BRDA:150,14,0,0
BRDA:150,14,1,0
BRDA:161,15,0,0
BRDA:161,15,1,0
BRDA:161,16,0,0
BRDA:161,16,1,0
BRDA:161,17,0,0
BRDA:161,17,1,0
BRDA:161,18,0,0
BRDA:161,18,1,0
BRDA:161,19,0,0
BRDA:161,19,1,0
BRDA:162,20,0,0
BRDA:162,21,0,0
BRDA:162,21,1,0
BRDA:162,22,0,0
BRDA:162,22,1,0
BRDA:162,23,0,0
BRDA:162,23,1,0
BRDA:162,24,0,0
BRDA:162,24,1,0
BRDA:162,25,0,0
BRDA:162,25,1,0
BRDA:163,26,0,0
BRDA:163,26,1,0
BRDA:163,27,0,0
BRDA:163,27,1,0
BRDA:163,28,0,0
BRDA:163,28,1,0
BRDA:163,29,0,0
BRDA:163,29,1,0
BRDA:163,30,0,0
BRDA:163,30,1,0
BRDA:187,31,0,0
BRDA:187,31,1,0
BRDA:211,32,0,0
BRDA:211,32,1,0
BRF:65
BRH:0
end_of_record
TN:
SF:src\modules\google-sync\google-sync.module.ts
FNF:0
FNH:0
DA:1,0
DA:2,0
DA:3,0
DA:4,0
DA:5,0
DA:6,0
DA:7,0
DA:8,0
DA:9,0
DA:10,0
DA:11,0
DA:12,0
DA:13,0
DA:40,0
LF:14
LH:0
BRF:0
BRH:0
end_of_record
TN:
SF:src\modules\google-sync\google-sync.service.ts
FN:15,(anonymous_4)
FN:32,(anonymous_5)
FN:39,(anonymous_6)
FN:57,(anonymous_7)
FN:64,(anonymous_8)
FN:73,(anonymous_9)
FN:92,(anonymous_10)
FN:113,(anonymous_11)
FN:123,(anonymous_12)
FN:130,(anonymous_13)
FN:139,(anonymous_14)
FN:148,(anonymous_15)
FN:162,(anonymous_16)
FN:168,(anonymous_17)
FN:175,(anonymous_18)
FN:189,(anonymous_19)
FN:196,(anonymous_20)
FN:204,(anonymous_21)
FN:214,(anonymous_22)
FNF:19
FNH:0
FNDA:0,(anonymous_4)
FNDA:0,(anonymous_5)
FNDA:0,(anonymous_6)
FNDA:0,(anonymous_7)
FNDA:0,(anonymous_8)
FNDA:0,(anonymous_9)
FNDA:0,(anonymous_10)
FNDA:0,(anonymous_11)
FNDA:0,(anonymous_12)
FNDA:0,(anonymous_13)
FNDA:0,(anonymous_14)
FNDA:0,(anonymous_15)
FNDA:0,(anonymous_16)
FNDA:0,(anonymous_17)
FNDA:0,(anonymous_18)
FNDA:0,(anonymous_19)
FNDA:0,(anonymous_20)
FNDA:0,(anonymous_21)
FNDA:0,(anonymous_22)
DA:1,0
DA:2,0
DA:3,0
DA:4,0
DA:5,0
DA:7,0
DA:8,0
DA:9,0
DA:12,0
DA:13,0
DA:16,0
DA:18,0
DA:20,0
DA:22,0
DA:23,0
DA:24,0
DA:33,0
DA:41,0
DA:42,0
DA:45,0
DA:46,0
DA:48,0
DA:58,0
DA:65,0
DA:69,0
DA:70,0
DA:75,0
DA:76,0
DA:77,0
DA:78,0
DA:80,0
DA:84,0
DA:89,0
DA:93,0
DA:94,0
DA:95,0
DA:96,0
DA:98,0
DA:99,0
DA:110,0
DA:114,0
DA:124,0
DA:125,0
DA:131,0
DA:132,0
DA:140,0
DA:144,0
DA:145,0
DA:150,0
DA:152,0
DA:159,0
DA:163,0
DA:164,0
DA:165,0
DA:169,0
DA:170,0
DA:176,0
DA:182,0
DA:183,0
DA:186,0
DA:190,0
DA:191,0
DA:197,0
DA:198,0
DA:201,0
DA:205,0
DA:206,0
DA:209,0
DA:215,0
LF:69
LH:0
BRDA:41,0,0,0
BRDA:69,1,0,0
BRDA:75,2,0,0
BRDA:86,3,0,0
BRDA:86,3,1,0
BRDA:98,4,0,0
BRDA:131,5,0,0
BRDA:131,5,1,0
BRDA:144,6,0,0
BRDA:154,7,0,0
BRDA:154,7,1,0
BRDA:155,8,0,0
BRDA:155,8,1,0
BRDA:156,9,0,0
BRDA:156,9,1,0
BRDA:175,10,0,0
BRDA:182,11,0,0
BRDA:197,12,0,0
BRDA:204,13,0,0
BRDA:205,14,0,0
BRF:20
BRH:0
end_of_record
TN:
SF:src\modules\google-sync\adapters\google-sheets.adapter.ts
FN:45,(anonymous_2)
FN:47,(anonymous_3)
FN:61,(anonymous_4)
FN:73,(anonymous_5)
FN:114,(anonymous_6)
FN:121,(anonymous_7)
FN:133,(anonymous_8)
FN:147,(anonymous_9)
FN:173,(anonymous_10)
FN:180,(anonymous_11)
FN:194,(anonymous_12)
FN:207,(anonymous_13)
FN:208,(anonymous_14)
FN:226,(anonymous_15)
FN:251,(anonymous_16)
FN:272,(anonymous_17)
FN:291,(anonymous_18)
FN:311,(anonymous_19)
FN:327,(anonymous_20)
FN:337,(anonymous_21)
FN:349,(anonymous_22)
FN:351,(anonymous_23)
FN:375,(anonymous_24)
FN:389,(anonymous_25)
FNF:24
FNH:0
FNDA:0,(anonymous_2)
FNDA:0,(anonymous_3)
FNDA:0,(anonymous_4)
FNDA:0,(anonymous_5)
FNDA:0,(anonymous_6)
FNDA:0,(anonymous_7)
FNDA:0,(anonymous_8)
FNDA:0,(anonymous_9)
FNDA:0,(anonymous_10)
FNDA:0,(anonymous_11)
FNDA:0,(anonymous_12)
FNDA:0,(anonymous_13)
FNDA:0,(anonymous_14)
FNDA:0,(anonymous_15)
FNDA:0,(anonymous_16)
FNDA:0,(anonymous_17)
FNDA:0,(anonymous_18)
FNDA:0,(anonymous_19)
FNDA:0,(anonymous_20)
FNDA:0,(anonymous_21)
FNDA:0,(anonymous_22)
FNDA:0,(anonymous_23)
FNDA:0,(anonymous_24)
FNDA:0,(anonymous_25)
DA:1,0
DA:2,0
DA:3,0
DA:4,0
DA:5,0
DA:6,0
DA:39,0
DA:40,0
DA:43,0
DA:45,0
DA:50,0
DA:51,0
DA:52,0
DA:54,0
DA:62,0
DA:63,0
DA:65,0
DA:66,0
DA:74,0
DA:75,0
DA:77,0
DA:78,0
DA:79,0
DA:82,0
DA:84,0
DA:85,0
DA:86,0
DA:89,0
DA:91,0
DA:100,0
DA:102,0
DA:103,0
DA:105,0
DA:107,0
DA:115,0
DA:125,0
DA:127,0
DA:132,0
DA:133,0
DA:141,0
DA:148,0
DA:150,0
DA:152,0
DA:159,0
DA:160,0
DA:163,0
DA:164,0
DA:167,0
DA:169,0
DA:170,0
DA:171,0
DA:173,0
DA:174,0
DA:175,0
DA:180,0
DA:181,0
DA:188,0
DA:200,0
DA:201,0
DA:204,0
DA:207,0
DA:208,0
DA:211,0
DA:213,0
DA:220,0
DA:231,0
DA:232,0
DA:235,0
DA:237,0
DA:245,0
DA:257,0
DA:258,0
DA:261,0
DA:278,0
DA:279,0
DA:282,0
DA:296,0
DA:297,0
DA:300,0
DA:305,0
DA:315,0
DA:316,0
DA:319,0
DA:325,0
DA:327,0
DA:328,0
DA:331,0
DA:342,0
DA:343,0
DA:346,0
DA:349,0
DA:351,0
DA:362,0
DA:369,0
DA:379,0
DA:380,0
DA:383,0
DA:385,0
DA:389,0
DA:396,0
LF:100
LH:0
BRDA:51,0,0,0
BRDA:51,0,1,0
BRDA:62,1,0,0
BRDA:65,2,0,0
BRDA:77,3,0,0
BRDA:84,4,0,0
BRDA:132,5,0,0
BRDA:132,5,1,0
BRDA:132,6,0,0
BRDA:132,6,1,0
BRDA:132,7,0,0
BRDA:132,7,1,0
BRDA:133,8,0,0
BRDA:133,8,1,0
BRDA:134,9,0,0
BRDA:134,9,1,0
BRDA:134,10,0,0
BRDA:134,10,1,0
BRDA:134,11,0,0
BRDA:134,11,1,0
BRDA:135,12,0,0
BRDA:135,12,1,0
BRDA:135,13,0,0
BRDA:135,13,1,0
BRDA:135,14,0,0
BRDA:135,14,1,0
BRDA:136,15,0,0
BRDA:136,15,1,0
BRDA:136,16,0,0
BRDA:136,16,1,0
BRDA:136,17,0,0
BRDA:136,17,1,0
BRDA:137,18,0,0
BRDA:137,18,1,0
BRDA:137,19,0,0
BRDA:137,19,1,0
BRDA:137,20,0,0
BRDA:137,20,1,0
BRDA:137,21,0,0
BRDA:137,21,1,0
BRDA:137,22,0,0
BRDA:137,22,1,0
BRDA:138,23,0,0
BRDA:138,23,1,0
BRDA:138,24,0,0
BRDA:138,24,1,0
BRDA:138,25,0,0
BRDA:138,25,1,0
BRDA:138,26,0,0
BRDA:138,26,1,0
BRDA:138,27,0,0
BRDA:138,27,1,0
BRDA:150,28,0,0
BRDA:150,28,1,0
BRDA:159,29,0,0
BRDA:159,29,1,0
BRDA:160,30,0,0
BRDA:174,31,0,0
BRDA:175,32,0,0
BRDA:175,32,1,0
BRDA:175,33,0,0
BRDA:175,33,1,0
BRDA:180,34,0,0
BRDA:180,35,0,0
BRDA:180,35,1,0
BRDA:200,36,0,0
BRDA:204,37,0,0
BRDA:208,38,0,0
BRDA:208,38,1,0
BRDA:208,39,0,0
BRDA:208,39,1,0
BRDA:231,40,0,0
BRDA:235,41,0,0
BRDA:245,42,0,0
BRDA:245,42,1,0
BRDA:245,43,0,0
BRDA:245,43,1,0
BRDA:245,44,0,0
BRDA:245,44,1,0
BRDA:257,45,0,0
BRDA:278,46,0,0
BRDA:294,47,0,0
BRDA:296,48,0,0
BRDA:305,49,0,0
BRDA:305,49,1,0
BRDA:305,50,0,0
BRDA:305,50,1,0
BRDA:305,51,0,0
BRDA:305,51,1,0
BRDA:315,52,0,0
BRDA:327,53,0,0
BRDA:327,53,1,0
BRDA:328,54,0,0
BRDA:328,54,1,0
BRDA:342,55,0,0
BRDA:346,56,0,0
BRDA:379,57,0,0
BRDA:383,58,0,0
BRDA:396,59,0,0
BRDA:396,59,1,0
BRF:100
BRH:0
end_of_record
TN:
SF:src\modules\google-sync\adapters\index.ts
FNF:0
FNH:0
DA:1,0
LF:1
LH:0
BRF:0
BRH:0
end_of_record
TN:
SF:src\modules\google-sync\dto\index.ts
FNF:0
FNH:0
DA:1,0
DA:2,0
LF:2
LH:0
BRF:0
BRH:0
end_of_record
TN:
SF:src\modules\google-sync\dto\sheet-mapping.dto.ts
FN:54,(anonymous_2)
FN:87,(anonymous_3)
FNF:2
FNH:0
FNDA:0,(anonymous_2)
FNDA:0,(anonymous_3)
DA:1,0
DA:2,0
DA:3,0
DA:4,0
DA:6,0
DA:10,0
DA:15,0
DA:19,0
DA:23,0
DA:26,0
DA:30,0
DA:35,0
DA:40,0
DA:44,0
DA:49,0
DA:54,0
DA:55,0
DA:61,0
DA:67,0
DA:74,0
DA:77,0
DA:81,0
DA:87,0
DA:88,0
DA:95,0
DA:100,0
LF:26
LH:0
BRF:0
BRH:0
end_of_record
TN:
SF:src\modules\google-sync\dto\spreadsheet-config.dto.ts
FNF:0
FNH:0
DA:1,0
DA:2,0
DA:4,0
DA:8,0
DA:13,0
DA:18,0
DA:25,0
DA:28,0
DA:32,0
DA:37,0
DA:44,0
LF:11
LH:0
BRF:0
BRH:0
end_of_record
TN:
SF:src\modules\google-sync\entities\index.ts
FNF:0
FNH:0
DA:1,0
DA:2,0
DA:3,0
LF:3
LH:0
BRF:0
BRH:0
end_of_record
TN:
SF:src\modules\google-sync\entities\spreadsheet-config.entity.ts
FN:30,(anonymous_2)
FN:30,(anonymous_3)
FNF:2
FNH:0
FNDA:0,(anonymous_2)
FNDA:0,(anonymous_3)
DA:1,0
DA:2,0
DA:8,0
DA:10,0
DA:13,0
DA:16,0
DA:19,0
DA:22,0
DA:25,0
DA:28,0
DA:30,0
DA:31,0
DA:34,0
DA:37,0
LF:14
LH:0
BRF:0
BRH:0
end_of_record
TN:
SF:src\modules\google-sync\entities\spreadsheet-sheet.entity.ts
FN:8,(anonymous_2)
FN:17,(anonymous_3)
FN:45,(anonymous_4)
FN:45,(anonymous_5)
FN:93,(anonymous_6)
FN:93,(anonymous_7)
FNF:6
FNH:0
FNDA:0,(anonymous_2)
FNDA:0,(anonymous_3)
FNDA:0,(anonymous_4)
FNDA:0,(anonymous_5)
FNDA:0,(anonymous_6)
FNDA:0,(anonymous_7)
DA:1,0
DA:2,0
DA:3,0
DA:8,0
DA:9,0
DA:10,0
DA:11,0
DA:17,0
DA:18,0
DA:19,0
DA:20,0
DA:38,0
DA:40,0
DA:43,0
DA:45,0
DA:47,0
DA:50,0
DA:53,0
DA:60,0
DA:67,0
DA:70,0
DA:73,0
DA:76,0
DA:79,0
DA:82,0
DA:85,0
DA:88,0
DA:91,0
DA:93,0
DA:94,0
DA:97,0
DA:100,0
LF:32
LH:0
BRDA:8,0,0,0
BRDA:8,0,1,0
BRDA:17,1,0,0
BRDA:17,1,1,0
BRF:4
BRH:0
end_of_record
TN:
SF:src\modules\google-sync\entities\sync-log.entity.ts
FN:8,(anonymous_2)
FN:18,(anonymous_3)
FN:49,(anonymous_4)
FN:49,(anonymous_5)
FN:56,(anonymous_6)
FNF:5
FNH:0
FNDA:0,(anonymous_2)
FNDA:0,(anonymous_3)
FNDA:0,(anonymous_4)
FNDA:0,(anonymous_5)
FNDA:0,(anonymous_6)
DA:1,0
DA:2,0
DA:3,0
DA:8,0
DA:9,0
DA:10,0
DA:11,0
DA:12,0
DA:18,0
DA:19,0
DA:20,0
DA:21,0
DA:42,0
DA:44,0
DA:47,0
DA:49,0
DA:51,0
DA:54,0
DA:56,0
DA:58,0
DA:64,0
DA:70,0
DA:73,0
DA:76,0
DA:79,0
DA:82,0
DA:85,0
DA:88,0
DA:91,0
DA:94,0
DA:97,0
LF:31
LH:0
BRDA:8,0,0,0
BRDA:8,0,1,0
BRDA:18,1,0,0
BRDA:18,1,1,0
BRF:4
BRH:0
end_of_record
TN:
SF:src\modules\google-sync\services\index.ts
FNF:0
FNH:0
DA:1,0
DA:2,0
DA:3,0
LF:3
LH:0
BRF:0
BRH:0
end_of_record
TN:
SF:src\modules\google-sync\services\sync-engine.service.ts
FN:31,(anonymous_4)
FN:48,(anonymous_5)
FN:120,(anonymous_6)
FN:133,(anonymous_7)
FN:138,(anonymous_8)
FN:150,(anonymous_9)
FN:191,(anonymous_10)
FN:211,(anonymous_11)
FN:255,(anonymous_12)
FN:273,(anonymous_13)
FN:276,(anonymous_14)
FN:294,(anonymous_15)
FN:396,(anonymous_16)
FN:413,(anonymous_17)
FN:421,(anonymous_18)
FN:428,(anonymous_19)
FN:435,(anonymous_20)
FN:446,(anonymous_21)
FN:470,(anonymous_22)
FN:482,(anonymous_23)
FN:501,(anonymous_24)
FN:502,(anonymous_25)
FN:508,(anonymous_26)
FN:522,(anonymous_27)
FN:535,(anonymous_28)
FN:555,(anonymous_29)
FN:559,(anonymous_30)
FN:574,(anonymous_31)
FN:592,(anonymous_32)
FN:605,(anonymous_33)
FN:619,(anonymous_34)
FN:623,(anonymous_35)
FN:624,(anonymous_36)
FN:631,(anonymous_37)
FN:668,(anonymous_38)
FNF:35
FNH:0
FNDA:0,(anonymous_4)
FNDA:0,(anonymous_5)
FNDA:0,(anonymous_6)
FNDA:0,(anonymous_7)
FNDA:0,(anonymous_8)
FNDA:0,(anonymous_9)
FNDA:0,(anonymous_10)
FNDA:0,(anonymous_11)
FNDA:0,(anonymous_12)
FNDA:0,(anonymous_13)
FNDA:0,(anonymous_14)
FNDA:0,(anonymous_15)
FNDA:0,(anonymous_16)
FNDA:0,(anonymous_17)
FNDA:0,(anonymous_18)
FNDA:0,(anonymous_19)
FNDA:0,(anonymous_20)
FNDA:0,(anonymous_21)
FNDA:0,(anonymous_22)
FNDA:0,(anonymous_23)
FNDA:0,(anonymous_24)
FNDA:0,(anonymous_25)
FNDA:0,(anonymous_26)
FNDA:0,(anonymous_27)
FNDA:0,(anonymous_28)
FNDA:0,(anonymous_29)
FNDA:0,(anonymous_30)
FNDA:0,(anonymous_31)
FNDA:0,(anonymous_32)
FNDA:0,(anonymous_33)
FNDA:0,(anonymous_34)
FNDA:0,(anonymous_35)
FNDA:0,(anonymous_36)
FNDA:0,(anonymous_37)
FNDA:0,(anonymous_38)
DA:1,0
DA:2,0
DA:3,0
DA:4,0
DA:5,0
DA:6,0
DA:7,0
DA:8,0
DA:9,0
DA:27,0
DA:28,0
DA:29,0
DA:33,0
DA:35,0
DA:37,0
DA:39,0
DA:40,0
DA:41,0
DA:42,0
DA:49,0
DA:51,0
DA:56,0
DA:57,0
DA:60,0
DA:61,0
DA:64,0
DA:66,0
DA:69,0
DA:71,0
DA:72,0
DA:74,0
DA:75,0
DA:77,0
DA:78,0
DA:80,0
DA:83,0
DA:86,0
DA:89,0
DA:95,0
DA:101,0
DA:104,0
DA:105,0
DA:107,0
DA:113,0
DA:121,0
DA:123,0
DA:124,0
DA:133,0
DA:134,0
DA:135,0
DA:138,0
DA:139,0
DA:145,0
DA:148,0
DA:149,0
DA:150,0
DA:151,0
DA:152,0
DA:155,0
DA:156,0
DA:157,0
DA:158,0
DA:160,0
DA:161,0
DA:162,0
DA:163,0
DA:164,0
DA:168,0
DA:169,0
DA:173,0
DA:175,0
DA:177,0
DA:178,0
DA:179,0
DA:184,0
DA:185,0
DA:189,0
DA:190,0
DA:191,0
DA:192,0
DA:193,0
DA:195,0
DA:200,0
DA:201,0
DA:204,0
DA:205,0
DA:212,0
DA:214,0
DA:223,0
DA:224,0
DA:225,0
DA:226,0
DA:228,0
DA:230,0
DA:231,0
DA:232,0
DA:233,0
DA:235,0
DA:239,0
DA:240,0
DA:243,0
DA:244,0
DA:248,0
DA:249,0
DA:256,0
DA:259,0
DA:260,0
DA:269,0
DA:270,0
DA:273,0
DA:274,0
DA:275,0
DA:276,0
DA:277,0
DA:278,0
DA:279,0
DA:281,0
DA:286,0
DA:287,0
DA:288,0
DA:289,0
DA:294,0
DA:295,0
DA:300,0
DA:301,0
DA:302,0
DA:303,0
DA:305,0
DA:306,0
DA:307,0
DA:308,0
DA:309,0
DA:313,0
DA:314,0
DA:315,0
DA:316,0
DA:318,0
DA:320,0
DA:321,0
DA:325,0
DA:327,0
DA:328,0
DA:329,0
DA:338,0
DA:340,0
DA:341,0
DA:342,0
DA:344,0
DA:345,0
DA:355,0
DA:356,0
DA:358,0
DA:359,0
DA:360,0
DA:361,0
DA:363,0
DA:364,0
DA:365,0
DA:370,0
DA:371,0
DA:372,0
DA:373,0
DA:374,0
DA:377,0
DA:378,0
DA:383,0
DA:384,0
DA:389,0
DA:390,0
DA:394,0
DA:395,0
DA:396,0
DA:397,0
DA:398,0
DA:403,0
DA:404,0
DA:407,0
DA:408,0
DA:414,0
DA:416,0
DA:421,0
DA:423,0
DA:428,0
DA:430,0
DA:431,0
DA:436,0
DA:438,0
DA:440,0
DA:442,0
DA:448,0
DA:450,0
DA:452,0
DA:453,0
DA:454,0
DA:455,0
DA:457,0
DA:459,0
DA:460,0
DA:461,0
DA:462,0
DA:464,0
DA:466,0
DA:471,0
DA:472,0
DA:474,0
DA:475,0
DA:477,0
DA:478,0
DA:483,0
DA:484,0
DA:485,0
DA:486,0
DA:487,0
DA:488,0
DA:489,0
DA:491,0
DA:492,0
DA:493,0
DA:494,0
DA:495,0
DA:496,0
DA:502,0
DA:503,0
DA:504,0
DA:509,0
DA:511,0
DA:512,0
DA:513,0
DA:514,0
DA:515,0
DA:519,0
DA:523,0
DA:525,0
DA:527,0
DA:529,0
DA:531,0
DA:536,0
DA:538,0
DA:540,0
DA:542,0
DA:544,0
DA:546,0
DA:547,0
DA:549,0
DA:551,0
DA:556,0
DA:560,0
DA:561,0
DA:562,0
DA:568,0
DA:569,0
DA:575,0
DA:589,0
DA:593,0
DA:606,0
DA:620,0
DA:624,0
DA:639,0
DA:640,0
DA:641,0
DA:643,0
DA:646,0
DA:648,0
DA:649,0
DA:650,0
DA:654,0
DA:655,0
DA:658,0
DA:662,0
DA:670,0
DA:671,0
DA:675,0
DA:676,0
DA:680,0
DA:681,0
DA:685,0
DA:686,0
DA:689,0
LF:278
LH:0
BRDA:56,0,0,0
BRDA:56,1,0,0
BRDA:56,1,1,0
BRDA:60,2,0,0
BRDA:69,3,0,0
BRDA:69,3,1,0
BRDA:69,3,2,0
BRDA:69,3,3,0
BRDA:91,4,0,0
BRDA:91,4,1,0
BRDA:92,5,0,0
BRDA:92,5,1,0
BRDA:151,6,0,0
BRDA:151,6,1,0
BRDA:152,7,0,0
BRDA:156,8,0,0
BRDA:156,8,1,0
BRDA:160,9,0,0
BRDA:160,9,1,0
BRDA:161,10,0,0
BRDA:175,11,0,0
BRDA:184,12,0,0
BRDA:189,13,0,0
BRDA:192,14,0,0
BRDA:192,14,1,0
BRDA:200,15,0,0
BRDA:226,16,0,0
BRDA:226,16,1,0
BRDA:228,17,0,0
BRDA:228,17,1,0
BRDA:231,18,0,0
BRDA:231,18,1,0
BRDA:277,19,0,0
BRDA:277,19,1,0
BRDA:278,20,0,0
BRDA:278,20,1,0
BRDA:303,21,0,0
BRDA:303,21,1,0
BRDA:305,22,0,0
BRDA:305,22,1,0
BRDA:305,23,0,0
BRDA:305,23,1,0
BRDA:306,24,0,0
BRDA:314,25,0,0
BRDA:314,25,1,0
BRDA:316,26,0,0
BRDA:316,26,1,0
BRDA:318,27,0,0
BRDA:318,27,1,0
BRDA:327,28,0,0
BRDA:338,29,0,0
BRDA:355,30,0,0
BRDA:355,30,1,0
BRDA:355,31,0,0
BRDA:355,31,1,0
BRDA:356,32,0,0
BRDA:361,33,0,0
BRDA:361,34,0,0
BRDA:361,34,1,0
BRDA:389,35,0,0
BRDA:394,36,0,0
BRDA:397,37,0,0
BRDA:403,38,0,0
BRDA:407,39,0,0
BRDA:407,39,1,0
BRDA:414,40,0,0
BRDA:414,40,1,0
BRDA:414,40,2,0
BRDA:436,41,0,0
BRDA:436,41,1,0
BRDA:436,41,2,0
BRDA:450,42,0,0
BRDA:450,42,1,0
BRDA:450,42,2,0
BRDA:453,43,0,0
BRDA:460,44,0,0
BRDA:472,45,0,0
BRDA:472,45,1,0
BRDA:483,46,0,0
BRDA:484,47,0,0
BRDA:486,48,0,0
BRDA:486,48,1,0
BRDA:487,49,0,0
BRDA:487,49,1,0
BRDA:488,50,0,0
BRDA:488,50,1,0
BRDA:489,51,0,0
BRDA:491,52,0,0
BRDA:493,53,0,0
BRDA:493,53,1,0
BRDA:494,54,0,0
BRDA:494,54,1,0
BRDA:495,55,0,0
BRDA:495,55,1,0
BRDA:496,56,0,0
BRDA:514,57,0,0
BRDA:523,58,0,0
BRDA:523,59,0,0
BRDA:523,59,1,0
BRDA:525,60,0,0
BRDA:525,60,1,0
BRDA:525,60,2,0
BRDA:527,61,0,0
BRDA:527,61,1,0
BRDA:529,62,0,0
BRDA:529,62,1,0
BRDA:536,63,0,0
BRDA:536,64,0,0
BRDA:536,64,1,0
BRDA:536,64,2,0
BRDA:538,65,0,0
BRDA:538,65,1,0
BRDA:538,65,2,0
BRDA:538,65,3,0
BRDA:542,66,0,0
BRDA:547,67,0,0
BRDA:547,67,1,0
BRDA:568,68,0,0
BRDA:634,69,0,0
BRDA:635,70,0,0
BRDA:648,71,0,0
BRDA:648,72,0,0
BRDA:648,72,1,0
BRDA:670,73,0,0
BRDA:670,74,0,0
BRDA:670,74,1,0
BRDA:670,75,0,0
BRDA:670,75,1,0
BRDA:670,76,0,0
BRDA:670,76,1,0
BRDA:670,77,0,0
BRDA:670,77,1,0
BRDA:670,78,0,0
BRDA:670,78,1,0
BRDA:670,79,0,0
BRDA:670,79,1,0
BRDA:670,80,0,0
BRDA:670,80,1,0
BRDA:675,81,0,0
BRDA:675,82,0,0
BRDA:675,82,1,0
BRDA:675,83,0,0
BRDA:675,83,1,0
BRDA:675,84,0,0
BRDA:675,84,1,0
BRDA:675,85,0,0
BRDA:675,85,1,0
BRDA:675,86,0,0
BRDA:675,86,1,0
BRDA:675,87,0,0
BRDA:675,87,1,0
BRDA:675,88,0,0
BRDA:675,88,1,0
BRDA:680,89,0,0
BRDA:680,90,0,0
BRDA:680,90,1,0
BRDA:680,90,2,0
BRDA:680,91,0,0
BRDA:680,91,1,0
BRDA:680,92,0,0
BRDA:680,92,1,0
BRDA:680,93,0,0
BRDA:680,93,1,0
BRDA:680,94,0,0
BRDA:680,94,1,0
BRDA:680,95,0,0
BRDA:680,95,1,0
BRDA:680,96,0,0
BRDA:680,96,1,0
BRDA:685,97,0,0
BRDA:685,98,0,0
BRDA:685,98,1,0
BRDA:685,99,0,0
BRDA:685,99,1,0
BRDA:685,100,0,0
BRDA:685,100,1,0
BRDA:685,101,0,0
BRDA:685,101,1,0
BRDA:685,102,0,0
BRDA:685,102,1,0
BRDA:685,103,0,0
BRDA:685,103,1,0
BRDA:685,104,0,0
BRDA:685,104,1,0
BRDA:685,105,0,0
BRDA:685,105,1,0
BRDA:685,106,0,0
BRDA:685,106,1,0
BRF:188
BRH:0
end_of_record
TN:
SF:src\modules\google-sync\services\sync-processor.service.ts
FN:18,(anonymous_2)
FN:21,(anonymous_3)
FN:33,(anonymous_4)
FN:38,(anonymous_5)
FN:43,(anonymous_6)
FNF:5
FNH:0
FNDA:0,(anonymous_2)
FNDA:0,(anonymous_3)
FNDA:0,(anonymous_4)
FNDA:0,(anonymous_5)
FNDA:0,(anonymous_6)
DA:1,0
DA:2,0
DA:4,0
DA:15,0
DA:16,0
DA:18,0
DA:21,0
DA:22,0
DA:24,0
DA:29,0
DA:33,0
DA:34,0
DA:38,0
DA:39,0
DA:43,0
DA:44,0
LF:16
LH:0
BRF:0
BRH:0
end_of_record
TN:
SF:src\modules\google-sync\services\sync-scheduler.service.ts
FN:23,(anonymous_4)
FN:31,(anonymous_5)
FN:42,(anonymous_6)
FN:89,(anonymous_7)
FN:92,(anonymous_8)
FN:119,(anonymous_9)
FN:126,(anonymous_10)
FN:132,(anonymous_11)
FN:144,(anonymous_12)
FNF:9
FNH:0
FNDA:0,(anonymous_4)
FNDA:0,(anonymous_5)
FNDA:0,(anonymous_6)
FNDA:0,(anonymous_7)
FNDA:0,(anonymous_8)
FNDA:0,(anonymous_9)
FNDA:0,(anonymous_10)
FNDA:0,(anonymous_11)
FNDA:0,(anonymous_12)
DA:1,0
DA:2,0
DA:3,0
DA:4,0
DA:5,0
DA:6,0
DA:7,0
DA:19,0
DA:20,0
DA:21,0
DA:25,0
DA:26,0
DA:28,0
DA:32,0
DA:34,0
DA:35,0
DA:42,0
DA:43,0
DA:44,0
DA:45,0
DA:48,0
DA:49,0
DA:51,0
DA:54,0
DA:68,0
DA:69,0
DA:72,0
DA:75,0
DA:76,0
DA:80,0
DA:82,0
DA:91,0
DA:92,0
DA:94,0
DA:95,0
DA:96,0
DA:99,0
DA:113,0
DA:120,0
DA:127,0
DA:132,0
DA:134,0
DA:135,0
DA:138,0
DA:145,0
LF:45
LH:0
BRDA:43,0,0,0
BRDA:68,1,0,0
BRDA:94,2,0,0
BRDA:132,3,0,0
BRDA:132,3,1,0
BRDA:132,4,0,0
BRDA:132,4,1,0
BRF:7
BRH:0
end_of_record
TN:
SF:src\modules\hardware-request\hardware-request.module.ts
FN:52,(anonymous_1)
FN:53,(anonymous_2)
FN:54,(anonymous_3)
FN:55,(anonymous_4)
FN:56,(anonymous_5)
FNF:5
FNH:0
FNDA:0,(anonymous_1)
FNDA:0,(anonymous_2)
FNDA:0,(anonymous_3)
FNDA:0,(anonymous_4)
FNDA:0,(anonymous_5)
DA:2,0
DA:3,0
DA:4,0
DA:5,0
DA:6,0
DA:7,0
DA:8,0
DA:9,0
DA:10,0
DA:11,0
DA:12,0
DA:13,0
DA:14,0
DA:15,0
DA:16,0
DA:17,0
DA:18,0
DA:19,0
DA:20,0
DA:21,0
DA:22,0
DA:23,0
DA:24,0
DA:25,0
DA:26,0
DA:27,0
DA:28,0
DA:29,0
DA:30,0
DA:31,0
DA:32,0
DA:33,0
DA:34,0
DA:35,0
DA:36,0
DA:37,0
DA:38,0
DA:52,0
DA:53,0
DA:54,0
DA:55,0
DA:56,0
DA:92,0
LF:43
LH:0
BRF:0
BRH:0
end_of_record
TN:
SF:src\modules\hardware-request\domain\errors.ts
FN:11,(anonymous_0)
FN:22,(anonymous_1)
FN:31,(anonymous_2)
FN:40,(anonymous_3)
FN:49,(anonymous_4)
FNF:5
FNH:4
FNDA:6,(anonymous_0)
FNDA:7,(anonymous_1)
FNDA:1,(anonymous_2)
FNDA:0,(anonymous_3)
FNDA:3,(anonymous_4)
DA:2,12
DA:10,12
DA:12,6
DA:21,12
DA:23,7
DA:30,12
DA:32,1
DA:39,12
DA:41,0
DA:48,12
DA:50,3
LF:11
LH:10
BRF:0
BRH:0
end_of_record
TN:
SF:src\modules\hardware-request\domain\entities\hardware-asset.entity.ts
FN:15,(anonymous_2)
FN:21,(anonymous_3)
FN:25,(anonymous_4)
FNF:3
FNH:0
FNDA:0,(anonymous_2)
FNDA:0,(anonymous_3)
FNDA:0,(anonymous_4)
DA:1,3
DA:5,3
DA:6,3
DA:7,3
DA:11,3
DA:12,3
DA:14,3
DA:15,0
DA:16,3
DA:18,3
DA:20,3
DA:21,0
DA:22,3
DA:24,3
DA:25,0
DA:26,3
DA:28,3
DA:29,3
DA:31,3
LF:19
LH:16
BRF:0
BRH:0
end_of_record
TN:
SF:src\modules\hardware-request\domain\entities\hardware-catalog.entity.ts
FN:27,(anonymous_2)
FN:30,(anonymous_3)
FNF:2
FNH:0
FNDA:0,(anonymous_2)
FNDA:0,(anonymous_3)
DA:2,16
DA:10,16
DA:14,16
DA:16,16
DA:19,16
DA:22,16
DA:25,16
DA:27,0
DA:28,16
DA:30,0
DA:31,16
DA:40,16
DA:43,16
DA:46,16
DA:49,16
LF:15
LH:13
BRF:0
BRH:0
end_of_record
TN:
SF:src\modules\hardware-request\domain\entities\hardware-request-activity.entity.ts
FN:25,(anonymous_2)
FN:32,(anonymous_3)
FN:45,(anonymous_4)
FNF:3
FNH:0
FNDA:0,(anonymous_2)
FNDA:0,(anonymous_3)
FNDA:0,(anonymous_4)
DA:2,5
DA:11,5
DA:12,5
DA:13,5
DA:14,5
DA:18,5
DA:20,5
DA:23,5
DA:25,0
DA:27,5
DA:30,5
DA:32,0
DA:34,5
DA:37,5
DA:40,5
DA:43,5
DA:45,0
DA:46,5
DA:49,5
LF:19
LH:16
BRF:0
BRH:0
end_of_record
TN:
SF:src\modules\hardware-request\domain\entities\hardware-request-comment.entity.ts
FN:14,(anonymous_2)
FN:18,(anonymous_3)
FN:23,(anonymous_4)
FNF:3
FNH:0
FNDA:0,(anonymous_2)
FNDA:0,(anonymous_3)
FNDA:0,(anonymous_4)
DA:1,1
DA:5,1
DA:6,1
DA:10,1
DA:11,1
DA:13,1
DA:14,0
DA:15,1
DA:17,1
DA:18,0
DA:19,1
DA:21,1
DA:23,0
DA:24,1
DA:26,1
DA:28,1
DA:29,1
LF:17
LH:14
BRF:0
BRH:0
end_of_record
TN:
SF:src\modules\hardware-request\domain\entities\hardware-request-item.entity.ts
FN:22,(anonymous_2)
FN:22,(anonymous_3)
FN:29,(anonymous_4)
FNF:3
FNH:0
FNDA:0,(anonymous_2)
FNDA:0,(anonymous_3)
FNDA:0,(anonymous_4)
DA:2,15
DA:10,15
DA:11,15
DA:15,15
DA:17,15
DA:20,15
DA:22,0
DA:24,15
DA:27,15
DA:29,0
DA:31,15
DA:34,15
DA:43,15
DA:46,15
DA:49,15
DA:52,15
DA:55,15
DA:58,15
LF:18
LH:16
BRF:0
BRH:0
end_of_record
TN:
SF:src\modules\hardware-request\domain\entities\hardware-request.entity.ts
FN:32,(anonymous_2)
FN:39,(anonymous_3)
FN:46,(anonymous_4)
FN:89,(anonymous_5)
FN:89,(anonymous_6)
FNF:5
FNH:0
FNDA:0,(anonymous_2)
FNDA:0,(anonymous_3)
FNDA:0,(anonymous_4)
FNDA:0,(anonymous_5)
FNDA:0,(anonymous_6)
DA:2,15
DA:14,15
DA:15,15
DA:16,15
DA:17,15
DA:22,15
DA:24,15
DA:27,15
DA:30,15
DA:32,0
DA:34,15
DA:37,15
DA:39,0
DA:41,15
DA:44,15
DA:46,0
DA:48,15
DA:51,15
DA:54,15
DA:57,15
DA:60,15
DA:63,15
DA:66,15
DA:69,15
DA:72,15
DA:75,15
DA:78,15
DA:81,15
DA:84,15
DA:87,15
DA:89,0
DA:92,15
DA:95,15
DA:98,15
LF:34
LH:30
BRF:0
BRH:0
end_of_record
TN:
SF:src\modules\hardware-request\domain\entities\installation-schedule.entity.ts
FN:16,(anonymous_2)
FN:20,(anonymous_3)
FNF:2
FNH:0
FNDA:0,(anonymous_2)
FNDA:0,(anonymous_3)
DA:1,4
DA:5,4
DA:6,4
DA:7,4
DA:12,4
DA:13,4
DA:15,4
DA:16,0
DA:17,4
DA:19,4
DA:20,0
DA:21,4
DA:23,4
DA:24,4
DA:27,4
DA:29,4
DA:30,4
DA:32,4
DA:33,4
DA:35,4
DA:36,4
DA:38,4
DA:39,4
LF:23
LH:21
BRF:0
BRH:0
end_of_record
TN:
SF:src\modules\hardware-request\domain\enums\activity-action.enum.ts
FN:1,(anonymous_0)
FNF:1
FNH:1
FNDA:5,(anonymous_0)
DA:1,5
DA:2,5
DA:3,5
DA:4,5
DA:5,5
DA:6,5
DA:7,5
DA:8,5
DA:9,5
DA:10,5
DA:11,5
DA:12,5
DA:13,5
DA:14,5
DA:15,5
DA:16,5
DA:17,5
LF:17
LH:17
BRDA:1,0,0,5
BRDA:1,0,1,5
BRF:2
BRH:2
end_of_record
TN:
SF:src\modules\hardware-request\domain\enums\hardware-role.enum.ts
FN:1,(anonymous_0)
FNF:1
FNH:1
FNDA:10,(anonymous_0)
DA:1,10
DA:2,10
DA:3,10
DA:4,10
DA:5,10
LF:5
LH:5
BRDA:1,0,0,10
BRDA:1,0,1,10
BRF:2
BRH:2
end_of_record
TN:
SF:src\modules\hardware-request\domain\enums\install-status.enum.ts
FN:1,(anonymous_0)
FNF:1
FNH:1
FNDA:4,(anonymous_0)
DA:1,4
DA:2,4
DA:3,4
DA:4,4
DA:5,4
DA:6,4
DA:7,4
DA:10,4
LF:8
LH:8
BRDA:1,0,0,4
BRDA:1,0,1,4
BRF:2
BRH:2
end_of_record
TN:
SF:src\modules\hardware-request\domain\enums\item-category.enum.ts
FN:1,(anonymous_0)
FNF:1
FNH:1
FNDA:16,(anonymous_0)
DA:1,16
DA:2,16
DA:3,16
DA:4,16
DA:5,16
DA:6,16
DA:7,16
LF:7
LH:7
BRDA:1,0,0,16
BRDA:1,0,1,16
BRF:2
BRH:2
end_of_record
TN:
SF:src\modules\hardware-request\domain\enums\request-status.enum.ts
FN:1,(anonymous_0)
FNF:1
FNH:1
FNDA:15,(anonymous_0)
DA:1,15
DA:2,15
DA:3,15
DA:4,15
DA:5,15
DA:6,15
DA:7,15
DA:8,15
DA:9,15
DA:10,15
DA:13,15
LF:11
LH:11
BRDA:1,0,0,15
BRDA:1,0,1,15
BRF:2
BRH:2
end_of_record
TN:
SF:src\modules\hardware-request\domain\events\hardware-request.events.ts
FNF:0
FNH:0
DA:1,9
LF:1
LH:1
BRF:0
BRH:0
end_of_record
TN:
SF:src\modules\hardware-request\dto\barcode.dto.ts
FNF:0
FNH:0
DA:1,1
DA:3,1
DA:6,1
LF:3
LH:3
BRF:0
BRH:0
end_of_record
TN:
SF:src\modules\hardware-request\dto\calendar-query.dto.ts
FN:9,(anonymous_2)
FNF:1
FNH:0
FNDA:0,(anonymous_2)
DA:1,1
DA:2,1
DA:3,1
DA:5,1
DA:6,1
DA:7,1
DA:9,1
DA:11,1
LF:8
LH:8
BRF:0
BRH:0
end_of_record
TN:
SF:src\modules\hardware-request\dto\create-catalog.dto.ts
FN:34,(anonymous_2)
FNF:1
FNH:0
FNDA:0,(anonymous_2)
DA:1,0
DA:13,0
DA:14,0
DA:16,0
DA:17,0
DA:18,0
DA:19,0
DA:20,0
DA:21,0
DA:24,0
DA:25,0
DA:26,0
DA:27,0
DA:29,0
DA:34,0
DA:35,0
DA:37,0
DA:38,0
LF:18
LH:0
BRF:0
BRH:0
end_of_record
TN:
SF:src\modules\hardware-request\dto\create-comment.dto.ts
FN:18,(anonymous_2)
FNF:1
FNH:0
FNDA:0,(anonymous_2)
DA:1,0
DA:2,0
DA:4,0
DA:5,0
DA:6,0
DA:7,0
DA:8,0
DA:11,0
DA:13,0
DA:18,0
DA:19,0
LF:11
LH:0
BRF:0
BRH:0
end_of_record
TN:
SF:src\modules\hardware-request\dto\create-request.dto.ts
FN:47,(anonymous_2)
FNF:1
FNH:0
FNDA:0,(anonymous_2)
DA:1,0
DA:13,0
DA:15,0
DA:17,0
DA:21,0
DA:25,0
DA:29,0
DA:32,0
DA:34,0
DA:38,0
DA:42,0
DA:47,0
DA:48,0
LF:13
LH:0
BRF:0
BRH:0
end_of_record
TN:
SF:src\modules\hardware-request\dto\dashboard-query.dto.ts
FN:4,(anonymous_2)
FN:6,(anonymous_3)
FN:12,(anonymous_4)
FNF:3
FNH:0
FNDA:0,(anonymous_2)
FNDA:0,(anonymous_3)
FNDA:0,(anonymous_4)
DA:1,0
DA:2,0
DA:4,0
DA:6,0
DA:9,0
DA:12,0
DA:15,0
LF:7
LH:0
BRF:0
BRH:0
end_of_record
TN:
SF:src\modules\hardware-request\dto\list-requests.dto.ts
FN:16,(anonymous_2)
FN:20,(anonymous_3)
FN:26,(anonymous_4)
FN:46,(anonymous_5)
FN:52,(anonymous_6)
FNF:5
FNH:0
FNDA:0,(anonymous_2)
FNDA:0,(anonymous_3)
FNDA:0,(anonymous_4)
FNDA:0,(anonymous_5)
FNDA:0,(anonymous_6)
DA:1,0
DA:2,0
DA:13,0
DA:14,0
DA:16,0
DA:20,0
DA:21,0
DA:26,0
DA:27,0
DA:31,0
DA:35,0
DA:39,0
DA:43,0
DA:46,0
DA:49,0
DA:52,0
DA:56,0
LF:17
LH:0
BRDA:20,0,0,0
BRDA:20,0,1,0
BRDA:26,1,0,0
BRDA:26,1,1,0
BRF:4
BRH:0
end_of_record
TN:
SF:src\modules\hardware-request\dto\reject-request.dto.ts
FNF:0
FNH:0
DA:1,0
DA:2,0
DA:4,0
LF:3
LH:0
BRF:0
BRH:0
end_of_record
TN:
SF:src\modules\hardware-request\dto\reschedule-install.dto.ts
FNF:0
FNH:0
DA:1,1
DA:3,1
DA:4,1
DA:5,1
DA:6,1
LF:5
LH:5
BRF:0
BRH:0
end_of_record
TN:
SF:src\modules\hardware-request\dto\schedule-install.dto.ts
FNF:0
FNH:0
DA:1,1
DA:3,1
DA:4,1
DA:5,1
DA:6,1
DA:7,1
LF:6
LH:6
BRF:0
BRH:0
end_of_record
TN:
SF:src\modules\hardware-request\dto\update-catalog.dto.ts
FNF:0
FNH:0
DA:1,0
DA:2,0
DA:4,0
LF:3
LH:0
BRF:0
BRH:0
end_of_record
TN:
SF:src\modules\hardware-request\dto\update-comment.dto.ts
FNF:0
FNH:0
DA:1,0
DA:2,0
DA:4,0
LF:3
LH:0
BRF:0
BRH:0
end_of_record
TN:
SF:src\modules\hardware-request\dto\update-draft.dto.ts
FNF:0
FNH:0
DA:1,0
DA:2,0
DA:4,0
LF:3
LH:0
BRF:0
BRH:0
end_of_record
TN:
SF:src\modules\hardware-request\dto\update-item.dto.ts
FN:5,(anonymous_2)
FNF:1
FNH:0
FNDA:0,(anonymous_2)
DA:1,0
DA:2,0
DA:4,0
DA:5,0
DA:6,0
DA:7,0
DA:8,0
DA:9,0
DA:10,0
LF:9
LH:0
BRF:0
BRH:0
end_of_record
TN:
SF:src\modules\hardware-request\guards\hardware-role.guard.ts
FN:12,pickRole
FN:17,(anonymous_3)
FN:21,(anonymous_4)
FN:24,(anonymous_5)
FN:27,(anonymous_6)
FN:35,(anonymous_7)
FN:37,(anonymous_8)
FNF:7
FNH:4
FNDA:5,pickRole
FNDA:0,(anonymous_3)
FNDA:3,(anonymous_4)
FNDA:2,(anonymous_5)
FNDA:2,(anonymous_6)
FNDA:0,(anonymous_7)
FNDA:0,(anonymous_8)
DA:1,4
DA:7,4
DA:8,4
DA:9,4
DA:10,4
DA:12,4
DA:13,5
DA:14,5
DA:15,0
DA:17,5
DA:18,5
DA:19,5
DA:21,5
DA:22,1
DA:24,4
DA:25,0
DA:27,4
DA:28,0
DA:30,4
DA:34,4
DA:35,0
DA:38,0
DA:42,0
DA:43,0
DA:44,0
DA:46,0
DA:47,0
DA:49,0
DA:50,0
DA:51,0
DA:53,0
LF:31
LH:17
BRDA:13,0,0,0
BRDA:14,1,0,0
BRDA:14,2,0,5
BRDA:14,2,1,0
BRDA:17,3,0,2
BRDA:17,3,1,3
BRDA:17,4,0,5
BRDA:17,4,1,5
BRDA:17,5,0,3
BRDA:17,5,1,2
BRDA:17,6,0,5
BRDA:17,6,1,5
BRDA:17,7,0,0
BRDA:17,7,1,0
BRDA:17,8,0,0
BRDA:17,8,1,0
BRDA:17,9,0,0
BRDA:17,9,1,0
BRDA:17,10,0,0
BRDA:17,10,1,0
BRDA:21,11,0,1
BRDA:24,12,0,0
BRDA:27,13,0,0
BRDA:44,14,0,0
BRDA:49,15,0,0
BRDA:49,16,0,0
BRDA:49,16,1,0
BRDA:50,17,0,0
BRF:28
BRH:10
end_of_record
TN:
SF:src\modules\hardware-request\guards\roles.decorator.ts
FN:5,(anonymous_0)
FNF:1
FNH:1
FNDA:8,(anonymous_0)
DA:1,4
DA:4,4
DA:5,4
DA:6,8
LF:4
LH:4
BRF:0
BRH:0
end_of_record
TN:
SF:src\modules\hardware-request\listeners\aging-reminder.cron.ts
FN:17,(anonymous_4)
FN:23,(anonymous_5)
FNF:2
FNH:2
FNDA:2,(anonymous_4)
FNDA:2,(anonymous_5)
DA:1,1
DA:2,1
DA:3,1
DA:4,1
DA:5,1
DA:6,1
DA:7,1
DA:8,1
DA:10,1
DA:13,1
DA:14,2
DA:15,2
DA:18,2
DA:19,2
DA:23,1
DA:24,2
DA:28,2
DA:29,2
DA:30,2
DA:31,1
DA:32,1
DA:33,1
DA:38,2
LF:23
LH:23
BRDA:32,0,0,0
BRF:1
BRH:0
end_of_record
TN:
SF:src\modules\hardware-request\listeners\email-notifier.listener.ts
FN:14,(anonymous_2)
FN:20,(anonymous_3)
FN:34,(anonymous_4)
FN:45,(anonymous_5)
FN:49,(anonymous_6)
FN:65,(anonymous_7)
FN:81,(anonymous_8)
FNF:7
FNH:5
FNDA:2,(anonymous_2)
FNDA:2,(anonymous_3)
FNDA:1,(anonymous_4)
FNDA:1,(anonymous_5)
FNDA:0,(anonymous_6)
FNDA:1,(anonymous_7)
FNDA:0,(anonymous_8)
DA:1,1
DA:2,1
DA:3,1
DA:4,1
DA:5,1
DA:6,1
DA:11,1
DA:12,2
DA:15,2
DA:16,2
DA:17,2
DA:21,2
DA:22,2
DA:29,0
DA:34,1
DA:35,1
DA:36,1
DA:37,1
DA:38,1
DA:45,1
DA:49,1
DA:50,0
DA:51,0
DA:52,0
DA:59,0
DA:60,0
DA:65,1
DA:66,1
DA:67,1
DA:68,1
DA:75,1
DA:76,1
DA:81,1
DA:82,0
DA:83,0
DA:84,0
DA:91,0
DA:92,0
LF:38
LH:27
BRDA:36,0,0,0
BRDA:42,1,0,0
BRDA:42,1,1,1
BRDA:42,2,0,1
BRDA:42,2,1,1
BRDA:51,3,0,0
BRDA:59,4,0,0
BRDA:59,5,0,0
BRDA:59,5,1,0
BRDA:59,6,0,0
BRDA:59,6,1,0
BRDA:67,7,0,0
BRDA:75,8,0,1
BRDA:75,9,0,0
BRDA:75,9,1,1
BRDA:75,10,0,1
BRDA:75,10,1,1
BRDA:83,11,0,0
BRDA:91,12,0,0
BRDA:91,13,0,0
BRDA:91,13,1,0
BRDA:91,14,0,0
BRDA:91,14,1,0
BRF:23
BRH:7
end_of_record
TN:
SF:src\modules\hardware-request\listeners\in-app-notifier.listener.ts
FN:13,(anonymous_2)
FN:17,(anonymous_3)
FN:23,(anonymous_4)
FN:28,(anonymous_5)
FN:32,(anonymous_6)
FN:41,(anonymous_7)
FN:51,(anonymous_8)
FN:60,(anonymous_9)
FN:73,(anonymous_10)
FN:76,(anonymous_11)
FN:85,(anonymous_12)
FN:95,(anonymous_13)
FN:104,(anonymous_14)
FN:116,(anonymous_15)
FN:117,(anonymous_16)
FN:126,(anonymous_17)
FN:127,(anonymous_18)
FN:137,(anonymous_19)
FN:147,(anonymous_20)
FN:157,(anonymous_21)
FN:166,(anonymous_22)
FN:167,(anonymous_23)
FN:168,(anonymous_24)
FNF:23
FNH:10
FNDA:5,(anonymous_2)
FNDA:3,(anonymous_3)
FNDA:5,(anonymous_4)
FNDA:1,(anonymous_5)
FNDA:1,(anonymous_6)
FNDA:1,(anonymous_7)
FNDA:1,(anonymous_8)
FNDA:0,(anonymous_9)
FNDA:0,(anonymous_10)
FNDA:0,(anonymous_11)
FNDA:0,(anonymous_12)
FNDA:0,(anonymous_13)
FNDA:0,(anonymous_14)
FNDA:0,(anonymous_15)
FNDA:0,(anonymous_16)
FNDA:0,(anonymous_17)
FNDA:0,(anonymous_18)
FNDA:0,(anonymous_19)
FNDA:0,(anonymous_20)
FNDA:0,(anonymous_21)
FNDA:1,(anonymous_22)
FNDA:3,(anonymous_23)
FNDA:2,(anonymous_24)
DA:1,1
DA:2,1
DA:3,1
DA:4,1
DA:5,1
DA:6,1
DA:7,1
DA:13,5
DA:16,1
DA:18,3
DA:19,3
DA:20,3
DA:24,5
DA:28,1
DA:29,1
DA:30,1
DA:31,1
DA:32,1
DA:41,1
DA:42,1
DA:43,1
DA:44,1
DA:45,1
DA:51,1
DA:60,1
DA:61,0
DA:62,0
DA:63,0
DA:73,1
DA:74,0
DA:75,0
DA:76,0
DA:85,1
DA:86,0
DA:87,0
DA:88,0
DA:89,0
DA:95,0
DA:104,1
DA:105,0
DA:106,0
DA:116,1
DA:117,0
DA:126,1
DA:127,0
DA:137,1
DA:138,0
DA:147,1
DA:148,0
DA:149,0
DA:150,0
DA:151,0
DA:157,0
DA:166,1
DA:167,3
DA:168,2
LF:56
LH:35
BRDA:30,0,0,0
BRDA:43,1,0,0
BRDA:62,2,0,0
BRDA:74,3,0,0
BRDA:87,4,0,0
BRDA:105,5,0,0
BRDA:105,5,1,0
BRDA:129,6,0,0
BRDA:129,6,1,0
BRDA:129,7,0,0
BRDA:129,7,1,0
BRDA:149,8,0,0
BRF:12
BRH:0
end_of_record
TN:
SF:src\modules\hardware-request\presentation\hardware-activity.controller.ts
FN:9,(anonymous_4)
FN:12,(anonymous_5)
FNF:2
FNH:2
FNDA:3,(anonymous_4)
FNDA:3,(anonymous_5)
DA:1,1
DA:2,1
DA:3,1
DA:4,1
DA:8,1
DA:9,3
DA:12,1
DA:16,3
DA:17,3
DA:18,2
LF:10
LH:10
BRF:0
BRH:0
end_of_record
TN:
SF:src\modules\hardware-request\presentation\hardware-catalog.controller.ts
FN:24,(anonymous_4)
FN:28,(anonymous_5)
FN:36,(anonymous_6)
FN:42,(anonymous_7)
FN:48,(anonymous_8)
FN:57,(anonymous_9)
FNF:6
FNH:0
FNDA:0,(anonymous_4)
FNDA:0,(anonymous_5)
FNDA:0,(anonymous_6)
FNDA:0,(anonymous_7)
FNDA:0,(anonymous_8)
FNDA:0,(anonymous_9)
DA:1,0
DA:13,0
DA:14,0
DA:15,0
DA:16,0
DA:17,0
DA:18,0
DA:19,0
DA:23,0
DA:24,0
DA:28,0
DA:29,0
DA:32,0
DA:36,0
DA:37,0
DA:42,0
DA:43,0
DA:48,0
DA:52,0
DA:57,0
DA:58,0
DA:59,0
LF:22
LH:0
BRDA:29,0,0,0
BRDA:29,0,1,0
BRF:2
BRH:0
end_of_record
TN:
SF:src\modules\hardware-request\presentation\hardware-comment.controller.ts
FN:14,(anonymous_4)
FN:17,(anonymous_5)
FN:27,(anonymous_6)
FN:38,(anonymous_7)
FN:53,(anonymous_8)
FNF:5
FNH:0
FNDA:0,(anonymous_4)
FNDA:0,(anonymous_5)
FNDA:0,(anonymous_6)
FNDA:0,(anonymous_7)
FNDA:0,(anonymous_8)
DA:1,0
DA:5,0
DA:6,0
DA:7,0
DA:8,0
DA:9,0
DA:13,0
DA:14,0
DA:17,0
DA:21,0
DA:22,0
DA:23,0
DA:27,0
DA:32,0
DA:33,0
DA:34,0
DA:38,0
DA:44,0
DA:45,0
DA:48,0
DA:53,0
DA:58,0
DA:59,0
LF:23
LH:0
BRF:0
BRH:0
end_of_record
TN:
SF:src\modules\hardware-request\presentation\hardware-dashboard.controller.ts
FN:13,(anonymous_4)
[...]
DA:1,0
DA:2,0
DA:6,0
DA:7,0
DA:10,0
DA:16,0
DA:17,0
DA:20,0
DA:23,0
DA:24,0
DA:28,0
DA:29,0
DA:33,0
DA:34,0
DA:37,0
LF:15
LH:0
BRDA:16,0,0,0
BRDA:16,1,0,0
BRDA:16,1,1,0
BRDA:23,2,0,0
BRDA:23,3,0,0
BRDA:23,3,1,0
BRDA:28,4,0,0
BRDA:33,5,0,0
BRF:8
BRH:0
end_of_record
TN:
SF:src\shared\core\interceptors\logging.interceptor.ts
FN:21,(anonymous_1)
FN:27,(anonymous_2)
FN:43,(anonymous_3)
FN:70,(anonymous_4)
FNF:4
FNH:0
FNDA:0,(anonymous_1)
FNDA:0,(anonymous_2)
FNDA:0,(anonymous_3)
FNDA:0,(anonymous_4)
DA:1,0
DA:9,0
DA:21,0
DA:22,0
DA:25,0
DA:29,0
DA:30,0
DA:33,0
DA:34,0
DA:35,0
DA:38,0
DA:39,0
DA:40,0
DA:42,0
DA:44,0
DA:45,0
DA:46,0
DA:48,0
DA:58,0
DA:59,0
DA:65,0
DA:71,0
DA:72,0
DA:74,0
DA:84,0
LF:25
LH:0
BRDA:29,0,0,0
BRDA:34,1,0,0
BRDA:34,2,0,0
BRDA:34,2,1,0
BRDA:39,3,0,0
BRDA:39,3,1,0
BRDA:45,4,0,0
BRDA:45,4,1,0
BRDA:45,5,0,0
BRDA:45,5,1,0
BRDA:45,6,0,0
BRDA:45,6,1,0
BRDA:46,7,0,0
BRDA:46,7,1,0
BRDA:46,7,2,0
BRDA:46,8,0,0
BRDA:46,8,1,0
BRDA:46,9,0,0
BRDA:46,9,1,0
BRDA:58,10,0,0
BRDA:58,10,1,0
BRDA:72,11,0,0
BRDA:72,11,1,0
BRDA:72,12,0,0
BRDA:72,12,1,0
BRDA:72,13,0,0
BRDA:72,13,1,0
BRDA:81,14,0,0
BRDA:81,14,1,0
BRF:29
BRH:0
end_of_record
TN:
SF:src\shared\core\logger\app.logger.ts
FN:4,(anonymous_1)
FN:7,(anonymous_2)
FN:13,(anonymous_3)
FN:19,(anonymous_4)
FN:23,(anonymous_5)
FN:27,(anonymous_6)
FNF:6
FNH:0
FNDA:0,(anonymous_1)
FNDA:0,(anonymous_2)
FNDA:0,(anonymous_3)
FNDA:0,(anonymous_4)
FNDA:0,(anonymous_5)
FNDA:0,(anonymous_6)
DA:1,0
DA:4,0
DA:5,0
DA:8,0
DA:9,0
DA:14,0
DA:15,0
DA:20,0
DA:24,0
DA:28,0
LF:10
LH:0
BRDA:8,0,0,0
BRDA:14,1,0,0
BRF:2
BRH:0
end_of_record
TN:
SF:src\shared\core\logger\logger.module.ts
FNF:0
FNH:0
DA:1,0
DA:2,0
DA:9,0
LF:3
LH:0
BRF:0
BRH:0
end_of_record
TN:
SF:src\shared\core\logger\typeorm-logger.ts
FN:20,(anonymous_0)
FN:28,(anonymous_1)
FN:37,(anonymous_2)
FN:50,(anonymous_3)
FN:64,(anonymous_4)
FN:71,(anonymous_5)
FN:78,(anonymous_6)
FN:96,(anonymous_7)
FN:107,(anonymous_8)
FNF:9
FNH:0
FNDA:0,(anonymous_0)
FNDA:0,(anonymous_1)
FNDA:0,(anonymous_2)
FNDA:0,(anonymous_3)
FNDA:0,(anonymous_4)
FNDA:0,(anonymous_5)
FNDA:0,(anonymous_6)
FNDA:0,(anonymous_7)
FNDA:0,(anonymous_8)
DA:2,0
DA:13,0
DA:14,0
DA:21,0
DA:22,0
DA:29,0
DA:30,0
DA:38,0
DA:51,0
DA:53,0
DA:65,0
DA:72,0
DA:79,0
DA:81,0
DA:82,0
DA:86,0
DA:87,0
DA:89,0
DA:97,0
DA:98,0
DA:99,0
DA:101,0
DA:108,0
DA:109,0
DA:111,0
LF:25
LH:0
BRDA:21,0,0,0
BRDA:21,0,1,0
BRDA:29,1,0,0
BRDA:29,2,0,0
BRDA:29,2,1,0
BRDA:43,3,0,0
BRDA:43,3,1,0
BRDA:51,4,0,0
BRDA:51,4,1,0
BRDA:57,5,0,0
BRDA:57,5,1,0
BRDA:79,6,0,0
BRDA:79,6,1,0
BRDA:79,6,2,0
BRDA:79,6,3,0
BRDA:86,7,0,0
BRDA:98,8,0,0
BRDA:108,9,0,0
BRDA:108,10,0,0
BRDA:108,10,1,0
BRF:20
BRH:0
end_of_record
TN:
SF:src\shared\core\middleware\correlation.middleware.ts
FN:15,(anonymous_1)
FNF:1
FNH:0
FNDA:0,(anonymous_1)
DA:1,0
DA:3,0
DA:14,0
DA:17,0
DA:22,0
DA:25,0
DA:27,0
LF:7
LH:0
BRDA:17,0,0,0
BRDA:17,0,1,0
BRDA:17,0,2,0
BRF:3
BRH:0
end_of_record
TN:
SF:src\shared\core\middleware\csrf.middleware.ts
FN:25,(anonymous_1)
FN:34,(anonymous_2)
FN:54,(anonymous_3)
FN:135,(anonymous_4)
FN:180,setCsrfCookie
FNF:5
FNH:0
FNDA:0,(anonymous_1)
FNDA:0,(anonymous_2)
FNDA:0,(anonymous_3)
FNDA:0,(anonymous_4)
FNDA:0,setCsrfCookie
DA:1,0
DA:3,0
DA:15,0
DA:16,0
DA:17,0
DA:20,0
DA:26,0
DA:27,0
DA:28,0
DA:35,0
DA:36,0
DA:39,0
DA:40,0
DA:41,0
DA:44,0
DA:45,0
DA:46,0
DA:50,0
DA:51,0
DA:56,0
DA:57,0
DA:58,0
DA:64,0
DA:134,0
DA:135,0
DA:136,0
DA:140,0
DA:141,0
DA:144,0
DA:145,0
DA:152,0
DA:157,0
DA:158,0
DA:165,0
DA:166,0
DA:172,0
DA:180,0
DA:181,0
DA:183,0
DA:191,0
LF:40
LH:0
BRDA:35,0,0,0
BRDA:35,1,0,0
BRDA:35,1,1,0
BRDA:40,2,0,0
BRDA:45,3,0,0
BRDA:57,4,0,0
BRDA:134,5,0,0
BRDA:134,5,1,0
BRDA:135,6,0,0
BRDA:140,7,0,0
BRDA:140,7,1,0
BRDA:140,8,0,0
BRDA:140,8,1,0
BRDA:144,9,0,0
BRDA:144,10,0,0
BRDA:144,10,1,0
BRDA:157,11,0,0
BRDA:165,12,0,0
BRF:18
BRH:0
end_of_record
TN:
SF:src\shared\core\responses\api-response.dto.ts
FN:16,(anonymous_0)
FN:20,(anonymous_1)
FN:24,(anonymous_2)
FNF:3
FNH:0
FNDA:0,(anonymous_0)
FNDA:0,(anonymous_1)
FNDA:0,(anonymous_2)
DA:1,0
DA:17,0
DA:21,0
DA:30,0
DA:43,0
LF:5
LH:0
BRF:0
BRH:0
end_of_record
TN:
SF:src\shared\core\responses\index.ts
FNF:0
FNH:0
DA:1,0
LF:1
LH:0
BRF:0
BRH:0
end_of_record
TN:
SF:src\shared\core\types\page-access.types.ts
FN:29,isValidPageKey
FNF:1
FNH:0
FNDA:0,isValidPageKey
DA:7,0
DA:29,0
DA:30,0
LF:3
LH:0
BRF:0
BRH:0
end_of_record
TN:
SF:src\shared\core\utils\rate-limiter.ts
FN:13,(anonymous_0)
FN:23,(anonymous_1)
FN:31,(anonymous_2)
FN:48,(anonymous_3)
FN:51,(anonymous_4)
FN:59,(anonymous_5)
FN:64,(anonymous_6)
FN:76,(anonymous_7)
FNF:8
FNH:0
FNDA:0,(anonymous_0)
FNDA:0,(anonymous_1)
FNDA:0,(anonymous_2)
FNDA:0,(anonymous_3)
FNDA:0,(anonymous_4)
FNDA:0,(anonymous_5)
FNDA:0,(anonymous_6)
FNDA:0,(anonymous_7)
DA:5,1
DA:6,0
DA:14,0
DA:15,0
DA:24,0
DA:25,0
DA:28,0
DA:31,0
DA:34,0
DA:35,0
DA:39,0
DA:40,0
DA:42,0
DA:49,0
DA:50,0
DA:51,0
DA:52,0
DA:60,0
DA:61,0
DA:63,0
DA:64,0
DA:65,0
DA:66,0
DA:68,0
DA:77,0
LF:25
LH:1
BRDA:28,0,0,0
BRDA:28,0,1,0
BRDA:34,1,0,0
BRDA:51,2,0,0
BRDA:51,2,1,0
BRDA:65,3,0,0
BRDA:65,3,1,0
BRF:7
BRH:0
end_of_record
TN:
SF:src\shared\core\validators\common.validators.ts
FN:10,NoSqlInjection
FN:11,(anonymous_1)
FN:18,(anonymous_2)
FN:28,(anonymous_3)
FN:30,(anonymous_4)
FN:41,IsSafeSearch
FN:42,(anonymous_6)
FN:49,(anonymous_7)
FN:61,(anonymous_8)
FN:63,(anonymous_9)
FN:74,IsUUIDArray
FN:75,(anonymous_11)
FN:82,(anonymous_12)
FN:85,(anonymous_13)
FN:87,(anonymous_14)
FN:98,IsSafeInteger
FN:99,(anonymous_16)
FN:106,(anonymous_17)
FN:110,(anonymous_18)
FNF:19
FNH:0
FNDA:0,NoSqlInjection
FNDA:0,(anonymous_1)
FNDA:0,(anonymous_2)
FNDA:0,(anonymous_3)
FNDA:0,(anonymous_4)
FNDA:0,IsSafeSearch
FNDA:0,(anonymous_6)
FNDA:0,(anonymous_7)
FNDA:0,(anonymous_8)
FNDA:0,(anonymous_9)
FNDA:0,IsUUIDArray
FNDA:0,(anonymous_11)
FNDA:0,(anonymous_12)
FNDA:0,(anonymous_13)
FNDA:0,(anonymous_14)
FNDA:0,IsSafeInteger
FNDA:0,(anonymous_16)
FNDA:0,(anonymous_17)
FNDA:0,(anonymous_18)
DA:1,0
DA:10,0
DA:11,0
DA:12,0
DA:19,0
DA:21,0
DA:28,0
DA:31,0
DA:41,0
DA:42,0
DA:43,0
DA:50,0
DA:51,0
DA:54,0
DA:61,0
DA:64,0
DA:74,0
DA:75,0
DA:76,0
DA:83,0
DA:84,0
DA:85,0
DA:88,0
DA:98,0
DA:99,0
DA:100,0
DA:107,0
DA:108,0
DA:111,0
LF:29
LH:0
BRDA:19,0,0,0
BRDA:50,1,0,0
BRDA:51,2,0,0
BRDA:83,3,0,0
BRDA:85,4,0,0
BRDA:85,4,1,0
BRDA:98,5,0,0
BRDA:98,6,0,0
BRDA:107,7,0,0
BRDA:108,8,0,0
BRDA:108,8,1,0
BRDA:108,8,2,0
BRF:12
BRH:0
end_of_record
TN:
SF:src\shared\core\validators\input-sanitizer.ts
FN:6,Sanitize
FN:7,(anonymous_1)
FN:35,NormalizeEmail
FN:36,(anonymous_3)
FN:45,SanitizeFilename
FN:46,(anonymous_5)
FN:60,TrimArray
FN:61,(anonymous_7)
FN:63,(anonymous_8)
FN:65,(anonymous_9)
FNF:10
FNH:0
FNDA:0,Sanitize
FNDA:0,(anonymous_1)
FNDA:0,NormalizeEmail
FNDA:0,(anonymous_3)
FNDA:0,SanitizeFilename
FNDA:0,(anonymous_5)
FNDA:0,TrimArray
FNDA:0,(anonymous_7)
FNDA:0,(anonymous_8)
FNDA:0,(anonymous_9)
DA:1,0
DA:6,0
DA:7,0
DA:8,0
DA:10,0
DA:12,0
DA:14,0
DA:16,0
DA:26,0
DA:28,0
DA:35,0
DA:36,0
DA:37,0
DA:38,0
DA:45,0
DA:46,0
DA:47,0
DA:49,0
DA:60,0
DA:61,0
DA:62,0
DA:63,0
DA:64,0
DA:65,0
LF:24
LH:0
BRDA:6,0,0,0
BRDA:8,1,0,0
BRDA:12,2,0,0
BRDA:37,3,0,0
BRDA:47,4,0,0
BRDA:62,5,0,0
BRDA:64,6,0,0
BRDA:64,6,1,0
BRF:8
BRH:0
end_of_record
TN:
SF:src\shared\core\validators\magic-bytes.validator.ts
FN:17,(anonymous_2)
FN:21,(anonymous_3)
FN:40,(anonymous_4)
FN:42,(anonymous_5)
FN:46,(anonymous_6)
FN:51,validateFileMagicBytes
FNF:6
FNH:0
FNDA:0,(anonymous_2)
FNDA:0,(anonymous_3)
FNDA:0,(anonymous_4)
FNDA:0,(anonymous_5)
FNDA:0,(anonymous_6)
FNDA:0,validateFileMagicBytes
DA:1,0
DA:2,0
DA:4,0
DA:16,0
DA:18,0
DA:22,0
DA:26,0
DA:27,0
DA:28,0
DA:29,0
DA:30,0
DA:32,0
DA:35,0
DA:38,0
DA:40,0
DA:41,0
DA:42,0
DA:47,0
DA:51,0
DA:52,0
DA:53,0
LF:21
LH:0
BRDA:18,0,0,0
BRDA:18,0,1,0
BRDA:22,1,0,0
BRDA:26,2,0,0
BRDA:26,2,1,0
BRDA:28,3,0,0
BRDA:28,3,1,0
BRDA:38,4,0,0
BRDA:41,5,0,0
BRF:9
BRH:0
end_of_record
TN:
SF:src\shared\queue\index.ts
FNF:0
FNH:0
DA:1,0
DA:2,0
DA:3,0
LF:3
LH:0
BRF:0
BRH:0
end_of_record
TN:
SF:src\shared\queue\queue.module.ts
FN:26,(anonymous_1)
FN:52,(anonymous_2)
FNF:2
FNH:0
FNDA:0,(anonymous_1)
FNDA:0,(anonymous_2)
DA:1,0
DA:2,0
DA:23,0
DA:24,0
DA:27,0
DA:29,0
DA:30,0
DA:31,0
DA:34,0
DA:42,0
DA:44,0
DA:46,0
DA:53,0
DA:54,0
DA:55,0
DA:57,0
DA:59,0
LF:17
LH:0
BRDA:29,0,0,0
BRDA:63,1,0,0
BRDA:63,1,1,0
BRF:3
BRH:0
end_of_record
TN:
SF:src\shared\queue\processors\email.processor.ts
FN:35,(anonymous_2)
FN:38,(anonymous_3)
FN:64,(anonymous_4)
FN:99,(anonymous_5)
FN:149,(anonymous_6)
FN:183,(anonymous_7)
FN:191,(anonymous_8)
FN:195,(anonymous_9)
FN:196,(anonymous_10)
FNF:9
FNH:0
FNDA:0,(anonymous_2)
FNDA:0,(anonymous_3)
FNDA:0,(anonymous_4)
FNDA:0,(anonymous_5)
FNDA:0,(anonymous_6)
FNDA:0,(anonymous_7)
FNDA:0,(anonymous_8)
FNDA:0,(anonymous_9)
FNDA:0,(anonymous_10)
DA:1,0
DA:2,0
DA:4,0
DA:32,0
DA:33,0
DA:35,0
DA:38,0
DA:39,0
DA:41,0
DA:43,0
DA:44,0
DA:55,0
DA:56,0
DA:58,0
DA:59,0
DA:64,0
DA:65,0
DA:67,0
DA:69,0
DA:75,0
DA:76,0
DA:77,0
DA:83,0
DA:85,0
DA:86,0
DA:87,0
DA:91,0
DA:94,0
DA:95,0
DA:99,0
DA:108,0
DA:110,0
DA:118,0
DA:126,0
DA:127,0
DA:141,0
DA:143,0
DA:144,0
DA:149,0
DA:158,0
DA:160,0
DA:161,0
DA:175,0
DA:177,0
DA:178,0
DA:183,0
DA:184,0
DA:191,0
DA:192,0
DA:196,0
LF:50
LH:0
BRDA:41,0,0,0
BRDA:41,0,1,0
BRDA:55,1,0,0
BRDA:55,1,1,0
BRDA:136,2,0,0
BRDA:136,2,1,0
BRDA:171,3,0,0
BRDA:171,3,1,0
BRF:8
BRH:0
end_of_record
TN:
SF:src\shared\queue\processors\notification.processor.ts
FN:32,(anonymous_4)
FN:40,(anonymous_5)
FN:72,(anonymous_6)
FN:82,(anonymous_7)
FN:90,(anonymous_8)
FNF:5
FNH:0
FNDA:0,(anonymous_4)
FNDA:0,(anonymous_5)
FNDA:0,(anonymous_6)
FNDA:0,(anonymous_7)
FNDA:0,(anonymous_8)
DA:1,0
DA:2,0
DA:4,0
DA:5,0
DA:6,0
DA:7,0
DA:29,0
DA:30,0
DA:34,0
DA:36,0
DA:40,0
DA:41,0
DA:43,0
DA:45,0
DA:51,0
DA:53,0
DA:57,0
DA:58,0
DA:59,0
DA:61,0
DA:63,0
DA:64,0
DA:65,0
DA:67,0
DA:72,0
DA:73,0
DA:75,0
DA:78,0
DA:82,0
DA:83,0
DA:90,0
DA:91,0
LF:32
LH:0
BRDA:49,0,0,0
BRDA:49,0,1,0
BRDA:49,0,2,0
BRDA:49,0,3,0
BRDA:49,1,0,0
BRDA:49,1,1,0
BRDA:49,2,0,0
BRDA:49,2,1,0
BRF:8
BRH:0
end_of_record
TN:
SF:src\shared\queue\processors\zoom-meeting.processor.ts
FN:28,(anonymous_2)
FN:32,(anonymous_3)
FN:51,(anonymous_4)
FN:68,(anonymous_5)
FN:83,(anonymous_6)
FN:88,(anonymous_7)
FN:101,(anonymous_8)
FN:114,(anonymous_9)
FNF:8
FNH:0
FNDA:0,(anonymous_2)
FNDA:0,(anonymous_3)
FNDA:0,(anonymous_4)
FNDA:0,(anonymous_5)
FNDA:0,(anonymous_6)
FNDA:0,(anonymous_7)
FNDA:0,(anonymous_8)
FNDA:0,(anonymous_9)
DA:1,0
DA:2,0
DA:28,0
DA:29,0
DA:32,0
DA:33,0
DA:35,0
DA:37,0
DA:40,0
DA:42,0
DA:43,0
DA:45,0
DA:46,0
DA:51,0
DA:52,0
DA:54,0
DA:56,0
DA:57,0
DA:59,0
DA:60,0
DA:62,0
DA:63,0
DA:68,0
DA:69,0
DA:71,0
DA:73,0
DA:75,0
DA:77,0
DA:78,0
DA:83,0
DA:84,0
DA:88,0
DA:89,0
DA:104,0
DA:116,0
LF:35
LH:0
BRDA:42,0,0,0
BRDA:42,0,1,0
BRDA:42,1,0,0
BRDA:42,1,1,0
BRDA:42,2,0,0
BRDA:42,2,1,0
BRDA:59,3,0,0
BRDA:59,3,1,0
BRF:8
BRH:0
end_of_record
TN:
SF:src\shared\upload\image-processor.service.ts
FN:28,(anonymous_2)
FN:35,(anonymous_3)
FN:71,(anonymous_4)
FN:100,(anonymous_5)
FN:107,(anonymous_6)
FN:111,(anonymous_7)
FNF:6
FNH:0
FNDA:0,(anonymous_2)
FNDA:0,(anonymous_3)
FNDA:0,(anonymous_4)
FNDA:0,(anonymous_5)
FNDA:0,(anonymous_6)
FNDA:0,(anonymous_7)
DA:1,0
DA:2,0
DA:3,0
DA:6,0
DA:7,0
DA:9,0
DA:24,0
DA:25,0
DA:29,0
DA:30,0
DA:31,0
DA:40,0
DA:41,0
DA:42,0
DA:45,0
DA:46,0
DA:48,0
DA:49,0
DA:51,0
DA:56,0
DA:57,0
DA:59,0
DA:60,0
DA:63,0
DA:64,0
DA:66,0
DA:67,0
DA:76,0
DA:77,0
DA:78,0
DA:81,0
DA:82,0
DA:83,0
DA:84,0
DA:86,0
DA:87,0
DA:92,0
DA:93,0
DA:95,0
DA:96,0
DA:101,0
DA:102,0
DA:104,0
DA:108,0
DA:112,0
LF:45
LH:0
BRDA:30,0,0,0
BRDA:38,1,0,0
BRDA:40,2,0,0
BRDA:45,3,0,0
BRDA:45,4,0,0
BRDA:46,5,0,0
BRDA:46,5,1,0
BRDA:56,6,0,0
BRDA:56,6,1,0
BRDA:56,7,0,0
BRDA:56,7,1,0
BRDA:74,8,0,0
BRDA:76,9,0,0
BRDA:84,10,0,0
BRDA:84,10,1,0
BRDA:101,11,0,0
BRF:16
BRH:0
end_of_record
TN:
SF:src\shared\upload\index.ts
FNF:0
FNH:0
DA:1,0
DA:2,0
LF:2
LH:0
BRF:0
BRH:0
end_of_record
TN:
SF:src\shared\upload\upload.module.ts
FNF:0
FNH:0
DA:1,0
DA:2,0
DA:3,0
DA:11,0
LF:4
LH:0
BRF:0
BRH:0
end_of_record
TN:
SF:src\shared\upload\upload.service.ts
FN:32,(anonymous_2)
FN:44,(anonymous_3)
FN:54,(anonymous_4)
FN:57,(anonymous_5)
FN:69,(anonymous_6)
FN:93,(anonymous_7)
FN:99,(anonymous_8)
FN:118,(anonymous_9)
FN:128,(anonymous_10)
FN:142,(anonymous_11)
FN:174,(anonymous_12)
FN:191,(anonymous_13)
FN:199,(anonymous_14)
FN:209,(anonymous_15)
FN:220,(anonymous_16)
FNF:15
FNH:0
FNDA:0,(anonymous_2)
FNDA:0,(anonymous_3)
FNDA:0,(anonymous_4)
FNDA:0,(anonymous_5)
FNDA:0,(anonymous_6)
FNDA:0,(anonymous_7)
FNDA:0,(anonymous_8)
FNDA:0,(anonymous_9)
FNDA:0,(anonymous_10)
FNDA:0,(anonymous_11)
FNDA:0,(anonymous_12)
FNDA:0,(anonymous_13)
FNDA:0,(anonymous_14)
FNDA:0,(anonymous_15)
FNDA:0,(anonymous_16)
DA:1,0
DA:2,0
DA:3,0
DA:4,0
DA:5,0
DA:6,0
DA:7,0
DA:27,0
DA:28,0
DA:32,0
DA:34,0
DA:35,0
DA:38,0
DA:39,0
DA:40,0
DA:41,0
DA:45,0
DA:46,0
DA:47,0
DA:55,0
DA:57,0
DA:58,0
DA:59,0
DA:60,0
DA:61,0
DA:62,0
DA:64,0
DA:66,0
DA:67,0
DA:69,0
DA:71,0
DA:72,0
DA:73,0
DA:74,0
DA:75,0
DA:76,0
DA:79,0
DA:83,0
DA:84,0
DA:85,0
DA:86,0
DA:87,0
DA:90,0
DA:91,0
DA:93,0
DA:94,0
DA:97,0
DA:99,0
DA:100,0
DA:102,0
DA:113,0
DA:114,0
DA:118,0
DA:119,0
DA:120,0
DA:121,0
DA:123,0
DA:124,0
DA:128,0
DA:129,0
DA:130,0
DA:131,0
DA:132,0
DA:134,0
DA:147,0
DA:148,0
DA:149,0
DA:150,0
DA:151,0
DA:153,0
DA:155,0
DA:157,0
DA:159,0
DA:175,0
DA:176,0
DA:177,0
DA:178,0
DA:179,0
DA:181,0
DA:183,0
DA:184,0
DA:192,0
DA:193,0
DA:195,0
DA:200,0
DA:201,0
DA:202,0
DA:203,0
DA:205,0
DA:211,0
DA:212,0
DA:214,0
DA:215,0
DA:217,0
DA:221,0
DA:236,0
LF:96
LH:0
BRDA:45,0,0,0
BRDA:55,1,0,0
BRDA:59,2,0,0
BRDA:59,2,1,0
BRDA:67,3,0,0
BRDA:67,3,1,0
BRDA:71,4,0,0
BRDA:71,5,0,0
BRDA:71,5,1,0
BRDA:73,6,0,0
BRDA:83,7,0,0
BRDA:90,8,0,0
BRDA:90,8,1,0
BRDA:104,9,0,0
BRDA:104,9,1,0
BRDA:120,10,0,0
BRDA:131,11,0,0
BRDA:145,12,0,0
BRDA:148,13,0,0
BRDA:148,13,1,0
BRDA:176,14,0,0
BRDA:203,15,0,0
BRDA:203,15,1,0
BRDA:211,16,0,0
BRDA:211,17,0,0
BRDA:211,17,1,0
BRDA:214,18,0,0
BRDA:214,19,0,0
BRDA:214,19,1,0
BRDA:236,20,0,0
BRDA:236,20,1,0
BRF:31
BRH:0
end_of_record
TN:
SF:src\tests\api-test.ts
FN:15,(anonymous_0)
FN:19,(anonymous_1)
FN:32,(anonymous_2)
FN:40,(anonymous_3)
FN:58,(anonymous_4)
FN:60,(anonymous_5)
FN:71,(anonymous_6)
FN:74,(anonymous_7)
FN:78,(anonymous_8)
FN:82,(anonymous_9)
FN:86,(anonymous_10)
FN:90,(anonymous_11)
FN:98,(anonymous_12)
FN:102,(anonymous_13)
FN:111,(anonymous_14)
FN:114,(anonymous_15)
FN:121,(anonymous_16)
FN:127,(anonymous_17)
FN:143,(anonymous_18)
FN:148,(anonymous_19)
FN:155,(anonymous_20)
FN:159,(anonymous_21)
FN:168,(anonymous_22)
FN:173,(anonymous_23)
FN:178,(anonymous_24)
FN:183,(anonymous_25)
FN:189,(anonymous_26)
FN:193,(anonymous_27)
FN:200,(anonymous_28)
FN:205,(anonymous_29)
FN:210,(anonymous_30)
FN:216,(anonymous_31)
FN:220,(anonymous_32)
FN:230,(anonymous_33)
FN:234,(anonymous_34)
FN:239,(anonymous_35)
FN:245,(anonymous_36)
FN:249,(anonymous_37)
FN:258,(anonymous_38)
FN:265,(anonymous_39)
FN:269,(anonymous_40)
FN:285,(anonymous_41)
FN:291,(anonymous_42)
FN:295,(anonymous_43)
FN:306,(anonymous_44)
FN:322,(anonymous_45)
FN:328,(anonymous_46)
FN:348,(anonymous_47)
FN:349,(anonymous_48)
FN:350,(anonymous_49)
FN:361,(anonymous_50)
FN:361,(anonymous_51)
FNF:52
FNH:0
FNDA:0,(anonymous_0)
FNDA:0,(anonymous_1)
FNDA:0,(anonymous_2)
FNDA:0,(anonymous_3)
FNDA:0,(anonymous_4)
FNDA:0,(anonymous_5)
FNDA:0,(anonymous_6)
FNDA:0,(anonymous_7)
FNDA:0,(anonymous_8)
FNDA:0,(anonymous_9)
FNDA:0,(anonymous_10)
FNDA:0,(anonymous_11)
FNDA:0,(anonymous_12)
FNDA:0,(anonymous_13)
FNDA:0,(anonymous_14)
FNDA:0,(anonymous_15)
FNDA:0,(anonymous_16)
FNDA:0,(anonymous_17)
FNDA:0,(anonymous_18)
FNDA:0,(anonymous_19)
FNDA:0,(anonymous_20)
FNDA:0,(anonymous_21)
FNDA:0,(anonymous_22)
FNDA:0,(anonymous_23)
FNDA:0,(anonymous_24)
FNDA:0,(anonymous_25)
FNDA:0,(anonymous_26)
FNDA:0,(anonymous_27)
FNDA:0,(anonymous_28)
FNDA:0,(anonymous_29)
FNDA:0,(anonymous_30)
FNDA:0,(anonymous_31)
FNDA:0,(anonymous_32)
FNDA:0,(anonymous_33)
FNDA:0,(anonymous_34)
FNDA:0,(anonymous_35)
FNDA:0,(anonymous_36)
FNDA:0,(anonymous_37)
FNDA:0,(anonymous_38)
FNDA:0,(anonymous_39)
FNDA:0,(anonymous_40)
FNDA:0,(anonymous_41)
FNDA:0,(anonymous_42)
FNDA:0,(anonymous_43)
FNDA:0,(anonymous_44)
FNDA:0,(anonymous_45)
FNDA:0,(anonymous_46)
FNDA:0,(anonymous_47)
FNDA:0,(anonymous_48)
FNDA:0,(anonymous_49)
FNDA:0,(anonymous_50)
FNDA:0,(anonymous_51)
DA:5,0
DA:7,0
DA:16,0
DA:17,0
DA:20,0
DA:21,0
DA:22,0
DA:25,0
DA:26,0
DA:32,0
DA:34,0
DA:36,0
DA:41,0
DA:42,0
DA:43,0
DA:44,0
DA:45,0
DA:47,0
DA:49,0
DA:50,0
DA:52,0
DA:54,0
DA:58,0
DA:61,0
DA:62,0
DA:63,0
DA:64,0
DA:66,0
DA:67,0
DA:72,0
DA:74,0
DA:75,0
DA:78,0
DA:79,0
DA:82,0
DA:83,0
DA:86,0
DA:87,0
DA:90,0
DA:91,0
DA:92,0
DA:93,0
DA:94,0
DA:99,0
DA:100,0
DA:102,0
DA:103,0
DA:104,0
DA:105,0
DA:106,0
DA:108,0
DA:111,0
DA:112,0
DA:113,0
DA:114,0
DA:115,0
DA:117,0
DA:122,0
DA:123,0
DA:125,0
DA:127,0
DA:128,0
DA:134,0
DA:135,0
DA:136,0
DA:137,0
DA:139,0
DA:140,0
DA:143,0
DA:144,0
DA:145,0
DA:148,0
DA:149,0
DA:150,0
DA:151,0
DA:156,0
DA:157,0
DA:159,0
DA:160,0
DA:161,0
DA:162,0
DA:163,0
DA:165,0
DA:168,0
DA:169,0
DA:170,0
DA:173,0
DA:174,0
DA:175,0
DA:178,0
DA:179,0
DA:180,0
DA:183,0
DA:184,0
DA:185,0
DA:190,0
DA:191,0
DA:193,0
DA:194,0
DA:197,0
DA:200,0
DA:201,0
DA:202,0
DA:205,0
DA:206,0
DA:207,0
DA:210,0
DA:211,0
DA:212,0
DA:217,0
DA:218,0
DA:220,0
DA:221,0
DA:222,0
DA:223,0
DA:224,0
DA:226,0
DA:231,0
DA:232,0
DA:234,0
DA:235,0
DA:236,0
DA:239,0
DA:240,0
DA:241,0
DA:246,0
DA:247,0
DA:249,0
DA:250,0
DA:251,0
DA:252,0
DA:253,0
DA:255,0
DA:258,0
DA:259,0
DA:260,0
DA:266,0
DA:267,0
DA:269,0
DA:270,0
DA:277,0
DA:278,0
DA:279,0
DA:281,0
DA:282,0
DA:285,0
DA:286,0
DA:287,0
DA:292,0
DA:293,0
DA:295,0
DA:296,0
DA:297,0
DA:298,0
DA:299,0
DA:301,0
DA:304,0
DA:306,0
DA:307,0
DA:314,0
DA:315,0
DA:316,0
DA:318,0
DA:319,0
DA:322,0
DA:323,0
DA:324,0
DA:329,0
DA:330,0
DA:331,0
DA:332,0
DA:334,0
DA:335,0
DA:336,0
DA:337,0
DA:338,0
DA:339,0
DA:340,0
DA:341,0
DA:342,0
DA:343,0
DA:345,0
DA:349,0
DA:350,0
DA:351,0
DA:353,0
DA:354,0
DA:355,0
DA:356,0
DA:357,0
DA:359,0
DA:360,0
DA:361,0
DA:362,0
DA:366,0
DA:370,0
DA:371,0
LF:197
LH:0
BRDA:7,0,0,0
BRDA:7,0,1,0
BRDA:21,1,0,0
BRDA:43,2,0,0
BRDA:43,3,0,0
BRDA:43,3,1,0
BRDA:49,4,0,0
BRDA:49,4,1,0
BRDA:49,5,0,0
BRDA:49,5,1,0
BRDA:49,6,0,0
BRDA:49,6,1,0
BRDA:52,7,0,0
BRDA:52,7,1,0
BRDA:52,8,0,0
BRDA:52,8,1,0
BRDA:52,9,0,0
BRDA:52,9,1,0
BRDA:64,10,0,0
BRDA:64,10,1,0
BRDA:104,11,0,0
BRDA:104,12,0,0
BRDA:104,12,1,0
BRDA:113,13,0,0
BRDA:115,14,0,0
BRDA:115,14,1,0
BRDA:134,15,0,0
BRDA:134,16,0,0
BRDA:134,16,1,0
BRDA:139,17,0,0
BRDA:139,17,1,0
BRDA:139,18,0,0
BRDA:139,18,1,0
BRDA:149,19,0,0
BRDA:161,20,0,0
BRDA:162,21,0,0
BRDA:162,21,1,0
BRDA:222,22,0,0
BRDA:223,23,0,0
BRDA:223,23,1,0
BRDA:223,24,0,0
BRDA:223,24,1,0
BRDA:223,25,0,0
BRDA:223,25,1,0
BRDA:251,26,0,0
BRDA:252,27,0,0
BRDA:252,27,1,0
BRDA:252,28,0,0
BRDA:252,28,1,0
BRDA:252,29,0,0
BRDA:252,29,1,0
BRDA:277,30,0,0
BRDA:277,31,0,0
BRDA:277,31,1,0
BRDA:281,32,0,0
BRDA:281,32,1,0
BRDA:281,33,0,0
BRDA:281,33,1,0
BRDA:297,34,0,0
BRDA:298,35,0,0
BRDA:298,35,1,0
BRDA:298,36,0,0
BRDA:298,36,1,0
BRDA:298,37,0,0
BRDA:298,37,1,0
BRDA:314,38,0,0
BRDA:314,39,0,0
BRDA:314,39,1,0
BRDA:318,40,0,0
BRDA:318,40,1,0
BRDA:318,41,0,0
BRDA:318,41,1,0
BRDA:359,42,0,0
BRDA:362,43,0,0
BRDA:362,43,1,0
BRDA:366,44,0,0
BRDA:366,44,1,0
BRF:77
BRH:0
end_of_record
TN:
SF:src\tests\debug-test.ts
FN:8,run
FN:65,(anonymous_1)
FNF:2
FNH:0
FNDA:0,run
FNDA:0,(anonymous_1)
DA:4,0
DA:6,0
DA:9,0
DA:12,0
DA:13,0
DA:18,0
DA:19,0
DA:20,0
DA:21,0
DA:23,0
DA:25,0
DA:26,0
DA:27,0
DA:31,0
DA:32,0
DA:38,0
DA:39,0
DA:40,0
DA:41,0
DA:45,0
DA:46,0
DA:50,0
DA:51,0
DA:53,0
DA:54,0
DA:59,0
DA:60,0
DA:62,0
DA:65,0
DA:66,0
LF:30
LH:0
BRDA:21,0,0,0
BRDA:21,0,1,0
BRDA:21,1,0,0
BRDA:21,1,1,0
BRDA:25,2,0,0
BRDA:39,3,0,0
BRDA:39,3,1,0
BRDA:39,4,0,0
BRDA:39,4,1,0
BRDA:40,5,0,0
BRDA:40,6,0,0
BRDA:40,6,1,0
BRDA:40,7,0,0
BRDA:40,7,1,0
BRDA:51,8,0,0
BRDA:51,8,1,0
BRDA:51,9,0,0
BRDA:51,9,1,0
BRDA:66,10,0,0
BRDA:66,10,1,0
BRDA:66,11,0,0
BRDA:66,11,1,0
BRDA:66,12,0,0
BRDA:66,12,1,0
BRDA:66,13,0,0
BRDA:66,13,1,0
BRDA:66,14,0,0
BRDA:66,14,1,0
BRF:28
BRH:0
end_of_record
