{"D:\\iDesk-main\\apps\\frontend\\src\\features\\hardware-request\\api\\installation.api.ts": {"path":"D:\\iDesk-main\\apps\\frontend\\src\\features\\hardware-request\\api\\installation.api.ts","statementMap":{"0":{"start":{"line":20,"column":16},"end":{"line":23,"column":null}},"1":{"start":{"line":24,"column":2},"end":{"line":26,"column":null}},"2":{"start":{"line":25,"column":4},"end":{"line":25,"column":null}},"3":{"start":{"line":25,"column":41},"end":{"line":25,"column":74}},"4":{"start":{"line":27,"column":19},"end":{"line":27,"column":null}},"5":{"start":{"line":28,"column":2},"end":{"line":28,"column":null}},"6":{"start":{"line":32,"column":19},"end":{"line":32,"column":null}},"7":{"start":{"line":33,"column":2},"end":{"line":33,"column":null}},"8":{"start":{"line":37,"column":19},"end":{"line":37,"column":null}},"9":{"start":{"line":38,"column":2},"end":{"line":38,"column":null}},"10":{"start":{"line":42,"column":19},"end":{"line":42,"column":null}},"11":{"start":{"line":43,"column":2},"end":{"line":43,"column":null}},"12":{"start":{"line":47,"column":19},"end":{"line":47,"column":null}},"13":{"start":{"line":48,"column":2},"end":{"line":48,"column":null}},"14":{"start":{"line":52,"column":19},"end":{"line":52,"column":null}},"15":{"start":{"line":53,"column":2},"end":{"line":53,"column":null}}},"fnMap":{"0":{"name":"fetchCalendarEvents","decl":{"start":{"line":19,"column":22},"end":{"line":19,"column":42}},"loc":{"start":{"line":19,"column":106},"end":{"line":29,"column":null}},"line":19},"1":{"name":"(anonymous_1)","decl":{"start":{"line":25,"column":33},"end":{"line":25,"column":34}},"loc":{"start":{"line":25,"column":41},"end":{"line":25,"column":74}},"line":25},"2":{"name":"rescheduleSchedule","decl":{"start":{"line":31,"column":22},"end":{"line":31,"column":41}},"loc":{"start":{"line":31,"column":89},"end":{"line":34,"column":null}},"line":31},"3":{"name":"fetchTechnicians","decl":{"start":{"line":36,"column":22},"end":{"line":36,"column":41}},"loc":{"start":{"line":36,"column":41},"end":{"line":39,"column":null}},"line":36},"4":{"name":"fetchUnscheduledRequests","decl":{"start":{"line":41,"column":22},"end":{"line":41,"column":49}},"loc":{"start":{"line":41,"column":49},"end":{"line":44,"column":null}},"line":41},"5":{"name":"fetchMyTodaySchedules","decl":{"start":{"line":46,"column":22},"end":{"line":46,"column":46}},"loc":{"start":{"line":46,"column":46},"end":{"line":49,"column":null}},"line":46},"6":{"name":"completeInstallation","decl":{"start":{"line":51,"column":22},"end":{"line":51,"column":43}},"loc":{"start":{"line":51,"column":123},"end":{"line":54,"column":null}},"line":51}},"branchMap":{"0":{"loc":{"start":{"line":24,"column":2},"end":{"line":26,"column":null}},"type":"if","locations":[{"start":{"line":24,"column":2},"end":{"line":26,"column":null}},{"start":{},"end":{}}],"line":24}},"s":{"0":0,"1":0,"2":0,"3":0,"4":0,"5":0,"6":0,"7":0,"8":0,"9":0,"10":0,"11":0,"12":0,"13":0,"14":0,"15":0},"f":{"0":0,"1":0,"2":0,"3":0,"4":0,"5":0,"6":0},"b":{"0":[0,0]},"meta":{"lastBranch":1,"lastFunction":7,"lastStatement":16,"seen":{"f:19:22:19:42":0,"s:20:16:23:Infinity":0,"b:24:2:26:Infinity:undefined:undefined:undefined:undefined":0,"s:24:2:26:Infinity":1,"s:25:4:25:Infinity":2,"f:25:33:25:34":1,"s:25:41:25:74":3,"s:27:19:27:Infinity":4,"s:28:2:28:Infinity":5,"f:31:22:31:41":2,"s:32:19:32:Infinity":6,"s:33:2:33:Infinity":7,"f:36:22:36:41":3,"s:37:19:37:Infinity":8,"s:38:2:38:Infinity":9,"f:41:22:41:49":4,"s:42:19:42:Infinity":10,"s:43:2:43:Infinity":11,"f:46:22:46:46":5,"s:47:19:47:Infinity":12,"s:48:2:48:Infinity":13,"f:51:22:51:43":6,"s:52:19:52:Infinity":14,"s:53:2:53:Infinity":15}}}
,"D:\\iDesk-main\\apps\\frontend\\src\\features\\hardware-request\\components\\barcode\\BarcodeInputFallback.tsx": {"path":"D:\\iDesk-main\\apps\\frontend\\src\\features\\hardware-request\\components\\barcode\\BarcodeInputFallback.tsx","statementMap":{"0":{"start":{"line":9,"column":24},"end":{"line":9,"column":null}},"1":{"start":{"line":10,"column":2},"end":{"line":35,"column":null}},"2":{"start":{"line":13,"column":8},"end":{"line":13,"column":null}},"3":{"start":{"line":14,"column":24},"end":{"line":14,"column":null}},"4":{"start":{"line":15,"column":8},"end":{"line":15,"column":null}},"5":{"start":{"line":15,"column":33},"end":{"line":15,"column":null}},"6":{"start":{"line":22,"column":25},"end":{"line":22,"column":null}}},"fnMap":{"0":{"name":"BarcodeInputFallback","decl":{"start":{"line":8,"column":16},"end":{"line":8,"column":37}},"loc":{"start":{"line":8,"column":68},"end":{"line":37,"column":null}},"line":8},"1":{"name":"(anonymous_1)","decl":{"start":{"line":12,"column":16},"end":{"line":12,"column":17}},"loc":{"start":{"line":12,"column":23},"end":{"line":16,"column":null}},"line":12},"2":{"name":"(anonymous_2)","decl":{"start":{"line":22,"column":18},"end":{"line":22,"column":19}},"loc":{"start":{"line":22,"column":25},"end":{"line":22,"column":null}},"line":22}},"branchMap":{"0":{"loc":{"start":{"line":15,"column":8},"end":{"line":15,"column":null}},"type":"if","locations":[{"start":{"line":15,"column":8},"end":{"line":15,"column":null}},{"start":{},"end":{}}],"line":15},"1":{"loc":{"start":{"line":31,"column":18},"end":{"line":31,"column":null}},"type":"binary-expr","locations":[{"start":{"line":31,"column":18},"end":{"line":31,"column":30}},{"start":{"line":31,"column":30},"end":{"line":31,"column":null}}],"line":31}},"s":{"0":2,"1":2,"2":1,"3":1,"4":1,"5":1,"6":1},"f":{"0":2,"1":1,"2":1},"b":{"0":[1,0],"1":[2,2]},"meta":{"lastBranch":2,"lastFunction":3,"lastStatement":7,"seen":{"f:8:16:8:37":0,"s:9:24:9:Infinity":0,"s:10:2:35:Infinity":1,"f:12:16:12:17":1,"s:13:8:13:Infinity":2,"s:14:24:14:Infinity":3,"b:15:8:15:Infinity:undefined:undefined:undefined:undefined":0,"s:15:8:15:Infinity":4,"s:15:33:15:Infinity":5,"f:22:18:22:19":2,"s:22:25:22:Infinity":6,"b:31:18:31:30:31:30:31:Infinity":1}}}
,"D:\\iDesk-main\\apps\\frontend\\src\\features\\hardware-request\\components\\barcode\\BarcodeScannerModal.tsx": {"path":"D:\\iDesk-main\\apps\\frontend\\src\\features\\hardware-request\\components\\barcode\\BarcodeScannerModal.tsx","statementMap":{"0":{"start":{"line":12,"column":26},"end":{"line":12,"column":null}},"1":{"start":{"line":13,"column":39},"end":{"line":17,"column":null}},"2":{"start":{"line":14,"column":4},"end":{"line":14,"column":null}},"3":{"start":{"line":15,"column":4},"end":{"line":15,"column":null}},"4":{"start":{"line":16,"column":4},"end":{"line":16,"column":null}},"5":{"start":{"line":19,"column":2},"end":{"line":19,"column":null}},"6":{"start":{"line":19,"column":13},"end":{"line":19,"column":null}},"7":{"start":{"line":21,"column":2},"end":{"line":76,"column":null}},"8":{"start":{"line":28,"column":35},"end":{"line":28,"column":43}},"9":{"start":{"line":28,"column":43},"end":{"line":28,"column":54}},"10":{"start":{"line":52,"column":33},"end":{"line":52,"column":41}},"11":{"start":{"line":52,"column":41},"end":{"line":52,"column":58}},"12":{"start":{"line":63,"column":16},"end":{"line":63,"column":null}},"13":{"start":{"line":64,"column":16},"end":{"line":64,"column":null}},"14":{"start":{"line":68,"column":29},"end":{"line":68,"column":null}}},"fnMap":{"0":{"name":"BarcodeScannerModal","decl":{"start":{"line":11,"column":16},"end":{"line":11,"column":36}},"loc":{"start":{"line":11,"column":73},"end":{"line":78,"column":null}},"line":11},"1":{"name":"(anonymous_1)","decl":{"start":{"line":13,"column":61},"end":{"line":13,"column":62}},"loc":{"start":{"line":13,"column":71},"end":{"line":17,"column":3}},"line":13},"2":{"name":"(anonymous_2)","decl":{"start":{"line":28,"column":27},"end":{"line":28,"column":33}},"loc":{"start":{"line":28,"column":33},"end":{"line":28,"column":57}},"line":28},"3":{"name":"(anonymous_3)","decl":{"start":{"line":52,"column":25},"end":{"line":52,"column":31}},"loc":{"start":{"line":52,"column":31},"end":{"line":52,"column":null}},"line":52},"4":{"name":"(anonymous_4)","decl":{"start":{"line":62,"column":24},"end":{"line":62,"column":25}},"loc":{"start":{"line":62,"column":34},"end":{"line":65,"column":null}},"line":62},"5":{"name":"(anonymous_5)","decl":{"start":{"line":68,"column":23},"end":{"line":68,"column":29}},"loc":{"start":{"line":68,"column":29},"end":{"line":68,"column":null}},"line":68}},"branchMap":{"0":{"loc":{"start":{"line":19,"column":2},"end":{"line":19,"column":null}},"type":"if","locations":[{"start":{"line":19,"column":2},"end":{"line":19,"column":null}},{"start":{},"end":{}}],"line":19},"1":{"loc":{"start":{"line":33,"column":9},"end":{"line":73,"column":null}},"type":"cond-expr","locations":[{"start":{"line":34,"column":10},"end":{"line":58,"column":null}},{"start":{"line":60,"column":10},"end":{"line":73,"column":null}}],"line":33},"2":{"loc":{"start":{"line":38,"column":13},"end":{"line":39,"column":null}},"type":"binary-expr","locations":[{"start":{"line":38,"column":13},"end":{"line":38,"column":null}},{"start":{"line":39,"column":14},"end":{"line":39,"column":null}}],"line":38},"3":{"loc":{"start":{"line":42,"column":15},"end":{"line":49,"column":null}},"type":"cond-expr","locations":[{"start":{"line":43,"column":16},"end":{"line":45,"column":null}},{"start":{"line":47,"column":16},"end":{"line":49,"column":null}}],"line":42}},"s":{"0":2,"1":2,"2":0,"3":0,"4":0,"5":2,"6":0,"7":2,"8":0,"9":0,"10":1,"11":1,"12":1,"13":1,"14":0},"f":{"0":2,"1":0,"2":0,"3":1,"4":1,"5":0},"b":{"0":[0,2],"1":[1,1],"2":[1,0],"3":[1,0]},"meta":{"lastBranch":4,"lastFunction":6,"lastStatement":15,"seen":{"f:11:16:11:36":0,"s:12:26:12:Infinity":0,"s:13:39:17:Infinity":1,"f:13:61:13:62":1,"s:14:4:14:Infinity":2,"s:15:4:15:Infinity":3,"s:16:4:16:Infinity":4,"b:19:2:19:Infinity:undefined:undefined:undefined:undefined":0,"s:19:2:19:Infinity":5,"s:19:13:19:Infinity":6,"s:21:2:76:Infinity":7,"f:28:27:28:33":2,"s:28:35:28:43":8,"s:28:43:28:54":9,"b:34:10:58:Infinity:60:10:73:Infinity":1,"b:38:13:38:Infinity:39:14:39:Infinity":2,"b:43:16:45:Infinity:47:16:49:Infinity":3,"f:52:25:52:31":3,"s:52:33:52:41":10,"s:52:41:52:58":11,"f:62:24:62:25":4,"s:63:16:63:Infinity":12,"s:64:16:64:Infinity":13,"f:68:23:68:29":5,"s:68:29:68:Infinity":14}}}
,"D:\\iDesk-main\\apps\\frontend\\src\\features\\hardware-request\\components\\catalog\\RequiredFieldsBuilder.tsx": {"path":"D:\\iDesk-main\\apps\\frontend\\src\\features\\hardware-request\\components\\catalog\\RequiredFieldsBuilder.tsx","statementMap":{"0":{"start":{"line":17,"column":24},"end":{"line":17,"column":null}},"1":{"start":{"line":18,"column":2},"end":{"line":18,"column":null}},"2":{"start":{"line":18,"column":18},"end":{"line":18,"column":35}},"3":{"start":{"line":20,"column":17},"end":{"line":24,"column":null}},"4":{"start":{"line":21,"column":17},"end":{"line":21,"column":null}},"5":{"start":{"line":21,"column":38},"end":{"line":21,"column":73}},"6":{"start":{"line":22,"column":4},"end":{"line":22,"column":null}},"7":{"start":{"line":23,"column":4},"end":{"line":23,"column":null}},"8":{"start":{"line":25,"column":14},"end":{"line":29,"column":null}},"9":{"start":{"line":26,"column":17},"end":{"line":26,"column":null}},"10":{"start":{"line":27,"column":4},"end":{"line":27,"column":null}},"11":{"start":{"line":28,"column":4},"end":{"line":28,"column":null}},"12":{"start":{"line":30,"column":17},"end":{"line":34,"column":null}},"13":{"start":{"line":31,"column":17},"end":{"line":31,"column":null}},"14":{"start":{"line":31,"column":40},"end":{"line":31,"column":49}},"15":{"start":{"line":32,"column":4},"end":{"line":32,"column":null}},"16":{"start":{"line":33,"column":4},"end":{"line":33,"column":null}},"17":{"start":{"line":36,"column":2},"end":{"line":113,"column":null}},"18":{"start":{"line":39,"column":8},"end":{"line":104,"column":null}},"19":{"start":{"line":45,"column":31},"end":{"line":45,"column":null}},"20":{"start":{"line":54,"column":31},"end":{"line":54,"column":null}},"21":{"start":{"line":63,"column":31},"end":{"line":63,"column":null}},"22":{"start":{"line":75,"column":31},"end":{"line":75,"column":null}},"23":{"start":{"line":81,"column":27},"end":{"line":81,"column":null}},"24":{"start":{"line":93,"column":18},"end":{"line":98,"column":null}},"25":{"start":{"line":96,"column":34},"end":{"line":96,"column":42}}},"fnMap":{"0":{"name":"RequiredFieldsBuilder","decl":{"start":{"line":16,"column":16},"end":{"line":16,"column":38}},"loc":{"start":{"line":16,"column":66},"end":{"line":115,"column":null}},"line":16},"1":{"name":"(anonymous_1)","decl":{"start":{"line":18,"column":12},"end":{"line":18,"column":18}},"loc":{"start":{"line":18,"column":18},"end":{"line":18,"column":35}},"line":18},"2":{"name":"(anonymous_2)","decl":{"start":{"line":20,"column":17},"end":{"line":20,"column":18}},"loc":{"start":{"line":20,"column":65},"end":{"line":24,"column":null}},"line":20},"3":{"name":"(anonymous_3)","decl":{"start":{"line":21,"column":27},"end":{"line":21,"column":28}},"loc":{"start":{"line":21,"column":38},"end":{"line":21,"column":73}},"line":21},"4":{"name":"(anonymous_4)","decl":{"start":{"line":25,"column":14},"end":{"line":25,"column":20}},"loc":{"start":{"line":25,"column":20},"end":{"line":29,"column":null}},"line":25},"5":{"name":"(anonymous_5)","decl":{"start":{"line":30,"column":17},"end":{"line":30,"column":18}},"loc":{"start":{"line":30,"column":34},"end":{"line":34,"column":null}},"line":30},"6":{"name":"(anonymous_6)","decl":{"start":{"line":31,"column":30},"end":{"line":31,"column":31}},"loc":{"start":{"line":31,"column":40},"end":{"line":31,"column":49}},"line":31},"7":{"name":"(anonymous_7)","decl":{"start":{"line":38,"column":17},"end":{"line":38,"column":18}},"loc":{"start":{"line":39,"column":8},"end":{"line":104,"column":null}},"line":39},"8":{"name":"(anonymous_8)","decl":{"start":{"line":45,"column":24},"end":{"line":45,"column":25}},"loc":{"start":{"line":45,"column":31},"end":{"line":45,"column":null}},"line":45},"9":{"name":"(anonymous_9)","decl":{"start":{"line":54,"column":24},"end":{"line":54,"column":25}},"loc":{"start":{"line":54,"column":31},"end":{"line":54,"column":null}},"line":54},"10":{"name":"(anonymous_10)","decl":{"start":{"line":63,"column":24},"end":{"line":63,"column":25}},"loc":{"start":{"line":63,"column":31},"end":{"line":63,"column":null}},"line":63},"11":{"name":"(anonymous_11)","decl":{"start":{"line":75,"column":24},"end":{"line":75,"column":25}},"loc":{"start":{"line":75,"column":31},"end":{"line":75,"column":null}},"line":75},"12":{"name":"(anonymous_12)","decl":{"start":{"line":81,"column":21},"end":{"line":81,"column":27}},"loc":{"start":{"line":81,"column":27},"end":{"line":81,"column":null}},"line":81},"13":{"name":"(anonymous_13)","decl":{"start":{"line":92,"column":26},"end":{"line":92,"column":27}},"loc":{"start":{"line":93,"column":18},"end":{"line":98,"column":null}},"line":93},"14":{"name":"(anonymous_14)","decl":{"start":{"line":96,"column":27},"end":{"line":96,"column":28}},"loc":{"start":{"line":96,"column":34},"end":{"line":96,"column":42}},"line":96}},"branchMap":{"0":{"loc":{"start":{"line":21,"column":38},"end":{"line":21,"column":73}},"type":"cond-expr","locations":[{"start":{"line":21,"column":50},"end":{"line":21,"column":71}},{"start":{"line":21,"column":71},"end":{"line":21,"column":73}}],"line":21},"1":{"loc":{"start":{"line":86,"column":11},"end":{"line":102,"column":null}},"type":"binary-expr","locations":[{"start":{"line":86,"column":11},"end":{"line":86,"column":null}},{"start":{"line":87,"column":12},"end":{"line":102,"column":null}}],"line":86},"2":{"loc":{"start":{"line":91,"column":24},"end":{"line":91,"column":41}},"type":"binary-expr","locations":[{"start":{"line":91,"column":24},"end":{"line":91,"column":37}},{"start":{"line":91,"column":37},"end":{"line":91,"column":41}}],"line":91}},"s":{"0":5,"1":5,"2":1,"3":5,"4":2,"5":2,"6":2,"7":2,"8":5,"9":1,"10":1,"11":1,"12":5,"13":0,"14":0,"15":0,"16":0,"17":5,"18":4,"19":1,"20":1,"21":0,"22":0,"23":0,"24":0,"25":0},"f":{"0":5,"1":1,"2":2,"3":2,"4":1,"5":0,"6":0,"7":4,"8":1,"9":1,"10":0,"11":0,"12":0,"13":0,"14":0},"b":{"0":[2,0],"1":[4,0],"2":[0,0]},"meta":{"lastBranch":3,"lastFunction":15,"lastStatement":26,"seen":{"f:16:16:16:38":0,"s:17:24:17:Infinity":0,"s:18:2:18:Infinity":1,"f:18:12:18:18":1,"s:18:18:18:35":2,"s:20:17:24:Infinity":3,"f:20:17:20:18":2,"s:21:17:21:Infinity":4,"f:21:27:21:28":3,"s:21:38:21:73":5,"b:21:50:21:71:21:71:21:73":0,"s:22:4:22:Infinity":6,"s:23:4:23:Infinity":7,"s:25:14:29:Infinity":8,"f:25:14:25:20":4,"s:26:17:26:Infinity":9,"s:27:4:27:Infinity":10,"s:28:4:28:Infinity":11,"s:30:17:34:Infinity":12,"f:30:17:30:18":5,"s:31:17:31:Infinity":13,"f:31:30:31:31":6,"s:31:40:31:49":14,"s:32:4:32:Infinity":15,"s:33:4:33:Infinity":16,"s:36:2:113:Infinity":17,"f:38:17:38:18":7,"s:39:8:104:Infinity":18,"f:45:24:45:25":8,"s:45:31:45:Infinity":19,"f:54:24:54:25":9,"s:54:31:54:Infinity":20,"f:63:24:63:25":10,"s:63:31:63:Infinity":21,"f:75:24:75:25":11,"s:75:31:75:Infinity":22,"f:81:21:81:27":12,"s:81:27:81:Infinity":23,"b:86:11:86:Infinity:87:12:102:Infinity":1,"b:91:24:91:37:91:37:91:41":2,"f:92:26:92:27":13,"s:93:18:98:Infinity":24,"f:96:27:96:28":14,"s:96:34:96:42":25}}}
,"D:\\iDesk-main\\apps\\frontend\\src\\features\\hardware-request\\components\\common\\StatusPipeline.tsx": {"path":"D:\\iDesk-main\\apps\\frontend\\src\\features\\hardware-request\\components\\common\\StatusPipeline.tsx","statementMap":{"0":{"start":{"line":7,"column":24},"end":{"line":7,"column":null}},"1":{"start":{"line":8,"column":16},"end":{"line":8,"column":null}},"2":{"start":{"line":10,"column":4},"end":{"line":58,"column":null}},"3":{"start":{"line":19,"column":33},"end":{"line":19,"column":null}},"4":{"start":{"line":20,"column":35},"end":{"line":20,"column":null}},"5":{"start":{"line":21,"column":33},"end":{"line":21,"column":null}},"6":{"start":{"line":22,"column":20},"end":{"line":54,"column":null}}},"fnMap":{"0":{"name":"StatusPipeline","decl":{"start":{"line":6,"column":16},"end":{"line":6,"column":31}},"loc":{"start":{"line":6,"column":72},"end":{"line":60,"column":null}},"line":6},"1":{"name":"(anonymous_1)","decl":{"start":{"line":18,"column":38},"end":{"line":18,"column":39}},"loc":{"start":{"line":18,"column":51},"end":{"line":56,"column":17}},"line":18}},"branchMap":{"0":{"loc":{"start":{"line":7,"column":24},"end":{"line":7,"column":null}},"type":"binary-expr","locations":[{"start":{"line":7,"column":24},"end":{"line":7,"column":50}},{"start":{"line":7,"column":50},"end":{"line":7,"column":null}}],"line":7},"1":{"loc":{"start":{"line":12,"column":13},"end":{"line":15,"column":null}},"type":"binary-expr","locations":[{"start":{"line":12,"column":13},"end":{"line":12,"column":null}},{"start":{"line":13,"column":16},"end":{"line":15,"column":null}}],"line":12},"2":{"loc":{"start":{"line":19,"column":33},"end":{"line":19,"column":null}},"type":"binary-expr","locations":[{"start":{"line":19,"column":33},"end":{"line":19,"column":49}},{"start":{"line":19,"column":49},"end":{"line":19,"column":null}}],"line":19},"3":{"loc":{"start":{"line":20,"column":35},"end":{"line":20,"column":null}},"type":"binary-expr","locations":[{"start":{"line":20,"column":35},"end":{"line":20,"column":48}},{"start":{"line":20,"column":48},"end":{"line":20,"column":null}}],"line":20},"4":{"loc":{"start":{"line":27,"column":52},"end":{"line":27,"column":79}},"type":"cond-expr","locations":[{"start":{"line":27,"column":69},"end":{"line":27,"column":73}},{"start":{"line":27,"column":73},"end":{"line":27,"column":79}}],"line":27},"5":{"loc":{"start":{"line":27,"column":52},"end":{"line":27,"column":69}},"type":"binary-expr","locations":[{"start":{"line":27,"column":52},"end":{"line":27,"column":60}},{"start":{"line":27,"column":60},"end":{"line":27,"column":69}}],"line":27},"6":{"loc":{"start":{"line":31,"column":101},"end":{"line":31,"column":130}},"type":"cond-expr","locations":[{"start":{"line":31,"column":110},"end":{"line":31,"column":128}},{"start":{"line":31,"column":128},"end":{"line":31,"column":130}}],"line":31},"7":{"loc":{"start":{"line":33,"column":52},"end":{"line":33,"column":null}},"type":"cond-expr","locations":[{"start":{"line":33,"column":59},"end":{"line":33,"column":70}},{"start":{"line":33,"column":70},"end":{"line":33,"column":null}}],"line":33},"8":{"loc":{"start":{"line":34,"column":47},"end":{"line":34,"column":null}},"type":"cond-expr","locations":[{"start":{"line":34,"column":54},"end":{"line":34,"column":63}},{"start":{"line":34,"column":63},"end":{"line":34,"column":null}}],"line":34},"9":{"loc":{"start":{"line":35,"column":76},"end":{"line":35,"column":90}},"type":"cond-expr","locations":[{"start":{"line":35,"column":83},"end":{"line":35,"column":87}},{"start":{"line":35,"column":87},"end":{"line":35,"column":90}}],"line":35},"10":{"loc":{"start":{"line":37,"column":50},"end":{"line":37,"column":null}},"type":"cond-expr","locations":[{"start":{"line":37,"column":59},"end":{"line":37,"column":68}},{"start":{"line":37,"column":68},"end":{"line":37,"column":null}}],"line":37},"11":{"loc":{"start":{"line":39,"column":37},"end":{"line":39,"column":null}},"type":"cond-expr","locations":[{"start":{"line":39,"column":44},"end":{"line":39,"column":75}},{"start":{"line":39,"column":75},"end":{"line":39,"column":null}}],"line":39},"12":{"loc":{"start":{"line":43,"column":29},"end":{"line":52,"column":null}},"type":"binary-expr","locations":[{"start":{"line":43,"column":29},"end":{"line":43,"column":null}},{"start":{"line":44,"column":32},"end":{"line":52,"column":null}}],"line":43},"13":{"loc":{"start":{"line":49,"column":58},"end":{"line":49,"column":90}},"type":"cond-expr","locations":[{"start":{"line":49,"column":76},"end":{"line":49,"column":85}},{"start":{"line":49,"column":85},"end":{"line":49,"column":90}}],"line":49},"14":{"loc":{"start":{"line":49,"column":58},"end":{"line":49,"column":76}},"type":"binary-expr","locations":[{"start":{"line":49,"column":58},"end":{"line":49,"column":66}},{"start":{"line":49,"column":66},"end":{"line":49,"column":76}}],"line":49}},"s":{"0":1,"1":1,"2":1,"3":6,"4":6,"5":6,"6":6},"f":{"0":1,"1":6},"b":{"0":[1,1],"1":[1,0],"2":[6,6],"3":[6,1],"4":[3,3],"5":[6,3],"6":[1,5],"7":[3,3],"8":[3,3],"9":[3,3],"10":[1,5],"11":[3,3],"12":[6,5],"13":[2,3],"14":[5,3]},"meta":{"lastBranch":15,"lastFunction":2,"lastStatement":7,"seen":{"f:6:16:6:31":0,"s:7:24:7:Infinity":0,"b:7:24:7:50:7:50:7:Infinity":0,"s:8:16:8:Infinity":1,"s:10:4:58:Infinity":2,"b:12:13:12:Infinity:13:16:15:Infinity":1,"f:18:38:18:39":1,"s:19:33:19:Infinity":3,"b:19:33:19:49:19:49:19:Infinity":2,"s:20:35:20:Infinity":4,"b:20:35:20:48:20:48:20:Infinity":3,"s:21:33:21:Infinity":5,"s:22:20:54:Infinity":6,"b:27:69:27:73:27:73:27:79":4,"b:27:52:27:60:27:60:27:69":5,"b:31:110:31:128:31:128:31:130":6,"b:33:59:33:70:33:70:33:Infinity":7,"b:34:54:34:63:34:63:34:Infinity":8,"b:35:83:35:87:35:87:35:90":9,"b:37:59:37:68:37:68:37:Infinity":10,"b:39:44:39:75:39:75:39:Infinity":11,"b:43:29:43:Infinity:44:32:52:Infinity":12,"b:49:76:49:85:49:85:49:90":13,"b:49:58:49:66:49:66:49:76":14}}}
,"D:\\iDesk-main\\apps\\frontend\\src\\features\\hardware-request\\components\\dashboard\\AgingTable.tsx": {"path":"D:\\iDesk-main\\apps\\frontend\\src\\features\\hardware-request\\components\\dashboard\\AgingTable.tsx","statementMap":{"0":{"start":{"line":10,"column":46},"end":{"line":14,"column":null}},"1":{"start":{"line":17,"column":2},"end":{"line":17,"column":null}},"2":{"start":{"line":17,"column":15},"end":{"line":17,"column":null}},"3":{"start":{"line":18,"column":2},"end":{"line":18,"column":null}},"4":{"start":{"line":18,"column":13},"end":{"line":18,"column":null}},"5":{"start":{"line":20,"column":2},"end":{"line":51,"column":null}},"6":{"start":{"line":33,"column":12},"end":{"line":47,"column":null}},"7":{"start":{"line":38,"column":18},"end":{"line":44,"column":null}}},"fnMap":{"0":{"name":"AgingTable","decl":{"start":{"line":16,"column":16},"end":{"line":16,"column":27}},"loc":{"start":{"line":16,"column":83},"end":{"line":53,"column":null}},"line":16},"1":{"name":"(anonymous_1)","decl":{"start":{"line":32,"column":20},"end":{"line":32,"column":21}},"loc":{"start":{"line":33,"column":12},"end":{"line":47,"column":null}},"line":33},"2":{"name":"(anonymous_2)","decl":{"start":{"line":37,"column":46},"end":{"line":37,"column":47}},"loc":{"start":{"line":38,"column":18},"end":{"line":44,"column":null}},"line":38}},"branchMap":{"0":{"loc":{"start":{"line":17,"column":2},"end":{"line":17,"column":null}},"type":"if","locations":[{"start":{"line":17,"column":2},"end":{"line":17,"column":null}},{"start":{},"end":{}}],"line":17},"1":{"loc":{"start":{"line":18,"column":2},"end":{"line":18,"column":null}},"type":"if","locations":[{"start":{"line":18,"column":2},"end":{"line":18,"column":null}},{"start":{},"end":{}}],"line":18},"2":{"loc":{"start":{"line":33,"column":44},"end":{"line":33,"column":null}},"type":"cond-expr","locations":[{"start":{"line":33,"column":66},"end":{"line":33,"column":81}},{"start":{"line":33,"column":81},"end":{"line":33,"column":null}}],"line":33}},"s":{"0":1,"1":1,"2":0,"3":1,"4":0,"5":1,"6":3,"7":1},"f":{"0":1,"1":3,"2":1},"b":{"0":[0,1],"1":[0,1],"2":[1,2]},"meta":{"lastBranch":3,"lastFunction":3,"lastStatement":8,"seen":{"s:10:46:14:Infinity":0,"f:16:16:16:27":0,"b:17:2:17:Infinity:undefined:undefined:undefined:undefined":0,"s:17:2:17:Infinity":1,"s:17:15:17:Infinity":2,"b:18:2:18:Infinity:undefined:undefined:undefined:undefined":1,"s:18:2:18:Infinity":3,"s:18:13:18:Infinity":4,"s:20:2:51:Infinity":5,"f:32:20:32:21":1,"s:33:12:47:Infinity":6,"b:33:66:33:81:33:81:33:Infinity":2,"f:37:46:37:47":2,"s:38:18:44:Infinity":7}}}
,"D:\\iDesk-main\\apps\\frontend\\src\\features\\hardware-request\\components\\detail\\RejectDialog.tsx": {"path":"D:\\iDesk-main\\apps\\frontend\\src\\features\\hardware-request\\components\\detail\\RejectDialog.tsx","statementMap":{"0":{"start":{"line":5,"column":28},"end":{"line":5,"column":null}},"1":{"start":{"line":7,"column":4},"end":{"line":30,"column":null}},"2":{"start":{"line":19,"column":73},"end":{"line":19,"column":null}},"3":{"start":{"line":23,"column":53},"end":{"line":23,"column":72}},"4":{"start":{"line":23,"column":72},"end":{"line":23,"column":83}}},"fnMap":{"0":{"name":"RejectDialog","decl":{"start":{"line":4,"column":16},"end":{"line":4,"column":29}},"loc":{"start":{"line":4,"column":136},"end":{"line":32,"column":null}},"line":4},"1":{"name":"(anonymous_1)","decl":{"start":{"line":19,"column":68},"end":{"line":19,"column":73}},"loc":{"start":{"line":19,"column":73},"end":{"line":19,"column":null}},"line":19},"2":{"name":"(anonymous_2)","decl":{"start":{"line":23,"column":45},"end":{"line":23,"column":51}},"loc":{"start":{"line":23,"column":51},"end":{"line":23,"column":null}},"line":23}},"branchMap":{"0":{"loc":{"start":{"line":9,"column":13},"end":{"line":28,"column":null}},"type":"binary-expr","locations":[{"start":{"line":9,"column":13},"end":{"line":9,"column":null}},{"start":{"line":10,"column":16},"end":{"line":28,"column":null}}],"line":9}},"s":{"0":2,"1":2,"2":1,"3":0,"4":0},"f":{"0":2,"1":1,"2":0},"b":{"0":[2,2]},"meta":{"lastBranch":1,"lastFunction":3,"lastStatement":5,"seen":{"f:4:16:4:29":0,"s:5:28:5:Infinity":0,"s:7:4:30:Infinity":1,"b:9:13:9:Infinity:10:16:28:Infinity":0,"f:19:68:19:73":1,"s:19:73:19:Infinity":2,"f:23:45:23:51":2,"s:23:53:23:72":3,"s:23:72:23:83":4}}}
,"D:\\iDesk-main\\apps\\frontend\\src\\features\\hardware-request\\hooks\\useInstallationCalendar.ts": {"path":"D:\\iDesk-main\\apps\\frontend\\src\\features\\hardware-request\\hooks\\useInstallationCalendar.ts","statementMap":{"0":{"start":{"line":5,"column":8},"end":{"line":5,"column":null}},"1":{"start":{"line":6,"column":8},"end":{"line":10,"column":null}},"2":{"start":{"line":8,"column":13},"end":{"line":8,"column":null}},"3":{"start":{"line":12,"column":8},"end":{"line":19,"column":null}},"4":{"start":{"line":13,"column":39},"end":{"line":14,"column":null}},"5":{"start":{"line":16,"column":6},"end":{"line":16,"column":null}},"6":{"start":{"line":17,"column":6},"end":{"line":17,"column":null}},"7":{"start":{"line":21,"column":2},"end":{"line":21,"column":null}}},"fnMap":{"0":{"name":"useInstallationCalendar","decl":{"start":{"line":4,"column":16},"end":{"line":4,"column":40}},"loc":{"start":{"line":4,"column":103},"end":{"line":22,"column":null}},"line":4},"1":{"name":"(anonymous_1)","decl":{"start":{"line":8,"column":13},"end":{"line":8,"column":19}},"loc":{"start":{"line":8,"column":13},"end":{"line":8,"column":null}},"line":8},"2":{"name":"(anonymous_2)","decl":{"start":{"line":13,"column":16},"end":{"line":13,"column":17}},"loc":{"start":{"line":13,"column":39},"end":{"line":14,"column":null}},"line":13},"3":{"name":"(anonymous_3)","decl":{"start":{"line":15,"column":15},"end":{"line":15,"column":21}},"loc":{"start":{"line":15,"column":21},"end":{"line":18,"column":null}},"line":15}},"branchMap":{"0":{"loc":{"start":{"line":21,"column":19},"end":{"line":21,"column":37}},"type":"binary-expr","locations":[{"start":{"line":21,"column":19},"end":{"line":21,"column":33}},{"start":{"line":21,"column":33},"end":{"line":21,"column":37}}],"line":21}},"s":{"0":1,"1":1,"2":2,"3":1,"4":1,"5":1,"6":1,"7":1},"f":{"0":1,"1":2,"2":1,"3":1},"b":{"0":[1,1]},"meta":{"lastBranch":1,"lastFunction":4,"lastStatement":8,"seen":{"f:4:16:4:40":0,"s:5:8:5:Infinity":0,"s:6:8:10:Infinity":1,"f:8:13:8:19":1,"s:8:13:8:Infinity":2,"s:12:8:19:Infinity":3,"f:13:16:13:17":2,"s:13:39:14:Infinity":4,"f:15:15:15:21":3,"s:16:6:16:Infinity":5,"s:17:6:17:Infinity":6,"s:21:2:21:Infinity":7,"b:21:19:21:33:21:33:21:37":0}}}
,"D:\\iDesk-main\\apps\\frontend\\src\\features\\hardware-request\\types\\index.ts": {"path":"D:\\iDesk-main\\apps\\frontend\\src\\features\\hardware-request\\types\\index.ts","statementMap":{"0":{"start":{"line":6,"column":49},"end":{"line":8,"column":null}}},"fnMap":{},"branchMap":{},"s":{"0":1},"f":{},"b":{},"meta":{"lastBranch":0,"lastFunction":0,"lastStatement":1,"seen":{"s:6:49:8:Infinity":0}}}
,"D:\\iDesk-main\\apps\\frontend\\src\\features\\hardware-request\\utils\\aging.util.ts": {"path":"D:\\iDesk-main\\apps\\frontend\\src\\features\\hardware-request\\utils\\aging.util.ts","statementMap":{"0":{"start":{"line":1,"column":12},"end":{"line":1,"column":null}},"1":{"start":{"line":2,"column":25},"end":{"line":2,"column":null}},"2":{"start":{"line":2,"column":42},"end":{"line":2,"column":null}},"3":{"start":{"line":3,"column":25},"end":{"line":4,"column":null}},"4":{"start":{"line":4,"column":4},"end":{"line":4,"column":null}}},"fnMap":{"0":{"name":"(anonymous_0)","decl":{"start":{"line":2,"column":25},"end":{"line":2,"column":26}},"loc":{"start":{"line":2,"column":42},"end":{"line":2,"column":null}},"line":2},"1":{"name":"(anonymous_1)","decl":{"start":{"line":3,"column":25},"end":{"line":3,"column":26}},"loc":{"start":{"line":4,"column":4},"end":{"line":4,"column":null}},"line":4}},"branchMap":{"0":{"loc":{"start":{"line":4,"column":4},"end":{"line":4,"column":null}},"type":"cond-expr","locations":[{"start":{"line":4,"column":15},"end":{"line":4,"column":23}},{"start":{"line":4,"column":23},"end":{"line":4,"column":null}}],"line":4},"1":{"loc":{"start":{"line":4,"column":23},"end":{"line":4,"column":null}},"type":"cond-expr","locations":[{"start":{"line":4,"column":34},"end":{"line":4,"column":45}},{"start":{"line":4,"column":45},"end":{"line":4,"column":null}}],"line":4}},"s":{"0":1,"1":1,"2":0,"3":1,"4":3},"f":{"0":0,"1":3},"b":{"0":[1,2],"1":[1,1]},"meta":{"lastBranch":2,"lastFunction":2,"lastStatement":5,"seen":{"s:1:12:1:Infinity":0,"s:2:25:2:Infinity":1,"f:2:25:2:26":0,"s:2:42:2:Infinity":2,"s:3:25:4:Infinity":3,"f:3:25:3:26":1,"s:4:4:4:Infinity":4,"b:4:15:4:23:4:23:4:Infinity":0,"b:4:34:4:45:4:45:4:Infinity":1}}}
,"D:\\iDesk-main\\apps\\frontend\\src\\features\\hardware-request\\utils\\status.util.ts": {"path":"D:\\iDesk-main\\apps\\frontend\\src\\features\\hardware-request\\utils\\status.util.ts","statementMap":{"0":{"start":{"line":3,"column":96},"end":{"line":13,"column":null}},"1":{"start":{"line":15,"column":26},"end":{"line":15,"column":null}},"2":{"start":{"line":15,"column":48},"end":{"line":15,"column":null}}},"fnMap":{"0":{"name":"(anonymous_0)","decl":{"start":{"line":15,"column":26},"end":{"line":15,"column":27}},"loc":{"start":{"line":15,"column":48},"end":{"line":15,"column":null}},"line":15}},"branchMap":{"0":{"loc":{"start":{"line":15,"column":48},"end":{"line":15,"column":null}},"type":"binary-expr","locations":[{"start":{"line":15,"column":48},"end":{"line":15,"column":69}},{"start":{"line":15,"column":69},"end":{"line":15,"column":89}},{"start":{"line":15,"column":89},"end":{"line":15,"column":null}}],"line":15}},"s":{"0":1,"1":1,"2":1},"f":{"0":1},"b":{"0":[1,1,1]},"meta":{"lastBranch":1,"lastFunction":1,"lastStatement":3,"seen":{"s:3:96:13:Infinity":0,"s:15:26:15:Infinity":1,"f:15:26:15:27":0,"s:15:48:15:Infinity":2,"b:15:48:15:69:15:69:15:89:15:89:15:Infinity":0}}}
,"D:\\iDesk-main\\apps\\frontend\\src\\lib\\api.ts": {"path":"D:\\iDesk-main\\apps\\frontend\\src\\lib\\api.ts","statementMap":{"0":{"start":{"line":7,"column":26},"end":{"line":9,"column":null}},"1":{"start":{"line":8,"column":4},"end":{"line":8,"column":null}},"2":{"start":{"line":11,"column":12},"end":{"line":15,"column":null}},"3":{"start":{"line":18,"column":0},"end":{"line":29,"column":null}},"4":{"start":{"line":22,"column":8},"end":{"line":23,"column":null}},"5":{"start":{"line":25,"column":8},"end":{"line":27,"column":null}},"6":{"start":{"line":26,"column":12},"end":{"line":26,"column":null}},"7":{"start":{"line":32,"column":0},"end":{"line":67,"column":null}},"8":{"start":{"line":35,"column":26},"end":{"line":35,"column":null}},"9":{"start":{"line":36,"column":8},"end":{"line":36,"column":null}},"10":{"start":{"line":37,"column":9},"end":{"line":37,"column":null}},"11":{"start":{"line":43,"column":37},"end":{"line":43,"column":null}},"12":{"start":{"line":44,"column":23},"end":{"line":44,"column":null}},"13":{"start":{"line":46,"column":8},"end":{"line":52,"column":null}},"14":{"start":{"line":48,"column":30},"end":{"line":48,"column":null}},"15":{"start":{"line":49,"column":12},"end":{"line":51,"column":null}},"16":{"start":{"line":50,"column":16},"end":{"line":50,"column":null}},"17":{"start":{"line":55,"column":8},"end":{"line":60,"column":null}},"18":{"start":{"line":56,"column":12},"end":{"line":56,"column":null}},"19":{"start":{"line":57,"column":12},"end":{"line":57,"column":null}},"20":{"start":{"line":57,"column":31},"end":{"line":57,"column":null}},"21":{"start":{"line":58,"column":12},"end":{"line":58,"column":null}},"22":{"start":{"line":58,"column":67},"end":{"line":58,"column":null}},"23":{"start":{"line":59,"column":12},"end":{"line":59,"column":null}},"24":{"start":{"line":62,"column":8},"end":{"line":62,"column":null}},"25":{"start":{"line":65,"column":8},"end":{"line":65,"column":null}},"26":{"start":{"line":73,"column":20},"end":{"line":73,"column":null}},"27":{"start":{"line":74,"column":4},"end":{"line":79,"column":null}},"28":{"start":{"line":75,"column":30},"end":{"line":75,"column":null}},"29":{"start":{"line":76,"column":8},"end":{"line":78,"column":null}},"30":{"start":{"line":77,"column":12},"end":{"line":77,"column":null}},"31":{"start":{"line":80,"column":4},"end":{"line":80,"column":null}},"32":{"start":{"line":84,"column":19},"end":{"line":84,"column":null}},"33":{"start":{"line":85,"column":97},"end":{"line":85,"column":null}},"34":{"start":{"line":87,"column":21},"end":{"line":96,"column":null}},"35":{"start":{"line":88,"column":4},"end":{"line":94,"column":null}},"36":{"start":{"line":89,"column":8},"end":{"line":93,"column":null}},"37":{"start":{"line":90,"column":12},"end":{"line":90,"column":null}},"38":{"start":{"line":92,"column":12},"end":{"line":92,"column":null}},"39":{"start":{"line":95,"column":4},"end":{"line":95,"column":null}},"40":{"start":{"line":99,"column":0},"end":{"line":186,"column":null}},"41":{"start":{"line":102,"column":8},"end":{"line":104,"column":null}},"42":{"start":{"line":103,"column":12},"end":{"line":103,"column":null}},"43":{"start":{"line":105,"column":8},"end":{"line":105,"column":null}},"44":{"start":{"line":108,"column":32},"end":{"line":108,"column":null}},"45":{"start":{"line":109,"column":29},"end":{"line":109,"column":null}},"46":{"start":{"line":112,"column":8},"end":{"line":114,"column":null}},"47":{"start":{"line":113,"column":12},"end":{"line":113,"column":null}},"48":{"start":{"line":116,"column":31},"end":{"line":116,"column":null}},"49":{"start":{"line":117,"column":33},"end":{"line":117,"column":null}},"50":{"start":{"line":119,"column":8},"end":{"line":182,"column":null}},"51":{"start":{"line":121,"column":12},"end":{"line":152,"column":null}},"52":{"start":{"line":122,"column":16},"end":{"line":131,"column":null}},"53":{"start":{"line":124,"column":20},"end":{"line":130,"column":null}},"54":{"start":{"line":125,"column":24},"end":{"line":125,"column":null}},"55":{"start":{"line":127,"column":24},"end":{"line":127,"column":null}},"56":{"start":{"line":129,"column":24},"end":{"line":129,"column":null}},"57":{"start":{"line":133,"column":16},"end":{"line":133,"column":null}},"58":{"start":{"line":134,"column":16},"end":{"line":134,"column":null}},"59":{"start":{"line":136,"column":16},"end":{"line":151,"column":null}},"60":{"start":{"line":138,"column":20},"end":{"line":138,"column":null}},"61":{"start":{"line":139,"column":20},"end":{"line":139,"column":null}},"62":{"start":{"line":142,"column":20},"end":{"line":142,"column":null}},"63":{"start":{"line":144,"column":20},"end":{"line":144,"column":null}},"64":{"start":{"line":145,"column":20},"end":{"line":145,"column":null}},"65":{"start":{"line":146,"column":20},"end":{"line":146,"column":null}},"66":{"start":{"line":147,"column":20},"end":{"line":147,"column":null}},"67":{"start":{"line":148,"column":20},"end":{"line":148,"column":null}},"68":{"start":{"line":150,"column":20},"end":{"line":150,"column":null}},"69":{"start":{"line":155,"column":12},"end":{"line":160,"column":null}},"70":{"start":{"line":156,"column":16},"end":{"line":156,"column":null}},"71":{"start":{"line":157,"column":16},"end":{"line":157,"column":null}},"72":{"start":{"line":158,"column":16},"end":{"line":158,"column":null}},"73":{"start":{"line":159,"column":16},"end":{"line":159,"column":null}},"74":{"start":{"line":163,"column":12},"end":{"line":178,"column":null}},"75":{"start":{"line":165,"column":37},"end":{"line":165,"column":null}},"76":{"start":{"line":166,"column":36},"end":{"line":166,"column":null}},"77":{"start":{"line":168,"column":16},"end":{"line":171,"column":null}},"78":{"start":{"line":170,"column":20},"end":{"line":170,"column":null}},"79":{"start":{"line":174,"column":34},"end":{"line":174,"column":null}},"80":{"start":{"line":175,"column":38},"end":{"line":175,"column":null}},"81":{"start":{"line":176,"column":22},"end":{"line":176,"column":null}},"82":{"start":{"line":177,"column":16},"end":{"line":177,"column":null}},"83":{"start":{"line":179,"column":8},"end":{"line":182,"column":null}},"84":{"start":{"line":181,"column":12},"end":{"line":181,"column":null}},"85":{"start":{"line":184,"column":8},"end":{"line":184,"column":null}}},"fnMap":{"0":{"name":"(anonymous_0)","decl":{"start":{"line":7,"column":26},"end":{"line":7,"column":40}},"loc":{"start":{"line":7,"column":40},"end":{"line":9,"column":null}},"line":7},"1":{"name":"(anonymous_1)","decl":{"start":{"line":21,"column":20},"end":{"line":21,"column":21}},"loc":{"start":{"line":22,"column":8},"end":{"line":23,"column":null}},"line":22},"2":{"name":"(anonymous_2)","decl":{"start":{"line":24,"column":13},"end":{"line":24,"column":14}},"loc":{"start":{"line":24,"column":36},"end":{"line":28,"column":null}},"line":24},"3":{"name":"(anonymous_3)","decl":{"start":{"line":33,"column":4},"end":{"line":33,"column":5}},"loc":{"start":{"line":33,"column":16},"end":{"line":63,"column":null}},"line":33},"4":{"name":"(anonymous_4)","decl":{"start":{"line":64,"column":4},"end":{"line":64,"column":5}},"loc":{"start":{"line":64,"column":15},"end":{"line":66,"column":null}},"line":64},"5":{"name":"getCsrfTokenFromCookie","decl":{"start":{"line":72,"column":9},"end":{"line":72,"column":49}},"loc":{"start":{"line":72,"column":49},"end":{"line":81,"column":null}},"line":72},"6":{"name":"(anonymous_6)","decl":{"start":{"line":87,"column":21},"end":{"line":87,"column":22}},"loc":{"start":{"line":87,"column":51},"end":{"line":96,"column":null}},"line":87},"7":{"name":"(anonymous_7)","decl":{"start":{"line":88,"column":24},"end":{"line":88,"column":25}},"loc":{"start":{"line":88,"column":34},"end":{"line":94,"column":5}},"line":88},"8":{"name":"(anonymous_8)","decl":{"start":{"line":100,"column":4},"end":{"line":100,"column":5}},"loc":{"start":{"line":100,"column":18},"end":{"line":106,"column":null}},"line":100},"9":{"name":"(anonymous_9)","decl":{"start":{"line":107,"column":4},"end":{"line":107,"column":11}},"loc":{"start":{"line":107,"column":21},"end":{"line":185,"column":null}},"line":107},"10":{"name":"(anonymous_10)","decl":{"start":{"line":124,"column":39},"end":{"line":124,"column":48}},"loc":{"start":{"line":124,"column":65},"end":{"line":126,"column":21}},"line":124},"11":{"name":"(anonymous_11)","decl":{"start":{"line":126,"column":28},"end":{"line":126,"column":34}},"loc":{"start":{"line":126,"column":34},"end":{"line":128,"column":21}},"line":126},"12":{"name":"(anonymous_12)","decl":{"start":{"line":128,"column":29},"end":{"line":128,"column":36}},"loc":{"start":{"line":128,"column":36},"end":{"line":130,"column":21}},"line":128}},"branchMap":{"0":{"loc":{"start":{"line":12,"column":14},"end":{"line":12,"column":73}},"type":"binary-expr","locations":[{"start":{"line":12,"column":14},"end":{"line":12,"column":46}},{"start":{"line":12,"column":46},"end":{"line":12,"column":73}}],"line":12},"1":{"loc":{"start":{"line":22,"column":8},"end":{"line":23,"column":null}},"type":"binary-expr","locations":[{"start":{"line":22,"column":8},"end":{"line":22,"column":null}},{"start":{"line":23,"column":8},"end":{"line":23,"column":null}}],"line":22},"2":{"loc":{"start":{"line":25,"column":8},"end":{"line":27,"column":null}},"type":"if","locations":[{"start":{"line":25,"column":8},"end":{"line":27,"column":null}},{"start":{},"end":{}}],"line":25},"3":{"loc":{"start":{"line":46,"column":8},"end":{"line":52,"column":null}},"type":"if","locations":[{"start":{"line":46,"column":8},"end":{"line":52,"column":null}},{"start":{},"end":{}}],"line":46},"4":{"loc":{"start":{"line":46,"column":12},"end":{"line":46,"column":61}},"type":"binary-expr","locations":[{"start":{"line":46,"column":12},"end":{"line":46,"column":22}},{"start":{"line":46,"column":22},"end":{"line":46,"column":61}}],"line":46},"5":{"loc":{"start":{"line":49,"column":12},"end":{"line":51,"column":null}},"type":"if","locations":[{"start":{"line":49,"column":12},"end":{"line":51,"column":null}},{"start":{},"end":{}}],"line":49},"6":{"loc":{"start":{"line":55,"column":8},"end":{"line":60,"column":null}},"type":"if","locations":[{"start":{"line":55,"column":8},"end":{"line":60,"column":null}},{"start":{},"end":{}}],"line":55},"7":{"loc":{"start":{"line":57,"column":12},"end":{"line":57,"column":null}},"type":"if","locations":[{"start":{"line":57,"column":12},"end":{"line":57,"column":null}},{"start":{},"end":{}}],"line":57},"8":{"loc":{"start":{"line":58,"column":12},"end":{"line":58,"column":null}},"type":"if","locations":[{"start":{"line":58,"column":12},"end":{"line":58,"column":null}},{"start":{},"end":{}}],"line":58},"9":{"loc":{"start":{"line":58,"column":16},"end":{"line":58,"column":67}},"type":"binary-expr","locations":[{"start":{"line":58,"column":16},"end":{"line":58,"column":31}},{"start":{"line":58,"column":31},"end":{"line":58,"column":67}}],"line":58},"10":{"loc":{"start":{"line":76,"column":8},"end":{"line":78,"column":null}},"type":"if","locations":[{"start":{"line":76,"column":8},"end":{"line":78,"column":null}},{"start":{},"end":{}}],"line":76},"11":{"loc":{"start":{"line":89,"column":8},"end":{"line":93,"column":null}},"type":"if","locations":[{"start":{"line":89,"column":8},"end":{"line":93,"column":null}},{"start":{"line":91,"column":15},"end":{"line":93,"column":null}}],"line":89},"12":{"loc":{"start":{"line":102,"column":8},"end":{"line":104,"column":null}},"type":"if","locations":[{"start":{"line":102,"column":8},"end":{"line":104,"column":null}},{"start":{},"end":{}}],"line":102},"13":{"loc":{"start":{"line":112,"column":8},"end":{"line":114,"column":null}},"type":"if","locations":[{"start":{"line":112,"column":8},"end":{"line":114,"column":null}},{"start":{},"end":{}}],"line":112},"14":{"loc":{"start":{"line":113,"column":99},"end":{"line":113,"column":134}},"type":"binary-expr","locations":[{"start":{"line":113,"column":99},"end":{"line":113,"column":119}},{"start":{"line":113,"column":119},"end":{"line":113,"column":134}}],"line":113},"15":{"loc":{"start":{"line":119,"column":8},"end":{"line":182,"column":null}},"type":"if","locations":[{"start":{"line":119,"column":8},"end":{"line":182,"column":null}},{"start":{"line":179,"column":8},"end":{"line":182,"column":null}}],"line":119},"16":{"loc":{"start":{"line":121,"column":12},"end":{"line":152,"column":null}},"type":"if","locations":[{"start":{"line":121,"column":12},"end":{"line":152,"column":null}},{"start":{},"end":{}}],"line":121},"17":{"loc":{"start":{"line":121,"column":16},"end":{"line":121,"column":108}},"type":"binary-expr","locations":[{"start":{"line":121,"column":16},"end":{"line":121,"column":43}},{"start":{"line":121,"column":43},"end":{"line":121,"column":62}},{"start":{"line":121,"column":62},"end":{"line":121,"column":83}},{"start":{"line":121,"column":83},"end":{"line":121,"column":108}}],"line":121},"18":{"loc":{"start":{"line":122,"column":16},"end":{"line":131,"column":null}},"type":"if","locations":[{"start":{"line":122,"column":16},"end":{"line":131,"column":null}},{"start":{},"end":{}}],"line":122},"19":{"loc":{"start":{"line":155,"column":12},"end":{"line":160,"column":null}},"type":"if","locations":[{"start":{"line":155,"column":12},"end":{"line":160,"column":null}},{"start":{},"end":{}}],"line":155},"20":{"loc":{"start":{"line":155,"column":16},"end":{"line":155,"column":81}},"type":"binary-expr","locations":[{"start":{"line":155,"column":16},"end":{"line":155,"column":43}},{"start":{"line":155,"column":43},"end":{"line":155,"column":62}},{"start":{"line":155,"column":62},"end":{"line":155,"column":81}}],"line":155},"21":{"loc":{"start":{"line":163,"column":12},"end":{"line":178,"column":null}},"type":"if","locations":[{"start":{"line":163,"column":12},"end":{"line":178,"column":null}},{"start":{},"end":{}}],"line":163},"22":{"loc":{"start":{"line":168,"column":16},"end":{"line":171,"column":null}},"type":"if","locations":[{"start":{"line":168,"column":16},"end":{"line":171,"column":null}},{"start":{},"end":{}}],"line":168},"23":{"loc":{"start":{"line":168,"column":20},"end":{"line":168,"column":49}},"type":"binary-expr","locations":[{"start":{"line":168,"column":20},"end":{"line":168,"column":36}},{"start":{"line":168,"column":36},"end":{"line":168,"column":49}}],"line":168},"24":{"loc":{"start":{"line":174,"column":34},"end":{"line":174,"column":null}},"type":"binary-expr","locations":[{"start":{"line":174,"column":34},"end":{"line":174,"column":62}},{"start":{"line":174,"column":62},"end":{"line":174,"column":null}}],"line":174},"25":{"loc":{"start":{"line":179,"column":8},"end":{"line":182,"column":null}},"type":"if","locations":[{"start":{"line":179,"column":8},"end":{"line":182,"column":null}},{"start":{},"end":{}}],"line":179}},"s":{"0":1,"1":0,"2":1,"3":1,"4":0,"5":0,"6":0,"7":1,"8":0,"9":0,"10":0,"11":0,"12":0,"13":0,"14":0,"15":0,"16":0,"17":0,"18":0,"19":0,"20":0,"21":0,"22":0,"23":0,"24":0,"25":0,"26":0,"27":0,"28":0,"29":0,"30":0,"31":0,"32":1,"33":1,"34":1,"35":0,"36":0,"37":0,"38":0,"39":0,"40":1,"41":0,"42":0,"43":0,"44":0,"45":0,"46":0,"47":0,"48":0,"49":0,"50":0,"51":0,"52":0,"53":0,"54":0,"55":0,"56":0,"57":0,"58":0,"59":0,"60":0,"61":0,"62":0,"63":0,"64":0,"65":0,"66":0,"67":0,"68":0,"69":0,"70":0,"71":0,"72":0,"73":0,"74":0,"75":0,"76":0,"77":0,"78":0,"79":0,"80":0,"81":0,"82":0,"83":0,"84":0,"85":0},"f":{"0":0,"1":0,"2":0,"3":0,"4":0,"5":0,"6":0,"7":0,"8":0,"9":0,"10":0,"11":0,"12":0},"b":{"0":[1,1],"1":[0,0],"2":[0,0],"3":[0,0],"4":[0,0],"5":[0,0],"6":[0,0],"7":[0,0],"8":[0,0],"9":[0,0],"10":[0,0],"11":[0,0],"12":[0,0],"13":[0,0],"14":[0,0],"15":[0,0],"16":[0,0],"17":[0,0,0,0],"18":[0,0],"19":[0,0],"20":[0,0,0],"21":[0,0],"22":[0,0],"23":[0,0],"24":[0,0],"25":[0,0]},"meta":{"lastBranch":26,"lastFunction":13,"lastStatement":86,"seen":{"s:7:26:9:Infinity":0,"f:7:26:7:40":0,"s:8:4:8:Infinity":1,"s:11:12:15:Infinity":2,"b:12:14:12:46:12:46:12:73":0,"s:18:0:29:Infinity":3,"f:21:20:21:21":1,"s:22:8:23:Infinity":4,"b:22:8:22:Infinity:23:8:23:Infinity":1,"f:24:13:24:14":2,"b:25:8:27:Infinity:undefined:undefined:undefined:undefined":2,"s:25:8:27:Infinity":5,"s:26:12:26:Infinity":6,"s:32:0:67:Infinity":7,"f:33:4:33:5":3,"s:35:26:35:Infinity":8,"s:36:8:36:Infinity":9,"s:37:9:37:Infinity":10,"s:43:37:43:Infinity":11,"s:44:23:44:Infinity":12,"b:46:8:52:Infinity:undefined:undefined:undefined:undefined":3,"s:46:8:52:Infinity":13,"b:46:12:46:22:46:22:46:61":4,"s:48:30:48:Infinity":14,"b:49:12:51:Infinity:undefined:undefined:undefined:undefined":5,"s:49:12:51:Infinity":15,"s:50:16:50:Infinity":16,"b:55:8:60:Infinity:undefined:undefined:undefined:undefined":6,"s:55:8:60:Infinity":17,"s:56:12:56:Infinity":18,"b:57:12:57:Infinity:undefined:undefined:undefined:undefined":7,"s:57:12:57:Infinity":19,"s:57:31:57:Infinity":20,"b:58:12:58:Infinity:undefined:undefined:undefined:undefined":8,"s:58:12:58:Infinity":21,"b:58:16:58:31:58:31:58:67":9,"s:58:67:58:Infinity":22,"s:59:12:59:Infinity":23,"s:62:8:62:Infinity":24,"f:64:4:64:5":4,"s:65:8:65:Infinity":25,"f:72:9:72:49":5,"s:73:20:73:Infinity":26,"s:74:4:79:Infinity":27,"s:75:30:75:Infinity":28,"b:76:8:78:Infinity:undefined:undefined:undefined:undefined":10,"s:76:8:78:Infinity":29,"s:77:12:77:Infinity":30,"s:80:4:80:Infinity":31,"s:84:19:84:Infinity":32,"s:85:97:85:Infinity":33,"s:87:21:96:Infinity":34,"f:87:21:87:22":6,"s:88:4:94:Infinity":35,"f:88:24:88:25":7,"b:89:8:93:Infinity:91:15:93:Infinity":11,"s:89:8:93:Infinity":36,"s:90:12:90:Infinity":37,"s:92:12:92:Infinity":38,"s:95:4:95:Infinity":39,"s:99:0:186:Infinity":40,"f:100:4:100:5":8,"b:102:8:104:Infinity:undefined:undefined:undefined:undefined":12,"s:102:8:104:Infinity":41,"s:103:12:103:Infinity":42,"s:105:8:105:Infinity":43,"f:107:4:107:11":9,"s:108:32:108:Infinity":44,"s:109:29:109:Infinity":45,"b:112:8:114:Infinity:undefined:undefined:undefined:undefined":13,"s:112:8:114:Infinity":46,"s:113:12:113:Infinity":47,"b:113:99:113:119:113:119:113:134":14,"s:116:31:116:Infinity":48,"s:117:33:117:Infinity":49,"b:119:8:182:Infinity:179:8:182:Infinity":15,"s:119:8:182:Infinity":50,"b:121:12:152:Infinity:undefined:undefined:undefined:undefined":16,"s:121:12:152:Infinity":51,"b:121:16:121:43:121:43:121:62:121:62:121:83:121:83:121:108":17,"b:122:16:131:Infinity:undefined:undefined:undefined:undefined":18,"s:122:16:131:Infinity":52,"s:124:20:130:Infinity":53,"f:124:39:124:48":10,"s:125:24:125:Infinity":54,"f:126:28:126:34":11,"s:127:24:127:Infinity":55,"f:128:29:128:36":12,"s:129:24:129:Infinity":56,"s:133:16:133:Infinity":57,"s:134:16:134:Infinity":58,"s:136:16:151:Infinity":59,"s:138:20:138:Infinity":60,"s:139:20:139:Infinity":61,"s:142:20:142:Infinity":62,"s:144:20:144:Infinity":63,"s:145:20:145:Infinity":64,"s:146:20:146:Infinity":65,"s:147:20:147:Infinity":66,"s:148:20:148:Infinity":67,"s:150:20:150:Infinity":68,"b:155:12:160:Infinity:undefined:undefined:undefined:undefined":19,"s:155:12:160:Infinity":69,"b:155:16:155:43:155:43:155:62:155:62:155:81":20,"s:156:16:156:Infinity":70,"s:157:16:157:Infinity":71,"s:158:16:158:Infinity":72,"s:159:16:159:Infinity":73,"b:163:12:178:Infinity:undefined:undefined:undefined:undefined":21,"s:163:12:178:Infinity":74,"s:165:37:165:Infinity":75,"s:166:36:166:Infinity":76,"b:168:16:171:Infinity:undefined:undefined:undefined:undefined":22,"s:168:16:171:Infinity":77,"b:168:20:168:36:168:36:168:49":23,"s:170:20:170:Infinity":78,"s:174:34:174:Infinity":79,"b:174:34:174:62:174:62:174:Infinity":24,"s:175:38:175:Infinity":80,"s:176:22:176:Infinity":81,"s:177:16:177:Infinity":82,"b:179:8:182:Infinity:undefined:undefined:undefined:undefined":25,"s:179:8:182:Infinity":83,"s:181:12:181:Infinity":84,"s:184:8:184:Infinity":85}}}
,"D:\\iDesk-main\\apps\\frontend\\src\\lib\\errorMessages.ts": {"path":"D:\\iDesk-main\\apps\\frontend\\src\\lib\\errorMessages.ts","statementMap":{"0":{"start":{"line":20,"column":54},"end":{"line":141,"column":null}},"1":{"start":{"line":154,"column":4},"end":{"line":156,"column":null}},"2":{"start":{"line":155,"column":8},"end":{"line":155,"column":null}},"3":{"start":{"line":159,"column":4},"end":{"line":164,"column":null}},"4":{"start":{"line":160,"column":8},"end":{"line":162,"column":null}},"5":{"start":{"line":161,"column":12},"end":{"line":161,"column":null}},"6":{"start":{"line":163,"column":8},"end":{"line":163,"column":null}},"7":{"start":{"line":167,"column":4},"end":{"line":167,"column":null}},"8":{"start":{"line":173,"column":60},"end":{"line":185,"column":null}},"9":{"start":{"line":191,"column":22},"end":{"line":191,"column":null}},"10":{"start":{"line":192,"column":4},"end":{"line":192,"column":null}}},"fnMap":{"0":{"name":"getErrorMessage","decl":{"start":{"line":149,"column":16},"end":{"line":149,"column":null}},"loc":{"start":{"line":152,"column":10},"end":{"line":168,"column":null}},"line":152},"1":{"name":"getErrorMessageFromStatus","decl":{"start":{"line":190,"column":16},"end":{"line":190,"column":42}},"loc":{"start":{"line":190,"column":66},"end":{"line":193,"column":null}},"line":190}},"branchMap":{"0":{"loc":{"start":{"line":154,"column":4},"end":{"line":156,"column":null}},"type":"if","locations":[{"start":{"line":154,"column":4},"end":{"line":156,"column":null}},{"start":{},"end":{}}],"line":154},"1":{"loc":{"start":{"line":154,"column":8},"end":{"line":154,"column":48}},"type":"binary-expr","locations":[{"start":{"line":154,"column":8},"end":{"line":154,"column":21}},{"start":{"line":154,"column":21},"end":{"line":154,"column":48}}],"line":154},"2":{"loc":{"start":{"line":159,"column":4},"end":{"line":164,"column":null}},"type":"if","locations":[{"start":{"line":159,"column":4},"end":{"line":164,"column":null}},{"start":{},"end":{}}],"line":159},"3":{"loc":{"start":{"line":160,"column":8},"end":{"line":162,"column":null}},"type":"if","locations":[{"start":{"line":160,"column":8},"end":{"line":162,"column":null}},{"start":{},"end":{}}],"line":160},"4":{"loc":{"start":{"line":192,"column":11},"end":{"line":192,"column":null}},"type":"cond-expr","locations":[{"start":{"line":192,"column":23},"end":{"line":192,"column":86}},{"start":{"line":192,"column":86},"end":{"line":192,"column":null}}],"line":192},"5":{"loc":{"start":{"line":192,"column":23},"end":{"line":192,"column":86}},"type":"binary-expr","locations":[{"start":{"line":192,"column":23},"end":{"line":192,"column":52}},{"start":{"line":192,"column":52},"end":{"line":192,"column":86}}],"line":192}},"s":{"0":1,"1":0,"2":0,"3":0,"4":0,"5":0,"6":0,"7":0,"8":1,"9":0,"10":0},"f":{"0":0,"1":0},"b":{"0":[0,0],"1":[0,0],"2":[0,0],"3":[0,0],"4":[0,0],"5":[0,0]},"meta":{"lastBranch":6,"lastFunction":2,"lastStatement":11,"seen":{"s:20:54:141:Infinity":0,"f:149:16:149:Infinity":0,"b:154:4:156:Infinity:undefined:undefined:undefined:undefined":0,"s:154:4:156:Infinity":1,"b:154:8:154:21:154:21:154:48":1,"s:155:8:155:Infinity":2,"b:159:4:164:Infinity:undefined:undefined:undefined:undefined":2,"s:159:4:164:Infinity":3,"b:160:8:162:Infinity:undefined:undefined:undefined:undefined":3,"s:160:8:162:Infinity":4,"s:161:12:161:Infinity":5,"s:163:8:163:Infinity":6,"s:167:4:167:Infinity":7,"s:173:60:185:Infinity":8,"f:190:16:190:42":1,"s:191:22:191:Infinity":9,"s:192:4:192:Infinity":10,"b:192:23:192:86:192:86:192:Infinity":4,"b:192:23:192:52:192:52:192:86":5}}}
}
